<?xml version="1.0" encoding="UTF-8"?>
<!-- Generated by org.testng.reporters.JUnitXMLReporter -->
<testsuite ignored="1" hostname="satyam" failures="0" tests="1" name="Default test" time="27.614" errors="0" timestamp="2026-02-15T17:37:01 IST">
  <testcase classname="com.tricentis.testscript.ReviewModule" name="vrifyReviewProduct" time="23.793"/>
  <testcase classname="com.tricentis.testscript.ReviewModule" name="reviewProduct" time="0.0">
    <ignored/>
  </testcase> <!-- reviewProduct -->
</testsuite> <!-- Default test -->
