<html>
<head>
<title>TestNG:  Test</title>
<link href="../testng.css" rel="stylesheet" type="text/css" />
<link href="../my-testng.css" rel="stylesheet" type="text/css" />

<style type="text/css">
.log { display: none;} 
.stack-trace { display: none;} 
</style>
<script type="text/javascript">
<!--
function flip(e) {
  current = e.style.display;
  if (current == 'block') {
    e.style.display = 'none';
    return 0;
  }
  else {
    e.style.display = 'block';
    return 1;
  }
}

function toggleBox(szDivId, elem, msg1, msg2)
{
  var res = -1;  if (document.getElementById) {
    res = flip(document.getElementById(szDivId));
  }
  else if (document.all) {
    // this is the way old msie versions work
    res = flip(document.all[szDivId]);
  }
  if(elem) {
    if(res == 0) elem.innerHTML = msg1; else elem.innerHTML = msg2;
  }

}

function toggleAllBoxes() {
  if (document.getElementsByTagName) {
    d = document.getElementsByTagName('div');
    for (i = 0; i < d.length; i++) {
      if (d[i].className == 'log') {
        flip(d[i]);
      }
    }
  }
}

// -->
</script>

</head>
<body>
<h2 align='center'>Test</h2><table border='1' align="center">
<tr>
<td>Tests passed/Failed/Skipped:</td><td>17/4/0</td>
</tr><tr>
<td>Started on:</td><td>Sun Feb 15 17:52:26 IST 2026</td>
</tr>
<tr><td>Total time:</td><td>173 seconds (173359 ms)</td>
</tr><tr>
<td>Included groups:</td><td></td>
</tr><tr>
<td>Excluded groups:</td><td></td>
</tr>
</table><p/>
<small><i>(Hover the method name to see the test class name)</i></small><p/>
<table width='100%' border='1' class='invocation-failed'>
<tr><td colspan='4' align='center'><b>FAILED TESTS</b></td></tr>
<tr><td><b>Test method</b></td>
<td><b>Attribute(s)</b></td>
<td width="30%"><b>Exception</b></td>
<td width="10%"><b>Time (seconds)</b></td>
<td><b>Instance</b></td>
</tr>
<tr>
<td title='com.tricentis.testscript.RegisterModule.register_success()'><b>register_success</b><br>Test class: com.tricentis.testscript.RegisterModule<br>Parameters: Female, Anu, Sharma, anu_101212@test.com, Test@123, Test@123</td>
<td><div><pre>java.lang.AssertionError: expected [Your registration completed] but found [The specified email already exists]
	at com.tricentis.testscript.RegisterModule.register_success(RegisterModule.java:43)
	at java.base/java.util.ArrayList.forEach(ArrayList.java:1596)
... Removed 31 stack frames</pre></div><a href='#' onClick='toggleBox("stack-trace1836777499", this, "Click to show all stack frames", "Click to hide stack frames")'>Click to show all stack frames</a>
<div class='stack-trace' id='stack-trace1836777499'><pre>java.lang.AssertionError: expected [Your registration completed] but found [The specified email already exists]
	at org.testng.Assert.fail(Assert.java:111)
	at org.testng.Assert.failNotEquals(Assert.java:1590)
	at org.testng.Assert.assertEqualsImpl(Assert.java:150)
	at org.testng.Assert.assertEquals(Assert.java:132)
	at org.testng.Assert.assertEquals(Assert.java:656)
	at org.testng.Assert.assertEquals(Assert.java:666)
	at com.tricentis.testscript.RegisterModule.register_success(RegisterModule.java:43)
	at java.base/jdk.internal.reflect.DirectMethodHandleAccessor.invoke(DirectMethodHandleAccessor.java:103)
	at java.base/java.lang.reflect.Method.invoke(Method.java:580)
	at org.testng.internal.invokers.MethodInvocationHelper.invokeMethod(MethodInvocationHelper.java:141)
	at org.testng.internal.invokers.TestInvoker.invokeMethod(TestInvoker.java:687)
	at org.testng.internal.invokers.TestInvoker.invokeTestMethod(TestInvoker.java:230)
	at org.testng.internal.invokers.MethodRunner.runInSequence(MethodRunner.java:63)
	at org.testng.internal.invokers.TestInvoker$MethodInvocationAgent.invoke(TestInvoker.java:995)
	at org.testng.internal.invokers.TestInvoker.invokeTestMethods(TestInvoker.java:203)
	at org.testng.internal.invokers.TestMethodWorker.invokeTestMethods(TestMethodWorker.java:154)
	at org.testng.internal.invokers.TestMethodWorker.run(TestMethodWorker.java:134)
	at java.base/java.util.ArrayList.forEach(ArrayList.java:1596)
	at org.testng.TestRunner.privateRun(TestRunner.java:741)
	at org.testng.TestRunner.run(TestRunner.java:616)
	at org.testng.SuiteRunner.runTest(SuiteRunner.java:421)
	at org.testng.SuiteRunner.runSequentially(SuiteRunner.java:413)
	at org.testng.SuiteRunner.privateRun(SuiteRunner.java:373)
	at org.testng.SuiteRunner.run(SuiteRunner.java:312)
	at org.testng.SuiteRunnerWorker.runSuite(SuiteRunnerWorker.java:52)
	at org.testng.SuiteRunnerWorker.run(SuiteRunnerWorker.java:95)
	at org.testng.TestNG.runSuitesSequentially(TestNG.java:1274)
	at org.testng.TestNG.runSuitesLocally(TestNG.java:1208)
	at org.testng.TestNG.runSuites(TestNG.java:1112)
	at org.testng.TestNG.run(TestNG.java:1079)
	at org.testng.remote.AbstractRemoteTestNG.run(AbstractRemoteTestNG.java:115)
	at org.testng.remote.RemoteTestNG.initAndRun(RemoteTestNG.java:293)
	at org.testng.remote.RemoteTestNG.main(RemoteTestNG.java:91)
</pre></div></td>
<td>1</td>
<td>com.tricentis.testscript.RegisterModule@4c39bec8</td></tr>
<tr>
<td title='com.tricentis.testscript.RegisterModule.register_success()'><b>register_success</b><br>Test class: com.tricentis.testscript.RegisterModule<br>Parameters: Male, Ravi, Kumar, ravi_1023232@test.com, Test@123, Test@123</td>
<td><div><pre>org.openqa.selenium.StaleElementReferenceException: stale element reference: stale element not found
  (Session info: chrome=145.0.7632.46)
For documentation on this error, please visit: https://www.selenium.dev/documentation/webdriver/troubleshooting/errors#staleelementreferenceexception
Build info: version: &apos;4.38.0&apos;, revision: &apos;6b412e825c&apos;
System info: os.name: &apos;Windows 11&apos;, os.arch: &apos;amd64&apos;, os.version: &apos;10.0&apos;, java.version: &apos;21.0.9&apos;
Driver info: org.openqa.selenium.chrome.ChromeDriver
Command: [c066084e1ec1d2b7e9577e006b3b2a7d, getElementText {id=f.94CDAD9097986084A75DD104D6FEEFE6.d.E4568A3013939C4A1ABFAEBB254D3B62.e.42}]
Capabilities {acceptInsecureCerts: false, browserName: chrome, browserVersion: 145.0.7632.46, chrome: {chromedriverVersion: 145.0.7632.76 (ee36f024f43a..., userDataDir: C:\Users\motil\AppData\Loca...}, fedcm:accounts: true, goog:chromeOptions: {debuggerAddress: localhost:47980}, goog:processID: 25460, networkConnectionEnabled: false, pageLoadStrategy: normal, platformName: windows, proxy: Proxy(), se:cdp: ws://localhost:47980/devtoo..., se:cdpVersion: 145.0.7632.46, setWindowRect: true, strictFileInteractability: false, timeouts: {implicit: 0, pageLoad: 300000, script: 30000}, unhandledPromptBehavior: dismiss and notify, webauthn:extension:credBlob: true, webauthn:extension:largeBlob: true, webauthn:extension:minPinLength: true, webauthn:extension:prf: true, webauthn:virtualAuthenticators: true}
Element: [[ChromeDriver: chrome on windows (c066084e1ec1d2b7e9577e006b3b2a7d)] -&gt; xpath: //div[@class=&apos;page-body&apos;]/div[1]]
Session ID: c066084e1ec1d2b7e9577e006b3b2a7d
	at org.openqa.selenium.remote.ErrorCodec.decode(ErrorCodec.java:167)
	at org.openqa.selenium.remote.codec.w3c.W3CHttpResponseCodec.decode(W3CHttpResponseCodec.java:138)
	at org.openqa.selenium.remote.codec.w3c.W3CHttpResponseCodec.decode(W3CHttpResponseCodec.java:50)
	at org.openqa.selenium.remote.HttpCommandExecutor.execute(HttpCommandExecutor.java:215)
	at org.openqa.selenium.remote.service.DriverCommandExecutor.invokeExecute(DriverCommandExecutor.java:216)
	at org.openqa.selenium.remote.service.DriverCommandExecutor.execute(DriverCommandExecutor.java:174)
	at org.openqa.selenium.remote.RemoteWebDriver.execute(RemoteWebDriver.java:557)
	at org.openqa.selenium.remote.RemoteWebElement.execute(RemoteWebElement.java:223)
	at org.openqa.selenium.remote.RemoteWebElement.getText(RemoteWebElement.java:191)
	at org.openqa.selenium.support.pagefactory.internal.LocatingElementHandler.invoke(LocatingElementHandler.java:51)
	at jdk.proxy2/jdk.proxy2.$Proxy17.getText(Unknown Source)
	at com.tricentis.pom.RegisterPage.getRegisterSuccessMessage(RegisterPage.java:106)
	at com.tricentis.testscript.RegisterModule.register_success(RegisterModule.java:42)
	at java.base/java.util.ArrayList.forEach(ArrayList.java:1596)
... Removed 30 stack frames</pre></div><a href='#' onClick='toggleBox("stack-trace521611410", this, "Click to show all stack frames", "Click to hide stack frames")'>Click to show all stack frames</a>
<div class='stack-trace' id='stack-trace521611410'><pre>org.openqa.selenium.StaleElementReferenceException: stale element reference: stale element not found
  (Session info: chrome=145.0.7632.46)
For documentation on this error, please visit: https://www.selenium.dev/documentation/webdriver/troubleshooting/errors#staleelementreferenceexception
Build info: version: &apos;4.38.0&apos;, revision: &apos;6b412e825c&apos;
System info: os.name: &apos;Windows 11&apos;, os.arch: &apos;amd64&apos;, os.version: &apos;10.0&apos;, java.version: &apos;21.0.9&apos;
Driver info: org.openqa.selenium.chrome.ChromeDriver
Command: [c066084e1ec1d2b7e9577e006b3b2a7d, getElementText {id=f.94CDAD9097986084A75DD104D6FEEFE6.d.E4568A3013939C4A1ABFAEBB254D3B62.e.42}]
Capabilities {acceptInsecureCerts: false, browserName: chrome, browserVersion: 145.0.7632.46, chrome: {chromedriverVersion: 145.0.7632.76 (ee36f024f43a..., userDataDir: C:\Users\motil\AppData\Loca...}, fedcm:accounts: true, goog:chromeOptions: {debuggerAddress: localhost:47980}, goog:processID: 25460, networkConnectionEnabled: false, pageLoadStrategy: normal, platformName: windows, proxy: Proxy(), se:cdp: ws://localhost:47980/devtoo..., se:cdpVersion: 145.0.7632.46, setWindowRect: true, strictFileInteractability: false, timeouts: {implicit: 0, pageLoad: 300000, script: 30000}, unhandledPromptBehavior: dismiss and notify, webauthn:extension:credBlob: true, webauthn:extension:largeBlob: true, webauthn:extension:minPinLength: true, webauthn:extension:prf: true, webauthn:virtualAuthenticators: true}
Element: [[ChromeDriver: chrome on windows (c066084e1ec1d2b7e9577e006b3b2a7d)] -&gt; xpath: //div[@class=&apos;page-body&apos;]/div[1]]
Session ID: c066084e1ec1d2b7e9577e006b3b2a7d
	at java.base/jdk.internal.reflect.DirectConstructorHandleAccessor.newInstance(DirectConstructorHandleAccessor.java:62)
	at java.base/java.lang.reflect.Constructor.newInstanceWithCaller(Constructor.java:502)
	at java.base/java.lang.reflect.Constructor.newInstance(Constructor.java:486)
	at org.openqa.selenium.remote.ErrorCodec.decode(ErrorCodec.java:167)
	at org.openqa.selenium.remote.codec.w3c.W3CHttpResponseCodec.decode(W3CHttpResponseCodec.java:138)
	at org.openqa.selenium.remote.codec.w3c.W3CHttpResponseCodec.decode(W3CHttpResponseCodec.java:50)
	at org.openqa.selenium.remote.HttpCommandExecutor.execute(HttpCommandExecutor.java:215)
	at org.openqa.selenium.remote.service.DriverCommandExecutor.invokeExecute(DriverCommandExecutor.java:216)
	at org.openqa.selenium.remote.service.DriverCommandExecutor.execute(DriverCommandExecutor.java:174)
	at org.openqa.selenium.remote.RemoteWebDriver.execute(RemoteWebDriver.java:557)
	at org.openqa.selenium.remote.RemoteWebElement.execute(RemoteWebElement.java:223)
	at org.openqa.selenium.remote.RemoteWebElement.getText(RemoteWebElement.java:191)
	at java.base/jdk.internal.reflect.DirectMethodHandleAccessor.invoke(DirectMethodHandleAccessor.java:103)
	at java.base/java.lang.reflect.Method.invoke(Method.java:580)
	at org.openqa.selenium.support.pagefactory.internal.LocatingElementHandler.invoke(LocatingElementHandler.java:51)
	at jdk.proxy2/jdk.proxy2.$Proxy17.getText(Unknown Source)
	at com.tricentis.pom.RegisterPage.getRegisterSuccessMessage(RegisterPage.java:106)
	at com.tricentis.testscript.RegisterModule.register_success(RegisterModule.java:42)
	at java.base/jdk.internal.reflect.DirectMethodHandleAccessor.invoke(DirectMethodHandleAccessor.java:103)
	at java.base/java.lang.reflect.Method.invoke(Method.java:580)
	at org.testng.internal.invokers.MethodInvocationHelper.invokeMethod(MethodInvocationHelper.java:141)
	at org.testng.internal.invokers.TestInvoker.invokeMethod(TestInvoker.java:687)
	at org.testng.internal.invokers.TestInvoker.invokeTestMethod(TestInvoker.java:230)
	at org.testng.internal.invokers.MethodRunner.runInSequence(MethodRunner.java:63)
	at org.testng.internal.invokers.TestInvoker$MethodInvocationAgent.invoke(TestInvoker.java:995)
	at org.testng.internal.invokers.TestInvoker.invokeTestMethods(TestInvoker.java:203)
	at org.testng.internal.invokers.TestMethodWorker.invokeTestMethods(TestMethodWorker.java:154)
	at org.testng.internal.invokers.TestMethodWorker.run(TestMethodWorker.java:134)
	at java.base/java.util.ArrayList.forEach(ArrayList.java:1596)
	at org.testng.TestRunner.privateRun(TestRunner.java:741)
	at org.testng.TestRunner.run(TestRunner.java:616)
	at org.testng.SuiteRunner.runTest(SuiteRunner.java:421)
	at org.testng.SuiteRunner.runSequentially(SuiteRunner.java:413)
	at org.testng.SuiteRunner.privateRun(SuiteRunner.java:373)
	at org.testng.SuiteRunner.run(SuiteRunner.java:312)
	at org.testng.SuiteRunnerWorker.runSuite(SuiteRunnerWorker.java:52)
	at org.testng.SuiteRunnerWorker.run(SuiteRunnerWorker.java:95)
	at org.testng.TestNG.runSuitesSequentially(TestNG.java:1274)
	at org.testng.TestNG.runSuitesLocally(TestNG.java:1208)
	at org.testng.TestNG.runSuites(TestNG.java:1112)
	at org.testng.TestNG.run(TestNG.java:1079)
	at org.testng.remote.AbstractRemoteTestNG.run(AbstractRemoteTestNG.java:115)
	at org.testng.remote.RemoteTestNG.initAndRun(RemoteTestNG.java:293)
	at org.testng.remote.RemoteTestNG.main(RemoteTestNG.java:91)
</pre></div></td>
<td>1</td>
<td>com.tricentis.testscript.RegisterModule@4c39bec8</td></tr>
<tr>
<td title='com.tricentis.testscript.WishListModule.addToWishList()'><b>addToWishList</b><br>Test class: com.tricentis.testscript.WishListModule</td>
<td><div><pre>org.openqa.selenium.StaleElementReferenceException: stale element reference: stale element not found
  (Session info: chrome=145.0.7632.46)
For documentation on this error, please visit: https://www.selenium.dev/documentation/webdriver/troubleshooting/errors#staleelementreferenceexception
Build info: version: &apos;4.38.0&apos;, revision: &apos;6b412e825c&apos;
System info: os.name: &apos;Windows 11&apos;, os.arch: &apos;amd64&apos;, os.version: &apos;10.0&apos;, java.version: &apos;21.0.9&apos;
Driver info: org.openqa.selenium.chrome.ChromeDriver
Command: [af68f9cd29e8a6ab081809d3a3b6f204, clickElement {id=f.154B509CF2D22C3501A97E71071DF769.d.ED23D45FB6640E158F76D036AB06D938.e.35}]
Capabilities {acceptInsecureCerts: false, browserName: chrome, browserVersion: 145.0.7632.46, chrome: {chromedriverVersion: 145.0.7632.76 (ee36f024f43a..., userDataDir: C:\Users\motil\AppData\Loca...}, fedcm:accounts: true, goog:chromeOptions: {debuggerAddress: localhost:23443}, goog:processID: 15976, networkConnectionEnabled: false, pageLoadStrategy: normal, platformName: windows, proxy: Proxy(), se:cdp: ws://localhost:23443/devtoo..., se:cdpVersion: 145.0.7632.46, setWindowRect: true, strictFileInteractability: false, timeouts: {implicit: 0, pageLoad: 300000, script: 30000}, unhandledPromptBehavior: dismiss and notify, webauthn:extension:credBlob: true, webauthn:extension:largeBlob: true, webauthn:extension:minPinLength: true, webauthn:extension:prf: true, webauthn:virtualAuthenticators: true}
Element: [[ChromeDriver: chrome on windows (af68f9cd29e8a6ab081809d3a3b6f204)] -&gt; partial link text: Apparel &amp; Shoes]
Session ID: af68f9cd29e8a6ab081809d3a3b6f204
	at org.openqa.selenium.remote.ErrorCodec.decode(ErrorCodec.java:167)
	at org.openqa.selenium.remote.codec.w3c.W3CHttpResponseCodec.decode(W3CHttpResponseCodec.java:138)
	at org.openqa.selenium.remote.codec.w3c.W3CHttpResponseCodec.decode(W3CHttpResponseCodec.java:50)
	at org.openqa.selenium.remote.HttpCommandExecutor.execute(HttpCommandExecutor.java:215)
	at org.openqa.selenium.remote.service.DriverCommandExecutor.invokeExecute(DriverCommandExecutor.java:216)
	at org.openqa.selenium.remote.service.DriverCommandExecutor.execute(DriverCommandExecutor.java:174)
	at org.openqa.selenium.remote.RemoteWebDriver.execute(RemoteWebDriver.java:557)
	at org.openqa.selenium.remote.RemoteWebElement.execute(RemoteWebElement.java:223)
	at org.openqa.selenium.remote.RemoteWebElement.click(RemoteWebElement.java:76)
	at org.openqa.selenium.support.pagefactory.internal.LocatingElementHandler.invoke(LocatingElementHandler.java:51)
	at jdk.proxy2/jdk.proxy2.$Proxy17.click(Unknown Source)
	at com.tricentis.pom.HomePage.clickShoesLink(HomePage.java:88)
	at com.tricentis.testscript.WishListModule.addToWishList(WishListModule.java:20)
	at java.base/java.util.ArrayList.forEach(ArrayList.java:1596)
... Removed 30 stack frames</pre></div><a href='#' onClick='toggleBox("stack-trace1473313929", this, "Click to show all stack frames", "Click to hide stack frames")'>Click to show all stack frames</a>
<div class='stack-trace' id='stack-trace1473313929'><pre>org.openqa.selenium.StaleElementReferenceException: stale element reference: stale element not found
  (Session info: chrome=145.0.7632.46)
For documentation on this error, please visit: https://www.selenium.dev/documentation/webdriver/troubleshooting/errors#staleelementreferenceexception
Build info: version: &apos;4.38.0&apos;, revision: &apos;6b412e825c&apos;
System info: os.name: &apos;Windows 11&apos;, os.arch: &apos;amd64&apos;, os.version: &apos;10.0&apos;, java.version: &apos;21.0.9&apos;
Driver info: org.openqa.selenium.chrome.ChromeDriver
Command: [af68f9cd29e8a6ab081809d3a3b6f204, clickElement {id=f.154B509CF2D22C3501A97E71071DF769.d.ED23D45FB6640E158F76D036AB06D938.e.35}]
Capabilities {acceptInsecureCerts: false, browserName: chrome, browserVersion: 145.0.7632.46, chrome: {chromedriverVersion: 145.0.7632.76 (ee36f024f43a..., userDataDir: C:\Users\motil\AppData\Loca...}, fedcm:accounts: true, goog:chromeOptions: {debuggerAddress: localhost:23443}, goog:processID: 15976, networkConnectionEnabled: false, pageLoadStrategy: normal, platformName: windows, proxy: Proxy(), se:cdp: ws://localhost:23443/devtoo..., se:cdpVersion: 145.0.7632.46, setWindowRect: true, strictFileInteractability: false, timeouts: {implicit: 0, pageLoad: 300000, script: 30000}, unhandledPromptBehavior: dismiss and notify, webauthn:extension:credBlob: true, webauthn:extension:largeBlob: true, webauthn:extension:minPinLength: true, webauthn:extension:prf: true, webauthn:virtualAuthenticators: true}
Element: [[ChromeDriver: chrome on windows (af68f9cd29e8a6ab081809d3a3b6f204)] -&gt; partial link text: Apparel &amp; Shoes]
Session ID: af68f9cd29e8a6ab081809d3a3b6f204
	at java.base/jdk.internal.reflect.DirectConstructorHandleAccessor.newInstance(DirectConstructorHandleAccessor.java:62)
	at java.base/java.lang.reflect.Constructor.newInstanceWithCaller(Constructor.java:502)
	at java.base/java.lang.reflect.Constructor.newInstance(Constructor.java:486)
	at org.openqa.selenium.remote.ErrorCodec.decode(ErrorCodec.java:167)
	at org.openqa.selenium.remote.codec.w3c.W3CHttpResponseCodec.decode(W3CHttpResponseCodec.java:138)
	at org.openqa.selenium.remote.codec.w3c.W3CHttpResponseCodec.decode(W3CHttpResponseCodec.java:50)
	at org.openqa.selenium.remote.HttpCommandExecutor.execute(HttpCommandExecutor.java:215)
	at org.openqa.selenium.remote.service.DriverCommandExecutor.invokeExecute(DriverCommandExecutor.java:216)
	at org.openqa.selenium.remote.service.DriverCommandExecutor.execute(DriverCommandExecutor.java:174)
	at org.openqa.selenium.remote.RemoteWebDriver.execute(RemoteWebDriver.java:557)
	at org.openqa.selenium.remote.RemoteWebElement.execute(RemoteWebElement.java:223)
	at org.openqa.selenium.remote.RemoteWebElement.click(RemoteWebElement.java:76)
	at java.base/jdk.internal.reflect.DirectMethodHandleAccessor.invoke(DirectMethodHandleAccessor.java:103)
	at java.base/java.lang.reflect.Method.invoke(Method.java:580)
	at org.openqa.selenium.support.pagefactory.internal.LocatingElementHandler.invoke(LocatingElementHandler.java:51)
	at jdk.proxy2/jdk.proxy2.$Proxy17.click(Unknown Source)
	at com.tricentis.pom.HomePage.clickShoesLink(HomePage.java:88)
	at com.tricentis.testscript.WishListModule.addToWishList(WishListModule.java:20)
	at java.base/jdk.internal.reflect.DirectMethodHandleAccessor.invoke(DirectMethodHandleAccessor.java:103)
	at java.base/java.lang.reflect.Method.invoke(Method.java:580)
	at org.testng.internal.invokers.MethodInvocationHelper.invokeMethod(MethodInvocationHelper.java:141)
	at org.testng.internal.invokers.TestInvoker.invokeMethod(TestInvoker.java:687)
	at org.testng.internal.invokers.TestInvoker.invokeTestMethod(TestInvoker.java:230)
	at org.testng.internal.invokers.MethodRunner.runInSequence(MethodRunner.java:63)
	at org.testng.internal.invokers.TestInvoker$MethodInvocationAgent.invoke(TestInvoker.java:995)
	at org.testng.internal.invokers.TestInvoker.invokeTestMethods(TestInvoker.java:203)
	at org.testng.internal.invokers.TestMethodWorker.invokeTestMethods(TestMethodWorker.java:154)
	at org.testng.internal.invokers.TestMethodWorker.run(TestMethodWorker.java:134)
	at java.base/java.util.ArrayList.forEach(ArrayList.java:1596)
	at org.testng.TestRunner.privateRun(TestRunner.java:741)
	at org.testng.TestRunner.run(TestRunner.java:616)
	at org.testng.SuiteRunner.runTest(SuiteRunner.java:421)
	at org.testng.SuiteRunner.runSequentially(SuiteRunner.java:413)
	at org.testng.SuiteRunner.privateRun(SuiteRunner.java:373)
	at org.testng.SuiteRunner.run(SuiteRunner.java:312)
	at org.testng.SuiteRunnerWorker.runSuite(SuiteRunnerWorker.java:52)
	at org.testng.SuiteRunnerWorker.run(SuiteRunnerWorker.java:95)
	at org.testng.TestNG.runSuitesSequentially(TestNG.java:1274)
	at org.testng.TestNG.runSuitesLocally(TestNG.java:1208)
	at org.testng.TestNG.runSuites(TestNG.java:1112)
	at org.testng.TestNG.run(TestNG.java:1079)
	at org.testng.remote.AbstractRemoteTestNG.run(AbstractRemoteTestNG.java:115)
	at org.testng.remote.RemoteTestNG.initAndRun(RemoteTestNG.java:293)
	at org.testng.remote.RemoteTestNG.main(RemoteTestNG.java:91)
</pre></div></td>
<td>1</td>
<td>com.tricentis.testscript.WishListModule@33c911a1</td></tr>
<tr>
<td title='com.tricentis.testscript.CartModule.verifyProductAfterLogout()'><b>verifyProductAfterLogout</b><br>Test class: com.tricentis.testscript.CartModule</td>
<td><div><pre>org.openqa.selenium.StaleElementReferenceException: stale element reference: stale element not found
  (Session info: chrome=145.0.7632.46)
For documentation on this error, please visit: https://www.selenium.dev/documentation/webdriver/troubleshooting/errors#staleelementreferenceexception
Build info: version: &apos;4.38.0&apos;, revision: &apos;6b412e825c&apos;
System info: os.name: &apos;Windows 11&apos;, os.arch: &apos;amd64&apos;, os.version: &apos;10.0&apos;, java.version: &apos;21.0.9&apos;
Driver info: org.openqa.selenium.chrome.ChromeDriver
Command: [da74a3ab12312357a09be3df4a3c24b5, clickElement {id=f.22EA53A6C163E7065D3BF0266C599E91.d.62844698593D43DCD206C7551026F0B2.e.32}]
Capabilities {acceptInsecureCerts: false, browserName: chrome, browserVersion: 145.0.7632.46, chrome: {chromedriverVersion: 145.0.7632.76 (ee36f024f43a..., userDataDir: C:\Users\motil\AppData\Loca...}, fedcm:accounts: true, goog:chromeOptions: {debuggerAddress: localhost:34999}, goog:processID: 2124, networkConnectionEnabled: false, pageLoadStrategy: normal, platformName: windows, proxy: Proxy(), se:cdp: ws://localhost:34999/devtoo..., se:cdpVersion: 145.0.7632.46, setWindowRect: true, strictFileInteractability: false, timeouts: {implicit: 0, pageLoad: 300000, script: 30000}, unhandledPromptBehavior: dismiss and notify, webauthn:extension:credBlob: true, webauthn:extension:largeBlob: true, webauthn:extension:minPinLength: true, webauthn:extension:prf: true, webauthn:virtualAuthenticators: true}
Element: [[ChromeDriver: chrome on windows (da74a3ab12312357a09be3df4a3c24b5)] -&gt; partial link text: Apparel &amp; Shoes]
Session ID: da74a3ab12312357a09be3df4a3c24b5
	at org.openqa.selenium.remote.ErrorCodec.decode(ErrorCodec.java:167)
	at org.openqa.selenium.remote.codec.w3c.W3CHttpResponseCodec.decode(W3CHttpResponseCodec.java:138)
	at org.openqa.selenium.remote.codec.w3c.W3CHttpResponseCodec.decode(W3CHttpResponseCodec.java:50)
	at org.openqa.selenium.remote.HttpCommandExecutor.execute(HttpCommandExecutor.java:215)
	at org.openqa.selenium.remote.service.DriverCommandExecutor.invokeExecute(DriverCommandExecutor.java:216)
	at org.openqa.selenium.remote.service.DriverCommandExecutor.execute(DriverCommandExecutor.java:174)
	at org.openqa.selenium.remote.RemoteWebDriver.execute(RemoteWebDriver.java:557)
	at org.openqa.selenium.remote.RemoteWebElement.execute(RemoteWebElement.java:223)
	at org.openqa.selenium.remote.RemoteWebElement.click(RemoteWebElement.java:76)
	at org.openqa.selenium.support.pagefactory.internal.LocatingElementHandler.invoke(LocatingElementHandler.java:51)
	at jdk.proxy2/jdk.proxy2.$Proxy17.click(Unknown Source)
	at com.tricentis.pom.HomePage.clickShoesLink(HomePage.java:88)
	at com.tricentis.testscript.CartModule.verifyProductAfterLogout(CartModule.java:111)
	at java.base/java.util.ArrayList.forEach(ArrayList.java:1596)
... Removed 30 stack frames</pre></div><a href='#' onClick='toggleBox("stack-trace1706741895", this, "Click to show all stack frames", "Click to hide stack frames")'>Click to show all stack frames</a>
<div class='stack-trace' id='stack-trace1706741895'><pre>org.openqa.selenium.StaleElementReferenceException: stale element reference: stale element not found
  (Session info: chrome=145.0.7632.46)
For documentation on this error, please visit: https://www.selenium.dev/documentation/webdriver/troubleshooting/errors#staleelementreferenceexception
Build info: version: &apos;4.38.0&apos;, revision: &apos;6b412e825c&apos;
System info: os.name: &apos;Windows 11&apos;, os.arch: &apos;amd64&apos;, os.version: &apos;10.0&apos;, java.version: &apos;21.0.9&apos;
Driver info: org.openqa.selenium.chrome.ChromeDriver
Command: [da74a3ab12312357a09be3df4a3c24b5, clickElement {id=f.22EA53A6C163E7065D3BF0266C599E91.d.62844698593D43DCD206C7551026F0B2.e.32}]
Capabilities {acceptInsecureCerts: false, browserName: chrome, browserVersion: 145.0.7632.46, chrome: {chromedriverVersion: 145.0.7632.76 (ee36f024f43a..., userDataDir: C:\Users\motil\AppData\Loca...}, fedcm:accounts: true, goog:chromeOptions: {debuggerAddress: localhost:34999}, goog:processID: 2124, networkConnectionEnabled: false, pageLoadStrategy: normal, platformName: windows, proxy: Proxy(), se:cdp: ws://localhost:34999/devtoo..., se:cdpVersion: 145.0.7632.46, setWindowRect: true, strictFileInteractability: false, timeouts: {implicit: 0, pageLoad: 300000, script: 30000}, unhandledPromptBehavior: dismiss and notify, webauthn:extension:credBlob: true, webauthn:extension:largeBlob: true, webauthn:extension:minPinLength: true, webauthn:extension:prf: true, webauthn:virtualAuthenticators: true}
Element: [[ChromeDriver: chrome on windows (da74a3ab12312357a09be3df4a3c24b5)] -&gt; partial link text: Apparel &amp; Shoes]
Session ID: da74a3ab12312357a09be3df4a3c24b5
	at java.base/jdk.internal.reflect.DirectConstructorHandleAccessor.newInstance(DirectConstructorHandleAccessor.java:62)
	at java.base/java.lang.reflect.Constructor.newInstanceWithCaller(Constructor.java:502)
	at java.base/java.lang.reflect.Constructor.newInstance(Constructor.java:486)
	at org.openqa.selenium.remote.ErrorCodec.decode(ErrorCodec.java:167)
	at org.openqa.selenium.remote.codec.w3c.W3CHttpResponseCodec.decode(W3CHttpResponseCodec.java:138)
	at org.openqa.selenium.remote.codec.w3c.W3CHttpResponseCodec.decode(W3CHttpResponseCodec.java:50)
	at org.openqa.selenium.remote.HttpCommandExecutor.execute(HttpCommandExecutor.java:215)
	at org.openqa.selenium.remote.service.DriverCommandExecutor.invokeExecute(DriverCommandExecutor.java:216)
	at org.openqa.selenium.remote.service.DriverCommandExecutor.execute(DriverCommandExecutor.java:174)
	at org.openqa.selenium.remote.RemoteWebDriver.execute(RemoteWebDriver.java:557)
	at org.openqa.selenium.remote.RemoteWebElement.execute(RemoteWebElement.java:223)
	at org.openqa.selenium.remote.RemoteWebElement.click(RemoteWebElement.java:76)
	at java.base/jdk.internal.reflect.DirectMethodHandleAccessor.invoke(DirectMethodHandleAccessor.java:103)
	at java.base/java.lang.reflect.Method.invoke(Method.java:580)
	at org.openqa.selenium.support.pagefactory.internal.LocatingElementHandler.invoke(LocatingElementHandler.java:51)
	at jdk.proxy2/jdk.proxy2.$Proxy17.click(Unknown Source)
	at com.tricentis.pom.HomePage.clickShoesLink(HomePage.java:88)
	at com.tricentis.testscript.CartModule.verifyProductAfterLogout(CartModule.java:111)
	at java.base/jdk.internal.reflect.DirectMethodHandleAccessor.invoke(DirectMethodHandleAccessor.java:103)
	at java.base/java.lang.reflect.Method.invoke(Method.java:580)
	at org.testng.internal.invokers.MethodInvocationHelper.invokeMethod(MethodInvocationHelper.java:141)
	at org.testng.internal.invokers.TestInvoker.invokeMethod(TestInvoker.java:687)
	at org.testng.internal.invokers.TestInvoker.invokeTestMethod(TestInvoker.java:230)
	at org.testng.internal.invokers.MethodRunner.runInSequence(MethodRunner.java:63)
	at org.testng.internal.invokers.TestInvoker$MethodInvocationAgent.invoke(TestInvoker.java:995)
	at org.testng.internal.invokers.TestInvoker.invokeTestMethods(TestInvoker.java:203)
	at org.testng.internal.invokers.TestMethodWorker.invokeTestMethods(TestMethodWorker.java:154)
	at org.testng.internal.invokers.TestMethodWorker.run(TestMethodWorker.java:134)
	at java.base/java.util.ArrayList.forEach(ArrayList.java:1596)
	at org.testng.TestRunner.privateRun(TestRunner.java:741)
	at org.testng.TestRunner.run(TestRunner.java:616)
	at org.testng.SuiteRunner.runTest(SuiteRunner.java:421)
	at org.testng.SuiteRunner.runSequentially(SuiteRunner.java:413)
	at org.testng.SuiteRunner.privateRun(SuiteRunner.java:373)
	at org.testng.SuiteRunner.run(SuiteRunner.java:312)
	at org.testng.SuiteRunnerWorker.runSuite(SuiteRunnerWorker.java:52)
	at org.testng.SuiteRunnerWorker.run(SuiteRunnerWorker.java:95)
	at org.testng.TestNG.runSuitesSequentially(TestNG.java:1274)
	at org.testng.TestNG.runSuitesLocally(TestNG.java:1208)
	at org.testng.TestNG.runSuites(TestNG.java:1112)
	at org.testng.TestNG.run(TestNG.java:1079)
	at org.testng.remote.AbstractRemoteTestNG.run(AbstractRemoteTestNG.java:115)
	at org.testng.remote.RemoteTestNG.initAndRun(RemoteTestNG.java:293)
	at org.testng.remote.RemoteTestNG.main(RemoteTestNG.java:91)
</pre></div></td>
<td>1</td>
<td>com.tricentis.testscript.CartModule@291caca8</td></tr>
</table><p>
<table width='100%' border='1' class='invocation-passed'>
<tr><td colspan='4' align='center'><b>PASSED TESTS</b></td></tr>
<tr><td><b>Test method</b></td>
<td><b>Attribute(s)</b></td>
<td width="30%"><b>Exception</b></td>
<td width="10%"><b>Time (seconds)</b></td>
<td><b>Instance</b></td>
</tr>
<tr>
<td title='com.tricentis.testscript.WishListModule.checkAddedProduct()'><b>checkAddedProduct</b><br>Test class: com.tricentis.testscript.WishListModule<br/>
<a href="#Output-1549840544" onClick='toggleBox("Output-1549840544", this, "Show output", "Hide output");'>Show output</a>

<a href="#Output-1549840544" onClick="toggleAllBoxes();">Show all outputs</a>
<div class='log' id="Output-1549840544">
Blue and green Sneaker<br/>
Blue and green Sneaker<br/>
The product has been added to your wishlist<br/>
name and prices match with selected product: true<br/>
checkAddedProducthas been passed<br/>
</div>
</td>
<td></td>
<td>5</td>
<td>com.tricentis.testscript.WishListModule@33c911a1</td></tr>
<tr>
<td title='com.tricentis.testscript.LoginModule.loginWithInvalidCred()'><b>loginWithInvalidCred</b><br>Test class: com.tricentis.testscript.LoginModule<br>Parameters: , <br/>
<a href="#Output-11646065" onClick='toggleBox("Output-11646065", this, "Show output", "Hide output");'>Show output</a>

<a href="#Output-11646065" onClick="toggleAllBoxes();">Show all outputs</a>
<div class='log' id="Output-11646065">
loginWithInvalidCredhas been passed<br/>
</div>
</td>
<td></td>
<td>10</td>
<td>com.tricentis.testscript.LoginModule@5b94b04d</td></tr>
<tr>
<td title='com.tricentis.testscript.RegisterModule.register_validation()'><b>register_validation</b><br>Test class: com.tricentis.testscript.RegisterModule<br>Parameters: Female, Riya, , riya@test.com, Test@123, Test@123, Last name is required.<br/>
<a href="#Output-674998841" onClick='toggleBox("Output-674998841", this, "Show output", "Hide output");'>Show output</a>

<a href="#Output-674998841" onClick="toggleAllBoxes();">Show all outputs</a>
<div class='log' id="Output-674998841">
register_validationhas been passed<br/>
</div>
</td>
<td></td>
<td>0</td>
<td>com.tricentis.testscript.RegisterModule@4c39bec8</td></tr>
<tr>
<td title='com.tricentis.testscript.CartModule.checkAddedProduct()'><b>checkAddedProduct</b><br>Test class: com.tricentis.testscript.CartModule<br/>
<a href="#Output-512407823" onClick='toggleBox("Output-512407823", this, "Show output", "Hide output");'>Show output</a>

<a href="#Output-512407823" onClick="toggleAllBoxes();">Show all outputs</a>
<div class='log' id="Output-512407823">
name and prices match with selected product: true<br/>
Tc3 Passed<br/>
checkAddedProducthas been passed<br/>
</div>
</td>
<td></td>
<td>5</td>
<td>com.tricentis.testscript.CartModule@291caca8</td></tr>
<tr>
<td title='com.tricentis.testscript.RegisterModule.register_validation()'><b>register_validation</b><br>Test class: com.tricentis.testscript.RegisterModule<br>Parameters: Male, , Shah, karan@test.com, Test@123, Test@123, First name is required.<br/>
<a href="#Output-764490006" onClick='toggleBox("Output-764490006", this, "Show output", "Hide output");'>Show output</a>

<a href="#Output-764490006" onClick="toggleAllBoxes();">Show all outputs</a>
<div class='log' id="Output-764490006">
register_validationhas been passed<br/>
</div>
</td>
<td></td>
<td>0</td>
<td>com.tricentis.testscript.RegisterModule@4c39bec8</td></tr>
<tr>
<td title='com.tricentis.testscript.RegisterModule.register_validation()'><b>register_validation</b><br>Test class: com.tricentis.testscript.RegisterModule<br>Parameters: Female, Neha, Roy, neha@test.com, , 123.0, Password is required.<br/>
<a href="#Output-1841931630" onClick='toggleBox("Output-1841931630", this, "Show output", "Hide output");'>Show output</a>

<a href="#Output-1841931630" onClick="toggleAllBoxes();">Show all outputs</a>
<div class='log' id="Output-1841931630">
register_validationhas been passed<br/>
</div>
</td>
<td></td>
<td>0</td>
<td>com.tricentis.testscript.RegisterModule@4c39bec8</td></tr>
<tr>
<td title='com.tricentis.testscript.CartModule.clickOnAddToCart()'><b>clickOnAddToCart</b><br>Test class: com.tricentis.testscript.CartModule<br/>
<a href="#Output-411748515" onClick='toggleBox("Output-411748515", this, "Show output", "Hide output");'>Show output</a>

<a href="#Output-411748515" onClick="toggleAllBoxes();">Show all outputs</a>
<div class='log' id="Output-411748515">
The product has been added to your shopping cart<br/>
Tc1 Pssed<br/>
clickOnAddToCarthas been passed<br/>
</div>
</td>
<td></td>
<td>4</td>
<td>com.tricentis.testscript.CartModule@291caca8</td></tr>
<tr>
<td title='com.tricentis.testscript.LoginModule.loginWithInvalidCred()'><b>loginWithInvalidCred</b><br>Test class: com.tricentis.testscript.LoginModule<br>Parameters: satyam@gmail.com, <br/>
<a href="#Output-1267168782" onClick='toggleBox("Output-1267168782", this, "Show output", "Hide output");'>Show output</a>

<a href="#Output-1267168782" onClick="toggleAllBoxes();">Show all outputs</a>
<div class='log' id="Output-1267168782">
loginWithInvalidCredhas been passed<br/>
</div>
</td>
<td></td>
<td>11</td>
<td>com.tricentis.testscript.LoginModule@5b94b04d</td></tr>
<tr>
<td title='com.tricentis.testscript.ContactUsModule.enquiry()'><b>enquiry</b><br>Test class: com.tricentis.testscript.ContactUsModule<br/>
<a href="#Output-1260308116" onClick='toggleBox("Output-1260308116", this, "Show output", "Hide output");'>Show output</a>

<a href="#Output-1260308116" onClick="toggleAllBoxes();">Show all outputs</a>
<div class='log' id="Output-1260308116">
enquiryhas been passed<br/>
</div>
</td>
<td></td>
<td>3</td>
<td>com.tricentis.testscript.ContactUsModule@385e9564</td></tr>
<tr>
<td title='com.tricentis.testscript.RegisterModule.register_validation()'><b>register_validation</b><br>Test class: com.tricentis.testscript.RegisterModule<br>Parameters: Male, Arjun, Das, arjun@test.com, Test@124, Test@4234234, The password and confirmation password do not match.<br/>
<a href="#Output-1422562336" onClick='toggleBox("Output-1422562336", this, "Show output", "Hide output");'>Show output</a>

<a href="#Output-1422562336" onClick="toggleAllBoxes();">Show all outputs</a>
<div class='log' id="Output-1422562336">
register_validationhas been passed<br/>
</div>
</td>
<td></td>
<td>0</td>
<td>com.tricentis.testscript.RegisterModule@4c39bec8</td></tr>
<tr>
<td title='com.tricentis.testscript.CartModule.verifyCartProductWithSelectedProduct()'><b>verifyCartProductWithSelectedProduct</b><br>Test class: com.tricentis.testscript.CartModule<br/>
<a href="#Output-1412392963" onClick='toggleBox("Output-1412392963", this, "Show output", "Hide output");'>Show output</a>

<a href="#Output-1412392963" onClick="toggleAllBoxes();">Show all outputs</a>
<div class='log' id="Output-1412392963">
Tc2 passed<br/>
verifyCartProductWithSelectedProducthas been passed<br/>
</div>
</td>
<td></td>
<td>5</td>
<td>com.tricentis.testscript.CartModule@291caca8</td></tr>
<tr>
<td title='com.tricentis.testscript.LoginModule.loginSuccess()'><b>loginSuccess</b><br>Test class: com.tricentis.testscript.LoginModule<br>Parameters: anu_101212@test.com, Test@123<br/>
<a href="#Output-1617566660" onClick='toggleBox("Output-1617566660", this, "Show output", "Hide output");'>Show output</a>

<a href="#Output-1617566660" onClick="toggleAllBoxes();">Show all outputs</a>
<div class='log' id="Output-1617566660">
loginSuccesshas been passed<br/>
</div>
</td>
<td></td>
<td>1</td>
<td>com.tricentis.testscript.LoginModule@5b94b04d</td></tr>
<tr>
<td title='com.tricentis.testscript.RegisterModule.register_validation()'><b>register_validation</b><br>Test class: com.tricentis.testscript.RegisterModule<br>Parameters: Male, Amit, Verma, , Test@123, Test@123, Email is required.<br/>
<a href="#Output-536110011" onClick='toggleBox("Output-536110011", this, "Show output", "Hide output");'>Show output</a>

<a href="#Output-536110011" onClick="toggleAllBoxes();">Show all outputs</a>
<div class='log' id="Output-536110011">
register_validationhas been passed<br/>
</div>
</td>
<td></td>
<td>0</td>
<td>com.tricentis.testscript.RegisterModule@4c39bec8</td></tr>
<tr>
<td title='com.tricentis.testscript.LoginModule.loginWithInvalidCred()'><b>loginWithInvalidCred</b><br>Test class: com.tricentis.testscript.LoginModule<br>Parameters: sdasd, Test@21323<br/>
<a href="#Output-1490735178" onClick='toggleBox("Output-1490735178", this, "Show output", "Hide output");'>Show output</a>

<a href="#Output-1490735178" onClick="toggleAllBoxes();">Show all outputs</a>
<div class='log' id="Output-1490735178">
loginWithInvalidCredhas been passed<br/>
</div>
</td>
<td></td>
<td>10</td>
<td>com.tricentis.testscript.LoginModule@5b94b04d</td></tr>
<tr>
<td title='com.tricentis.testscript.RegisterModule.register_validation()'><b>register_validation</b><br>Test class: com.tricentis.testscript.RegisterModule<br>Parameters: Male, Arjun, Das, arjun@test.com, Test@123, , Password is required.<br/>
<a href="#Output-340017397" onClick='toggleBox("Output-340017397", this, "Show output", "Hide output");'>Show output</a>

<a href="#Output-340017397" onClick="toggleAllBoxes();">Show all outputs</a>
<div class='log' id="Output-340017397">
register_validationhas been passed<br/>
</div>
</td>
<td></td>
<td>0</td>
<td>com.tricentis.testscript.RegisterModule@4c39bec8</td></tr>
<tr>
<td title='com.tricentis.testscript.LoginModule.loginSuccess()'><b>loginSuccess</b><br>Test class: com.tricentis.testscript.LoginModule<br>Parameters: ravi_1023232@test.com, Test@123<br/>
<a href="#Output-2127407451" onClick='toggleBox("Output-2127407451", this, "Show output", "Hide output");'>Show output</a>

<a href="#Output-2127407451" onClick="toggleAllBoxes();">Show all outputs</a>
<div class='log' id="Output-2127407451">
loginSuccesshas been passed<br/>
</div>
</td>
<td></td>
<td>1</td>
<td>com.tricentis.testscript.LoginModule@5b94b04d</td></tr>
<tr>
<td title='com.tricentis.testscript.ReviewModule.vrifyReviewProduct()'><b>vrifyReviewProduct</b><br>Test class: com.tricentis.testscript.ReviewModule<br/>
<a href="#Output-1318424328" onClick='toggleBox("Output-1318424328", this, "Show output", "Hide output");'>Show output</a>

<a href="#Output-1318424328" onClick="toggleAllBoxes();">Show all outputs</a>
<div class='log' id="Output-1318424328">
vrifyReviewProducthas been passed<br/>
</div>
</td>
<td></td>
<td>25</td>
<td>com.tricentis.testscript.ReviewModule@8c3b9d</td></tr>
</table><p>
</body>
</html>