<?xml version="1.0" encoding="UTF-8"?>
<!-- Generated by org.testng.reporters.JUnitXMLReporter -->
<testsuite ignored="11" hostname="satyam" failures="4" tests="21" name="Test" time="173.359" errors="0" timestamp="2026-02-15T17:55:19 IST">
  <testcase classname="com.tricentis.testscript.WishListModule" name="addToWishList" time="1.475">
    <failure type="org.openqa.selenium.StaleElementReferenceException" message="stale element reference: stale element not found
  (Session info: chrome=145.0.7632.46)
For documentation on this error, please visit: https://www.selenium.dev/documentation/webdriver/troubleshooting/errors#staleelementreferenceexception
Build info: version: &amp;apos;4.38.0&amp;apos;, revision: &amp;apos;6b412e825c&amp;apos;
System info: os.name: &amp;apos;Windows 11&amp;apos;, os.arch: &amp;apos;amd64&amp;apos;, os.version: &amp;apos;10.0&amp;apos;, java.version: &amp;apos;21.0.9&amp;apos;
Driver info: org.openqa.selenium.chrome.ChromeDriver
Command: [af68f9cd29e8a6ab081809d3a3b6f204, clickElement {id=f.154B509CF2D22C3501A97E71071DF769.d.ED23D45FB6640E158F76D036AB06D938.e.35}]
Capabilities {acceptInsecureCerts: false, browserName: chrome, browserVersion: 145.0.7632.46, chrome: {chromedriverVersion: 145.0.7632.76 (ee36f024f43a..., userDataDir: C:\Users\motil\AppData\Loca...}, fedcm:accounts: true, goog:chromeOptions: {debuggerAddress: localhost:23443}, goog:processID: 15976, networkConnectionEnabled: false, pageLoadStrategy: normal, platformName: windows, proxy: Proxy(), se:cdp: ws://localhost:23443/devtoo..., se:cdpVersion: 145.0.7632.46, setWindowRect: true, strictFileInteractability: false, timeouts: {implicit: 0, pageLoad: 300000, script: 30000}, unhandledPromptBehavior: dismiss and notify, webauthn:extension:credBlob: true, webauthn:extension:largeBlob: true, webauthn:extension:minPinLength: true, webauthn:extension:prf: true, webauthn:virtualAuthenticators: true}
Element: [[ChromeDriver: chrome on windows (af68f9cd29e8a6ab081809d3a3b6f204)] -&amp;gt; partial link text: Apparel &amp;amp; Shoes]
Session ID: af68f9cd29e8a6ab081809d3a3b6f204">
      <![CDATA[org.openqa.selenium.StaleElementReferenceException: stale element reference: stale element not found
  (Session info: chrome=145.0.7632.46)
For documentation on this error, please visit: https://www.selenium.dev/documentation/webdriver/troubleshooting/errors#staleelementreferenceexception
Build info: version: '4.38.0', revision: '6b412e825c'
System info: os.name: 'Windows 11', os.arch: 'amd64', os.version: '10.0', java.version: '21.0.9'
Driver info: org.openqa.selenium.chrome.ChromeDriver
Command: [af68f9cd29e8a6ab081809d3a3b6f204, clickElement {id=f.154B509CF2D22C3501A97E71071DF769.d.ED23D45FB6640E158F76D036AB06D938.e.35}]
Capabilities {acceptInsecureCerts: false, browserName: chrome, browserVersion: 145.0.7632.46, chrome: {chromedriverVersion: 145.0.7632.76 (ee36f024f43a..., userDataDir: C:\Users\motil\AppData\Loca...}, fedcm:accounts: true, goog:chromeOptions: {debuggerAddress: localhost:23443}, goog:processID: 15976, networkConnectionEnabled: false, pageLoadStrategy: normal, platformName: windows, proxy: Proxy(), se:cdp: ws://localhost:23443/devtoo..., se:cdpVersion: 145.0.7632.46, setWindowRect: true, strictFileInteractability: false, timeouts: {implicit: 0, pageLoad: 300000, script: 30000}, unhandledPromptBehavior: dismiss and notify, webauthn:extension:credBlob: true, webauthn:extension:largeBlob: true, webauthn:extension:minPinLength: true, webauthn:extension:prf: true, webauthn:virtualAuthenticators: true}
Element: [[ChromeDriver: chrome on windows (af68f9cd29e8a6ab081809d3a3b6f204)] -> partial link text: Apparel & Shoes]
Session ID: af68f9cd29e8a6ab081809d3a3b6f204
at org.openqa.selenium.remote.ErrorCodec.decode(ErrorCodec.java:167)
at org.openqa.selenium.remote.codec.w3c.W3CHttpResponseCodec.decode(W3CHttpResponseCodec.java:138)
at org.openqa.selenium.remote.codec.w3c.W3CHttpResponseCodec.decode(W3CHttpResponseCodec.java:50)
at org.openqa.selenium.remote.HttpCommandExecutor.execute(HttpCommandExecutor.java:215)
at org.openqa.selenium.remote.service.DriverCommandExecutor.invokeExecute(DriverCommandExecutor.java:216)
at org.openqa.selenium.remote.service.DriverCommandExecutor.execute(DriverCommandExecutor.java:174)
at org.openqa.selenium.remote.RemoteWebDriver.execute(RemoteWebDriver.java:557)
at org.openqa.selenium.remote.RemoteWebElement.execute(RemoteWebElement.java:223)
at org.openqa.selenium.remote.RemoteWebElement.click(RemoteWebElement.java:76)
at org.openqa.selenium.support.pagefactory.internal.LocatingElementHandler.invoke(LocatingElementHandler.java:51)
at jdk.proxy2/jdk.proxy2.$Proxy17.click(Unknown Source)
at com.tricentis.pom.HomePage.clickShoesLink(HomePage.java:88)
at com.tricentis.testscript.WishListModule.addToWishList(WishListModule.java:20)
at java.base/java.util.ArrayList.forEach(ArrayList.java:1596)
... Removed 30 stack frames]]>
    </failure>
  </testcase> <!-- addToWishList -->
  <testcase classname="com.tricentis.testscript.WishListModule" name="checkAddedProduct" time="5.721"/>
  <testcase classname="com.tricentis.testscript.CartModule" name="checkAddedProduct" time="5.514"/>
  <testcase classname="com.tricentis.testscript.CartModule" name="clickOnAddToCart" time="4.788"/>
  <testcase classname="com.tricentis.testscript.CartModule" name="verifyCartProductWithSelectedProduct" time="5.776"/>
  <testcase classname="com.tricentis.testscript.CartModule" name="verifyProductAfterLogout" time="1.417">
    <failure type="org.openqa.selenium.StaleElementReferenceException" message="stale element reference: stale element not found
  (Session info: chrome=145.0.7632.46)
For documentation on this error, please visit: https://www.selenium.dev/documentation/webdriver/troubleshooting/errors#staleelementreferenceexception
Build info: version: &amp;apos;4.38.0&amp;apos;, revision: &amp;apos;6b412e825c&amp;apos;
System info: os.name: &amp;apos;Windows 11&amp;apos;, os.arch: &amp;apos;amd64&amp;apos;, os.version: &amp;apos;10.0&amp;apos;, java.version: &amp;apos;21.0.9&amp;apos;
Driver info: org.openqa.selenium.chrome.ChromeDriver
Command: [da74a3ab12312357a09be3df4a3c24b5, clickElement {id=f.22EA53A6C163E7065D3BF0266C599E91.d.62844698593D43DCD206C7551026F0B2.e.32}]
Capabilities {acceptInsecureCerts: false, browserName: chrome, browserVersion: 145.0.7632.46, chrome: {chromedriverVersion: 145.0.7632.76 (ee36f024f43a..., userDataDir: C:\Users\motil\AppData\Loca...}, fedcm:accounts: true, goog:chromeOptions: {debuggerAddress: localhost:34999}, goog:processID: 2124, networkConnectionEnabled: false, pageLoadStrategy: normal, platformName: windows, proxy: Proxy(), se:cdp: ws://localhost:34999/devtoo..., se:cdpVersion: 145.0.7632.46, setWindowRect: true, strictFileInteractability: false, timeouts: {implicit: 0, pageLoad: 300000, script: 30000}, unhandledPromptBehavior: dismiss and notify, webauthn:extension:credBlob: true, webauthn:extension:largeBlob: true, webauthn:extension:minPinLength: true, webauthn:extension:prf: true, webauthn:virtualAuthenticators: true}
Element: [[ChromeDriver: chrome on windows (da74a3ab12312357a09be3df4a3c24b5)] -&amp;gt; partial link text: Apparel &amp;amp; Shoes]
Session ID: da74a3ab12312357a09be3df4a3c24b5">
      <![CDATA[org.openqa.selenium.StaleElementReferenceException: stale element reference: stale element not found
  (Session info: chrome=145.0.7632.46)
For documentation on this error, please visit: https://www.selenium.dev/documentation/webdriver/troubleshooting/errors#staleelementreferenceexception
Build info: version: '4.38.0', revision: '6b412e825c'
System info: os.name: 'Windows 11', os.arch: 'amd64', os.version: '10.0', java.version: '21.0.9'
Driver info: org.openqa.selenium.chrome.ChromeDriver
Command: [da74a3ab12312357a09be3df4a3c24b5, clickElement {id=f.22EA53A6C163E7065D3BF0266C599E91.d.62844698593D43DCD206C7551026F0B2.e.32}]
Capabilities {acceptInsecureCerts: false, browserName: chrome, browserVersion: 145.0.7632.46, chrome: {chromedriverVersion: 145.0.7632.76 (ee36f024f43a..., userDataDir: C:\Users\motil\AppData\Loca...}, fedcm:accounts: true, goog:chromeOptions: {debuggerAddress: localhost:34999}, goog:processID: 2124, networkConnectionEnabled: false, pageLoadStrategy: normal, platformName: windows, proxy: Proxy(), se:cdp: ws://localhost:34999/devtoo..., se:cdpVersion: 145.0.7632.46, setWindowRect: true, strictFileInteractability: false, timeouts: {implicit: 0, pageLoad: 300000, script: 30000}, unhandledPromptBehavior: dismiss and notify, webauthn:extension:credBlob: true, webauthn:extension:largeBlob: true, webauthn:extension:minPinLength: true, webauthn:extension:prf: true, webauthn:virtualAuthenticators: true}
Element: [[ChromeDriver: chrome on windows (da74a3ab12312357a09be3df4a3c24b5)] -> partial link text: Apparel & Shoes]
Session ID: da74a3ab12312357a09be3df4a3c24b5
at org.openqa.selenium.remote.ErrorCodec.decode(ErrorCodec.java:167)
at org.openqa.selenium.remote.codec.w3c.W3CHttpResponseCodec.decode(W3CHttpResponseCodec.java:138)
at org.openqa.selenium.remote.codec.w3c.W3CHttpResponseCodec.decode(W3CHttpResponseCodec.java:50)
at org.openqa.selenium.remote.HttpCommandExecutor.execute(HttpCommandExecutor.java:215)
at org.openqa.selenium.remote.service.DriverCommandExecutor.invokeExecute(DriverCommandExecutor.java:216)
at org.openqa.selenium.remote.service.DriverCommandExecutor.execute(DriverCommandExecutor.java:174)
at org.openqa.selenium.remote.RemoteWebDriver.execute(RemoteWebDriver.java:557)
at org.openqa.selenium.remote.RemoteWebElement.execute(RemoteWebElement.java:223)
at org.openqa.selenium.remote.RemoteWebElement.click(RemoteWebElement.java:76)
at org.openqa.selenium.support.pagefactory.internal.LocatingElementHandler.invoke(LocatingElementHandler.java:51)
at jdk.proxy2/jdk.proxy2.$Proxy17.click(Unknown Source)
at com.tricentis.pom.HomePage.clickShoesLink(HomePage.java:88)
at com.tricentis.testscript.CartModule.verifyProductAfterLogout(CartModule.java:111)
at java.base/java.util.ArrayList.forEach(ArrayList.java:1596)
... Removed 30 stack frames]]>
    </failure>
  </testcase> <!-- verifyProductAfterLogout -->
  <testcase classname="com.tricentis.testscript.ContactUsModule" name="enquiry" time="3.015"/>
  <testcase classname="com.tricentis.testscript.LoginModule" name="loginSuccess" time="1.803"/>
  <testcase classname="com.tricentis.testscript.LoginModule" name="loginSuccess" time="1.844"/>
  <testcase classname="com.tricentis.testscript.LoginModule" name="loginWithInvalidCred" time="10.629"/>
  <testcase classname="com.tricentis.testscript.LoginModule" name="loginWithInvalidCred" time="11.244"/>
  <testcase classname="com.tricentis.testscript.LoginModule" name="loginWithInvalidCred" time="10.979"/>
  <testcase classname="com.tricentis.testscript.ReviewModule" name="vrifyReviewProduct" time="25.435"/>
  <testcase classname="com.tricentis.testscript.RegisterModule" name="register_success" time="1.447">
    <failure type="java.lang.AssertionError" message="expected [Your registration completed] but found [The specified email already exists]">
      <![CDATA[java.lang.AssertionError: expected [Your registration completed] but found [The specified email already exists]
at com.tricentis.testscript.RegisterModule.register_success(RegisterModule.java:43)
at java.base/java.util.ArrayList.forEach(ArrayList.java:1596)
... Removed 31 stack frames]]>
    </failure>
  </testcase> <!-- register_success -->
  <testcase classname="com.tricentis.testscript.RegisterModule" name="register_success" time="1.343">
    <failure type="org.openqa.selenium.StaleElementReferenceException" message="stale element reference: stale element not found
  (Session info: chrome=145.0.7632.46)
For documentation on this error, please visit: https://www.selenium.dev/documentation/webdriver/troubleshooting/errors#staleelementreferenceexception
Build info: version: &amp;apos;4.38.0&amp;apos;, revision: &amp;apos;6b412e825c&amp;apos;
System info: os.name: &amp;apos;Windows 11&amp;apos;, os.arch: &amp;apos;amd64&amp;apos;, os.version: &amp;apos;10.0&amp;apos;, java.version: &amp;apos;21.0.9&amp;apos;
Driver info: org.openqa.selenium.chrome.ChromeDriver
Command: [c066084e1ec1d2b7e9577e006b3b2a7d, getElementText {id=f.94CDAD9097986084A75DD104D6FEEFE6.d.E4568A3013939C4A1ABFAEBB254D3B62.e.42}]
Capabilities {acceptInsecureCerts: false, browserName: chrome, browserVersion: 145.0.7632.46, chrome: {chromedriverVersion: 145.0.7632.76 (ee36f024f43a..., userDataDir: C:\Users\motil\AppData\Loca...}, fedcm:accounts: true, goog:chromeOptions: {debuggerAddress: localhost:47980}, goog:processID: 25460, networkConnectionEnabled: false, pageLoadStrategy: normal, platformName: windows, proxy: Proxy(), se:cdp: ws://localhost:47980/devtoo..., se:cdpVersion: 145.0.7632.46, setWindowRect: true, strictFileInteractability: false, timeouts: {implicit: 0, pageLoad: 300000, script: 30000}, unhandledPromptBehavior: dismiss and notify, webauthn:extension:credBlob: true, webauthn:extension:largeBlob: true, webauthn:extension:minPinLength: true, webauthn:extension:prf: true, webauthn:virtualAuthenticators: true}
Element: [[ChromeDriver: chrome on windows (c066084e1ec1d2b7e9577e006b3b2a7d)] -&amp;gt; xpath: //div[@class=&amp;apos;page-body&amp;apos;]/div[1]]
Session ID: c066084e1ec1d2b7e9577e006b3b2a7d">
      <![CDATA[org.openqa.selenium.StaleElementReferenceException: stale element reference: stale element not found
  (Session info: chrome=145.0.7632.46)
For documentation on this error, please visit: https://www.selenium.dev/documentation/webdriver/troubleshooting/errors#staleelementreferenceexception
Build info: version: '4.38.0', revision: '6b412e825c'
System info: os.name: 'Windows 11', os.arch: 'amd64', os.version: '10.0', java.version: '21.0.9'
Driver info: org.openqa.selenium.chrome.ChromeDriver
Command: [c066084e1ec1d2b7e9577e006b3b2a7d, getElementText {id=f.94CDAD9097986084A75DD104D6FEEFE6.d.E4568A3013939C4A1ABFAEBB254D3B62.e.42}]
Capabilities {acceptInsecureCerts: false, browserName: chrome, browserVersion: 145.0.7632.46, chrome: {chromedriverVersion: 145.0.7632.76 (ee36f024f43a..., userDataDir: C:\Users\motil\AppData\Loca...}, fedcm:accounts: true, goog:chromeOptions: {debuggerAddress: localhost:47980}, goog:processID: 25460, networkConnectionEnabled: false, pageLoadStrategy: normal, platformName: windows, proxy: Proxy(), se:cdp: ws://localhost:47980/devtoo..., se:cdpVersion: 145.0.7632.46, setWindowRect: true, strictFileInteractability: false, timeouts: {implicit: 0, pageLoad: 300000, script: 30000}, unhandledPromptBehavior: dismiss and notify, webauthn:extension:credBlob: true, webauthn:extension:largeBlob: true, webauthn:extension:minPinLength: true, webauthn:extension:prf: true, webauthn:virtualAuthenticators: true}
Element: [[ChromeDriver: chrome on windows (c066084e1ec1d2b7e9577e006b3b2a7d)] -> xpath: //div[@class='page-body']/div[1]]
Session ID: c066084e1ec1d2b7e9577e006b3b2a7d
at org.openqa.selenium.remote.ErrorCodec.decode(ErrorCodec.java:167)
at org.openqa.selenium.remote.codec.w3c.W3CHttpResponseCodec.decode(W3CHttpResponseCodec.java:138)
at org.openqa.selenium.remote.codec.w3c.W3CHttpResponseCodec.decode(W3CHttpResponseCodec.java:50)
at org.openqa.selenium.remote.HttpCommandExecutor.execute(HttpCommandExecutor.java:215)
at org.openqa.selenium.remote.service.DriverCommandExecutor.invokeExecute(DriverCommandExecutor.java:216)
at org.openqa.selenium.remote.service.DriverCommandExecutor.execute(DriverCommandExecutor.java:174)
at org.openqa.selenium.remote.RemoteWebDriver.execute(RemoteWebDriver.java:557)
at org.openqa.selenium.remote.RemoteWebElement.execute(RemoteWebElement.java:223)
at org.openqa.selenium.remote.RemoteWebElement.getText(RemoteWebElement.java:191)
at org.openqa.selenium.support.pagefactory.internal.LocatingElementHandler.invoke(LocatingElementHandler.java:51)
at jdk.proxy2/jdk.proxy2.$Proxy17.getText(Unknown Source)
at com.tricentis.pom.RegisterPage.getRegisterSuccessMessage(RegisterPage.java:106)
at com.tricentis.testscript.RegisterModule.register_success(RegisterModule.java:42)
at java.base/java.util.ArrayList.forEach(ArrayList.java:1596)
... Removed 30 stack frames]]>
    </failure>
  </testcase> <!-- register_success -->
  <testcase classname="com.tricentis.testscript.RegisterModule" name="register_validation" time="0.872"/>
  <testcase classname="com.tricentis.testscript.RegisterModule" name="register_validation" time="0.885"/>
  <testcase classname="com.tricentis.testscript.RegisterModule" name="register_validation" time="0.873"/>
  <testcase classname="com.tricentis.testscript.RegisterModule" name="register_validation" time="0.863"/>
  <testcase classname="com.tricentis.testscript.RegisterModule" name="register_validation" time="0.891"/>
  <testcase classname="com.tricentis.testscript.RegisterModule" name="register_validation" time="0.902"/>
  <testcase classname="com.tricentis.generic.BaseClass" name="@BeforeSuite setUp" time="0.0">
    <ignored/>
  </testcase> <!-- @BeforeSuite setUp -->
  <testcase classname="com.tricentis.generic.BaseClass" name="@AfterSuite closeSetUp" time="0.0">
    <ignored/>
  </testcase> <!-- @AfterSuite closeSetUp -->
  <testcase classname="com.tricentis.generic.BaseClass" name="@BeforeSuite setUp" time="0.0">
    <ignored/>
  </testcase> <!-- @BeforeSuite setUp -->
  <testcase classname="com.tricentis.generic.BaseClass" name="@BeforeSuite setUp" time="0.0">
    <ignored/>
  </testcase> <!-- @BeforeSuite setUp -->
  <testcase classname="com.tricentis.generic.BaseClass" name="@BeforeSuite setUp" time="0.0">
    <ignored/>
  </testcase> <!-- @BeforeSuite setUp -->
  <testcase classname="com.tricentis.generic.BaseClass" name="@AfterSuite closeSetUp" time="0.0">
    <ignored/>
  </testcase> <!-- @AfterSuite closeSetUp -->
  <testcase classname="com.tricentis.generic.BaseClass" name="@BeforeSuite setUp" time="0.0">
    <ignored/>
  </testcase> <!-- @BeforeSuite setUp -->
  <testcase classname="com.tricentis.testscript.ReviewModule" name="reviewProduct" time="0.0">
    <ignored/>
  </testcase> <!-- reviewProduct -->
  <testcase classname="com.tricentis.generic.BaseClass" name="@AfterSuite closeSetUp" time="0.0">
    <ignored/>
  </testcase> <!-- @AfterSuite closeSetUp -->
  <testcase classname="com.tricentis.generic.BaseClass" name="@AfterSuite closeSetUp" time="0.0">
    <ignored/>
  </testcase> <!-- @AfterSuite closeSetUp -->
  <testcase classname="com.tricentis.generic.BaseClass" name="@AfterSuite closeSetUp" time="0.0">
    <ignored/>
  </testcase> <!-- @AfterSuite closeSetUp -->
</testsuite> <!-- Test -->
