<!DOCTYPE html PUBLIC "-//W3C//DTD XHTML 1.1//EN" "https://www.w3.org/TR/xhtml11/DTD/xhtml11.dtd">
<html xmlns="https://www.w3.org/1999/xhtml">
<head>
<meta http-equiv="content-type" content="text/html; charset=UTF-8"/>
<title>TestNG Report</title>
<style type="text/css">table {margin-bottom:10px;border-collapse:collapse;empty-cells:show}th,td {border:1px solid #009;padding:.25em .5em}th {vertical-align:bottom}td {vertical-align:top}table a {font-weight:bold}.stripe td {background-color: #E6EBF9}.num {text-align:right}.passedodd td {background-color: #3F3}.passedeven td {background-color: #0A0}.skippedodd td {background-color: #DDD}.skippedeven td {background-color: #CCC}.failedodd td,.attn {background-color: #F33}.failedeven td,.stripe .attn {background-color: #D00}.stacktrace {white-space:pre;font-family:monospace}.totop {font-size:85%;text-align:center;border-bottom:2px solid #000}.invisible {display:none}</style>
</head>
<body>
<table>
<tr><th>Test</th><th># Passed</th><th># Skipped</th><th># Retried</th><th># Failed</th><th>Time (ms)</th><th>Included Groups</th><th>Excluded Groups</th></tr>
<tr><th colspan="8">Suite</th></tr>
<tr><td><a href="#t0">Test</a></td><td class="num">17</td><td class="num">0</td><td class="num">0</td><td class="num attn">4</td><td class="num">173,359</td><td></td><td></td></tr>
</table>
<table id='summary'><thead><tr><th>Class</th><th>Method</th><th>Start</th><th>Time (ms)</th></tr></thead><tbody><tr><th colspan="4">Suite</th></tr></tbody><tbody id="t0"><tr><th colspan="4">Test &#8212; failed</th></tr><tr class="failedeven"><td rowspan="1">com.tricentis.testscript.CartModule</td><td><a href="#m0">verifyProductAfterLogout</a></td><td rowspan="1">1771158192787</td><td rowspan="1">1417</td></tr><tr class="failedodd"><td rowspan="2">com.tricentis.testscript.RegisterModule</td><td><a href="#m1">register_success</a></td><td rowspan="2">1771158286773</td><td rowspan="2">1447</td></tr><tr class="failedodd"><td><a href="#m2">register_success</a></td></tr><tr class="failedeven"><td rowspan="1">com.tricentis.testscript.WishListModule</td><td><a href="#m3">addToWishList</a></td><td rowspan="1">1771158149821</td><td rowspan="1">1475</td></tr><tr><th colspan="4">Test &#8212; passed</th></tr><tr class="passedeven"><td rowspan="3">com.tricentis.testscript.CartModule</td><td><a href="#m4">checkAddedProduct</a></td><td rowspan="1">1771158164144</td><td rowspan="1">5514</td></tr><tr class="passedeven"><td><a href="#m5">clickOnAddToCart</a></td><td rowspan="1">1771158173041</td><td rowspan="1">4788</td></tr><tr class="passedeven"><td><a href="#m6">verifyCartProductWithSelectedProduct</a></td><td rowspan="1">1771158183775</td><td rowspan="1">5776</td></tr><tr class="passedodd"><td rowspan="1">com.tricentis.testscript.ContactUsModule</td><td><a href="#m7">enquiry</a></td><td rowspan="1">1771158197891</td><td rowspan="1">3015</td></tr><tr class="passedeven"><td rowspan="5">com.tricentis.testscript.LoginModule</td><td><a href="#m8">loginSuccess</a></td><td rowspan="2">1771158204479</td><td rowspan="2">1803</td></tr><tr class="passedeven"><td><a href="#m9">loginSuccess</a></td></tr><tr class="passedeven"><td><a href="#m10">loginWithInvalidCred</a></td><td rowspan="3">1771158243413</td><td rowspan="3">10979</td></tr><tr class="passedeven"><td><a href="#m11">loginWithInvalidCred</a></td></tr><tr class="passedeven"><td><a href="#m12">loginWithInvalidCred</a></td></tr><tr class="passedodd"><td rowspan="6">com.tricentis.testscript.RegisterModule</td><td><a href="#m13">register_validation</a></td><td rowspan="6">1771158301188</td><td rowspan="6">885</td></tr><tr class="passedodd"><td><a href="#m14">register_validation</a></td></tr><tr class="passedodd"><td><a href="#m15">register_validation</a></td></tr><tr class="passedodd"><td><a href="#m16">register_validation</a></td></tr><tr class="passedodd"><td><a href="#m17">register_validation</a></td></tr><tr class="passedodd"><td><a href="#m18">register_validation</a></td></tr><tr class="passedeven"><td rowspan="1">com.tricentis.testscript.ReviewModule</td><td><a href="#m19">vrifyReviewProduct</a></td><td rowspan="1">1771158257767</td><td rowspan="1">25435</td></tr><tr class="passedodd"><td rowspan="1">com.tricentis.testscript.WishListModule</td><td><a href="#m20">checkAddedProduct</a></td><td rowspan="1">1771158154849</td><td rowspan="1">5721</td></tr></tbody>
</table>
<h2>Test</h2><h3 id="m0">com.tricentis.testscript.CartModule#verifyProductAfterLogout</h3><table class="result"><tr><th>Exception</th></tr><tr><td><div class="stacktrace">org.openqa.selenium.StaleElementReferenceException: stale element reference: stale element not found
  (Session info: chrome=145.0.7632.46)
For documentation on this error, please visit: https://www.selenium.dev/documentation/webdriver/troubleshooting/errors#staleelementreferenceexception
Build info: version: &apos;4.38.0&apos;, revision: &apos;6b412e825c&apos;
System info: os.name: &apos;Windows 11&apos;, os.arch: &apos;amd64&apos;, os.version: &apos;10.0&apos;, java.version: &apos;21.0.9&apos;
Driver info: org.openqa.selenium.chrome.ChromeDriver
Command: [da74a3ab12312357a09be3df4a3c24b5, clickElement {id=f.22EA53A6C163E7065D3BF0266C599E91.d.62844698593D43DCD206C7551026F0B2.e.32}]
Capabilities {acceptInsecureCerts: false, browserName: chrome, browserVersion: 145.0.7632.46, chrome: {chromedriverVersion: 145.0.7632.76 (ee36f024f43a..., userDataDir: C:\Users\motil\AppData\Loca...}, fedcm:accounts: true, goog:chromeOptions: {debuggerAddress: localhost:34999}, goog:processID: 2124, networkConnectionEnabled: false, pageLoadStrategy: normal, platformName: windows, proxy: Proxy(), se:cdp: ws://localhost:34999/devtoo..., se:cdpVersion: 145.0.7632.46, setWindowRect: true, strictFileInteractability: false, timeouts: {implicit: 0, pageLoad: 300000, script: 30000}, unhandledPromptBehavior: dismiss and notify, webauthn:extension:credBlob: true, webauthn:extension:largeBlob: true, webauthn:extension:minPinLength: true, webauthn:extension:prf: true, webauthn:virtualAuthenticators: true}
Element: [[ChromeDriver: chrome on windows (da74a3ab12312357a09be3df4a3c24b5)] -&gt; partial link text: Apparel &amp; Shoes]
Session ID: da74a3ab12312357a09be3df4a3c24b5
	at org.openqa.selenium.remote.ErrorCodec.decode(ErrorCodec.java:167)
	at org.openqa.selenium.remote.codec.w3c.W3CHttpResponseCodec.decode(W3CHttpResponseCodec.java:138)
	at org.openqa.selenium.remote.codec.w3c.W3CHttpResponseCodec.decode(W3CHttpResponseCodec.java:50)
	at org.openqa.selenium.remote.HttpCommandExecutor.execute(HttpCommandExecutor.java:215)
	at org.openqa.selenium.remote.service.DriverCommandExecutor.invokeExecute(DriverCommandExecutor.java:216)
	at org.openqa.selenium.remote.service.DriverCommandExecutor.execute(DriverCommandExecutor.java:174)
	at org.openqa.selenium.remote.RemoteWebDriver.execute(RemoteWebDriver.java:557)
	at org.openqa.selenium.remote.RemoteWebElement.execute(RemoteWebElement.java:223)
	at org.openqa.selenium.remote.RemoteWebElement.click(RemoteWebElement.java:76)
	at org.openqa.selenium.support.pagefactory.internal.LocatingElementHandler.invoke(LocatingElementHandler.java:51)
	at jdk.proxy2/jdk.proxy2.$Proxy17.click(Unknown Source)
	at com.tricentis.pom.HomePage.clickShoesLink(HomePage.java:88)
	at com.tricentis.testscript.CartModule.verifyProductAfterLogout(CartModule.java:111)
	at java.base/java.util.ArrayList.forEach(ArrayList.java:1596)
... Removed 30 stack frames</div></td></tr></table><p class="totop"><a href="#summary">back to summary</a></p>
<h3 id="m1">com.tricentis.testscript.RegisterModule#register_success</h3><table class="result"><tr class="param"><th>Parameter #1</th><th>Parameter #2</th><th>Parameter #3</th><th>Parameter #4</th><th>Parameter #5</th><th>Parameter #6</th></tr><tr class="param stripe"><td>Female</td><td>Anu</td><td>Sharma</td><td>anu_101212@test.com</td><td>Test@123</td><td>Test@123</td></tr><tr><th colspan="6">Exception</th></tr><tr><td colspan="6"><div class="stacktrace">java.lang.AssertionError: expected [Your registration completed] but found [The specified email already exists]
	at com.tricentis.testscript.RegisterModule.register_success(RegisterModule.java:43)
	at java.base/java.util.ArrayList.forEach(ArrayList.java:1596)
... Removed 31 stack frames</div></td></tr></table><p class="totop"><a href="#summary">back to summary</a></p>
<h3 id="m2">com.tricentis.testscript.RegisterModule#register_success</h3><table class="result"><tr class="param"><th>Parameter #1</th><th>Parameter #2</th><th>Parameter #3</th><th>Parameter #4</th><th>Parameter #5</th><th>Parameter #6</th></tr><tr class="param stripe"><td>Male</td><td>Ravi</td><td>Kumar</td><td>ravi_1023232@test.com</td><td>Test@123</td><td>Test@123</td></tr><tr><th colspan="6">Exception</th></tr><tr><td colspan="6"><div class="stacktrace">org.openqa.selenium.StaleElementReferenceException: stale element reference: stale element not found
  (Session info: chrome=145.0.7632.46)
For documentation on this error, please visit: https://www.selenium.dev/documentation/webdriver/troubleshooting/errors#staleelementreferenceexception
Build info: version: &apos;4.38.0&apos;, revision: &apos;6b412e825c&apos;
System info: os.name: &apos;Windows 11&apos;, os.arch: &apos;amd64&apos;, os.version: &apos;10.0&apos;, java.version: &apos;21.0.9&apos;
Driver info: org.openqa.selenium.chrome.ChromeDriver
Command: [c066084e1ec1d2b7e9577e006b3b2a7d, getElementText {id=f.94CDAD9097986084A75DD104D6FEEFE6.d.E4568A3013939C4A1ABFAEBB254D3B62.e.42}]
Capabilities {acceptInsecureCerts: false, browserName: chrome, browserVersion: 145.0.7632.46, chrome: {chromedriverVersion: 145.0.7632.76 (ee36f024f43a..., userDataDir: C:\Users\motil\AppData\Loca...}, fedcm:accounts: true, goog:chromeOptions: {debuggerAddress: localhost:47980}, goog:processID: 25460, networkConnectionEnabled: false, pageLoadStrategy: normal, platformName: windows, proxy: Proxy(), se:cdp: ws://localhost:47980/devtoo..., se:cdpVersion: 145.0.7632.46, setWindowRect: true, strictFileInteractability: false, timeouts: {implicit: 0, pageLoad: 300000, script: 30000}, unhandledPromptBehavior: dismiss and notify, webauthn:extension:credBlob: true, webauthn:extension:largeBlob: true, webauthn:extension:minPinLength: true, webauthn:extension:prf: true, webauthn:virtualAuthenticators: true}
Element: [[ChromeDriver: chrome on windows (c066084e1ec1d2b7e9577e006b3b2a7d)] -&gt; xpath: //div[@class=&apos;page-body&apos;]/div[1]]
Session ID: c066084e1ec1d2b7e9577e006b3b2a7d
	at org.openqa.selenium.remote.ErrorCodec.decode(ErrorCodec.java:167)
	at org.openqa.selenium.remote.codec.w3c.W3CHttpResponseCodec.decode(W3CHttpResponseCodec.java:138)
	at org.openqa.selenium.remote.codec.w3c.W3CHttpResponseCodec.decode(W3CHttpResponseCodec.java:50)
	at org.openqa.selenium.remote.HttpCommandExecutor.execute(HttpCommandExecutor.java:215)
	at org.openqa.selenium.remote.service.DriverCommandExecutor.invokeExecute(DriverCommandExecutor.java:216)
	at org.openqa.selenium.remote.service.DriverCommandExecutor.execute(DriverCommandExecutor.java:174)
	at org.openqa.selenium.remote.RemoteWebDriver.execute(RemoteWebDriver.java:557)
	at org.openqa.selenium.remote.RemoteWebElement.execute(RemoteWebElement.java:223)
	at org.openqa.selenium.remote.RemoteWebElement.getText(RemoteWebElement.java:191)
	at org.openqa.selenium.support.pagefactory.internal.LocatingElementHandler.invoke(LocatingElementHandler.java:51)
	at jdk.proxy2/jdk.proxy2.$Proxy17.getText(Unknown Source)
	at com.tricentis.pom.RegisterPage.getRegisterSuccessMessage(RegisterPage.java:106)
	at com.tricentis.testscript.RegisterModule.register_success(RegisterModule.java:42)
	at java.base/java.util.ArrayList.forEach(ArrayList.java:1596)
... Removed 30 stack frames</div></td></tr></table><p class="totop"><a href="#summary">back to summary</a></p>
<h3 id="m3">com.tricentis.testscript.WishListModule#addToWishList</h3><table class="result"><tr><th>Exception</th></tr><tr><td><div class="stacktrace">org.openqa.selenium.StaleElementReferenceException: stale element reference: stale element not found
  (Session info: chrome=145.0.7632.46)
For documentation on this error, please visit: https://www.selenium.dev/documentation/webdriver/troubleshooting/errors#staleelementreferenceexception
Build info: version: &apos;4.38.0&apos;, revision: &apos;6b412e825c&apos;
System info: os.name: &apos;Windows 11&apos;, os.arch: &apos;amd64&apos;, os.version: &apos;10.0&apos;, java.version: &apos;21.0.9&apos;
Driver info: org.openqa.selenium.chrome.ChromeDriver
Command: [af68f9cd29e8a6ab081809d3a3b6f204, clickElement {id=f.154B509CF2D22C3501A97E71071DF769.d.ED23D45FB6640E158F76D036AB06D938.e.35}]
Capabilities {acceptInsecureCerts: false, browserName: chrome, browserVersion: 145.0.7632.46, chrome: {chromedriverVersion: 145.0.7632.76 (ee36f024f43a..., userDataDir: C:\Users\motil\AppData\Loca...}, fedcm:accounts: true, goog:chromeOptions: {debuggerAddress: localhost:23443}, goog:processID: 15976, networkConnectionEnabled: false, pageLoadStrategy: normal, platformName: windows, proxy: Proxy(), se:cdp: ws://localhost:23443/devtoo..., se:cdpVersion: 145.0.7632.46, setWindowRect: true, strictFileInteractability: false, timeouts: {implicit: 0, pageLoad: 300000, script: 30000}, unhandledPromptBehavior: dismiss and notify, webauthn:extension:credBlob: true, webauthn:extension:largeBlob: true, webauthn:extension:minPinLength: true, webauthn:extension:prf: true, webauthn:virtualAuthenticators: true}
Element: [[ChromeDriver: chrome on windows (af68f9cd29e8a6ab081809d3a3b6f204)] -&gt; partial link text: Apparel &amp; Shoes]
Session ID: af68f9cd29e8a6ab081809d3a3b6f204
	at org.openqa.selenium.remote.ErrorCodec.decode(ErrorCodec.java:167)
	at org.openqa.selenium.remote.codec.w3c.W3CHttpResponseCodec.decode(W3CHttpResponseCodec.java:138)
	at org.openqa.selenium.remote.codec.w3c.W3CHttpResponseCodec.decode(W3CHttpResponseCodec.java:50)
	at org.openqa.selenium.remote.HttpCommandExecutor.execute(HttpCommandExecutor.java:215)
	at org.openqa.selenium.remote.service.DriverCommandExecutor.invokeExecute(DriverCommandExecutor.java:216)
	at org.openqa.selenium.remote.service.DriverCommandExecutor.execute(DriverCommandExecutor.java:174)
	at org.openqa.selenium.remote.RemoteWebDriver.execute(RemoteWebDriver.java:557)
	at org.openqa.selenium.remote.RemoteWebElement.execute(RemoteWebElement.java:223)
	at org.openqa.selenium.remote.RemoteWebElement.click(RemoteWebElement.java:76)
	at org.openqa.selenium.support.pagefactory.internal.LocatingElementHandler.invoke(LocatingElementHandler.java:51)
	at jdk.proxy2/jdk.proxy2.$Proxy17.click(Unknown Source)
	at com.tricentis.pom.HomePage.clickShoesLink(HomePage.java:88)
	at com.tricentis.testscript.WishListModule.addToWishList(WishListModule.java:20)
	at java.base/java.util.ArrayList.forEach(ArrayList.java:1596)
... Removed 30 stack frames</div></td></tr></table><p class="totop"><a href="#summary">back to summary</a></p>
<h3 id="m4">com.tricentis.testscript.CartModule#checkAddedProduct</h3><table class="result"><tr><th>Messages</th></tr><tr><td><div class="messages">name and prices match with selected product: true<br/>Tc3 Passed<br/>checkAddedProducthas been passed</div></td></tr></table><p class="totop"><a href="#summary">back to summary</a></p>
<h3 id="m5">com.tricentis.testscript.CartModule#clickOnAddToCart</h3><table class="result"><tr><th>Messages</th></tr><tr><td><div class="messages">The product has been added to your shopping cart<br/>Tc1 Pssed<br/>clickOnAddToCarthas been passed</div></td></tr></table><p class="totop"><a href="#summary">back to summary</a></p>
<h3 id="m6">com.tricentis.testscript.CartModule#verifyCartProductWithSelectedProduct</h3><table class="result"><tr><th>Messages</th></tr><tr><td><div class="messages">Tc2 passed<br/>verifyCartProductWithSelectedProducthas been passed</div></td></tr></table><p class="totop"><a href="#summary">back to summary</a></p>
<h3 id="m7">com.tricentis.testscript.ContactUsModule#enquiry</h3><table class="result"><tr><th>Messages</th></tr><tr><td><div class="messages">enquiryhas been passed</div></td></tr></table><p class="totop"><a href="#summary">back to summary</a></p>
<h3 id="m8">com.tricentis.testscript.LoginModule#loginSuccess</h3><table class="result"><tr class="param"><th>Parameter #1</th><th>Parameter #2</th></tr><tr class="param stripe"><td>anu_101212@test.com</td><td>Test@123</td></tr><tr><th colspan="2">Messages</th></tr><tr><td colspan="2"><div class="messages">loginSuccesshas been passed</div></td></tr></table><p class="totop"><a href="#summary">back to summary</a></p>
<h3 id="m9">com.tricentis.testscript.LoginModule#loginSuccess</h3><table class="result"><tr class="param"><th>Parameter #1</th><th>Parameter #2</th></tr><tr class="param stripe"><td>ravi_1023232@test.com</td><td>Test@123</td></tr><tr><th colspan="2">Messages</th></tr><tr><td colspan="2"><div class="messages">loginSuccesshas been passed</div></td></tr></table><p class="totop"><a href="#summary">back to summary</a></p>
<h3 id="m10">com.tricentis.testscript.LoginModule#loginWithInvalidCred</h3><table class="result"><tr class="param"><th>Parameter #1</th><th>Parameter #2</th></tr><tr class="param stripe"><td></td><td></td></tr><tr><th colspan="2">Messages</th></tr><tr><td colspan="2"><div class="messages">loginWithInvalidCredhas been passed</div></td></tr></table><p class="totop"><a href="#summary">back to summary</a></p>
<h3 id="m11">com.tricentis.testscript.LoginModule#loginWithInvalidCred</h3><table class="result"><tr class="param"><th>Parameter #1</th><th>Parameter #2</th></tr><tr class="param stripe"><td>satyam@gmail.com</td><td></td></tr><tr><th colspan="2">Messages</th></tr><tr><td colspan="2"><div class="messages">loginWithInvalidCredhas been passed</div></td></tr></table><p class="totop"><a href="#summary">back to summary</a></p>
<h3 id="m12">com.tricentis.testscript.LoginModule#loginWithInvalidCred</h3><table class="result"><tr class="param"><th>Parameter #1</th><th>Parameter #2</th></tr><tr class="param stripe"><td>sdasd</td><td>Test@21323</td></tr><tr><th colspan="2">Messages</th></tr><tr><td colspan="2"><div class="messages">loginWithInvalidCredhas been passed</div></td></tr></table><p class="totop"><a href="#summary">back to summary</a></p>
<h3 id="m13">com.tricentis.testscript.RegisterModule#register_validation</h3><table class="result"><tr class="param"><th>Parameter #1</th><th>Parameter #2</th><th>Parameter #3</th><th>Parameter #4</th><th>Parameter #5</th><th>Parameter #6</th><th>Parameter #7</th></tr><tr class="param stripe"><td>Female</td><td>Riya</td><td></td><td>riya@test.com</td><td>Test@123</td><td>Test@123</td><td>Last name is required.</td></tr><tr><th colspan="7">Messages</th></tr><tr><td colspan="7"><div class="messages">register_validationhas been passed</div></td></tr></table><p class="totop"><a href="#summary">back to summary</a></p>
<h3 id="m14">com.tricentis.testscript.RegisterModule#register_validation</h3><table class="result"><tr class="param"><th>Parameter #1</th><th>Parameter #2</th><th>Parameter #3</th><th>Parameter #4</th><th>Parameter #5</th><th>Parameter #6</th><th>Parameter #7</th></tr><tr class="param stripe"><td>Male</td><td></td><td>Shah</td><td>karan@test.com</td><td>Test@123</td><td>Test@123</td><td>First name is required.</td></tr><tr><th colspan="7">Messages</th></tr><tr><td colspan="7"><div class="messages">register_validationhas been passed</div></td></tr></table><p class="totop"><a href="#summary">back to summary</a></p>
<h3 id="m15">com.tricentis.testscript.RegisterModule#register_validation</h3><table class="result"><tr class="param"><th>Parameter #1</th><th>Parameter #2</th><th>Parameter #3</th><th>Parameter #4</th><th>Parameter #5</th><th>Parameter #6</th><th>Parameter #7</th></tr><tr class="param stripe"><td>Female</td><td>Neha</td><td>Roy</td><td>neha@test.com</td><td></td><td>123.0</td><td>Password is required.</td></tr><tr><th colspan="7">Messages</th></tr><tr><td colspan="7"><div class="messages">register_validationhas been passed</div></td></tr></table><p class="totop"><a href="#summary">back to summary</a></p>
<h3 id="m16">com.tricentis.testscript.RegisterModule#register_validation</h3><table class="result"><tr class="param"><th>Parameter #1</th><th>Parameter #2</th><th>Parameter #3</th><th>Parameter #4</th><th>Parameter #5</th><th>Parameter #6</th><th>Parameter #7</th></tr><tr class="param stripe"><td>Male</td><td>Arjun</td><td>Das</td><td>arjun@test.com</td><td>Test@124</td><td>Test@4234234</td><td>The password and confirmation password do not match.</td></tr><tr><th colspan="7">Messages</th></tr><tr><td colspan="7"><div class="messages">register_validationhas been passed</div></td></tr></table><p class="totop"><a href="#summary">back to summary</a></p>
<h3 id="m17">com.tricentis.testscript.RegisterModule#register_validation</h3><table class="result"><tr class="param"><th>Parameter #1</th><th>Parameter #2</th><th>Parameter #3</th><th>Parameter #4</th><th>Parameter #5</th><th>Parameter #6</th><th>Parameter #7</th></tr><tr class="param stripe"><td>Male</td><td>Amit</td><td>Verma</td><td></td><td>Test@123</td><td>Test@123</td><td>Email is required.</td></tr><tr><th colspan="7">Messages</th></tr><tr><td colspan="7"><div class="messages">register_validationhas been passed</div></td></tr></table><p class="totop"><a href="#summary">back to summary</a></p>
<h3 id="m18">com.tricentis.testscript.RegisterModule#register_validation</h3><table class="result"><tr class="param"><th>Parameter #1</th><th>Parameter #2</th><th>Parameter #3</th><th>Parameter #4</th><th>Parameter #5</th><th>Parameter #6</th><th>Parameter #7</th></tr><tr class="param stripe"><td>Male</td><td>Arjun</td><td>Das</td><td>arjun@test.com</td><td>Test@123</td><td></td><td>Password is required.</td></tr><tr><th colspan="7">Messages</th></tr><tr><td colspan="7"><div class="messages">register_validationhas been passed</div></td></tr></table><p class="totop"><a href="#summary">back to summary</a></p>
<h3 id="m19">com.tricentis.testscript.ReviewModule#vrifyReviewProduct</h3><table class="result"><tr><th>Messages</th></tr><tr><td><div class="messages">vrifyReviewProducthas been passed</div></td></tr></table><p class="totop"><a href="#summary">back to summary</a></p>
<h3 id="m20">com.tricentis.testscript.WishListModule#checkAddedProduct</h3><table class="result"><tr><th>Messages</th></tr><tr><td><div class="messages">Blue and green Sneaker<br/>Blue and green Sneaker<br/>The product has been added to your wishlist<br/>name and prices match with selected product: true<br/>checkAddedProducthas been passed</div></td></tr></table><p class="totop"><a href="#summary">back to summary</a></p>
</body>
</html>
