<!DOCTYPE html>

<html>
  <head>
  <meta charset='utf-8'>
  <title>TestNG reports</title>

    <link type="text/css" href="testng-reports1.css" rel="stylesheet" id="ultra" />
    <link type="text/css" href="testng-reports.css" rel="stylesheet" id="retro" disabled="false"/>
    <script type="text/javascript" src="jquery-3.6.0.min.js"></script>
    <script type="text/javascript" src="testng-reports.js"></script>
    <script type="text/javascript" src="https://www.google.com/jsapi"></script>
    <script type='text/javascript'>
      google.load('visualization', '1', {packages:['table']});
      google.setOnLoadCallback(drawTable);
      var suiteTableInitFunctions = new Array();
      var suiteTableData = new Array();
    </script>
    <!--
      <script type="text/javascript" src="jquery-ui/js/jquery-ui-1.8.16.custom.min.js"></script>
     -->
  </head>

  <body>    <div class="top-banner-root">
      <span class="top-banner-title-font">Test results</span>
      <button id="button" class="button">Switch Retro Theme</button> <!-- button -->
      <br/>
      <span class="top-banner-font-1">1 suite, 4 failed tests</span>
    </div> <!-- top-banner-root -->
    <div class="navigator-root">
      <div class="navigator-suite-header">
        <span>All suites</span>
        <a href="#" title="Collapse/expand all the suites" class="collapse-all-link">
          <img src="collapseall.gif" class="collapse-all-icon">
          </img> <!-- collapse-all-icon -->
        </a> <!-- collapse-all-link -->
      </div> <!-- navigator-suite-header -->
      <div class="suite">
        <div class="rounded-window">
          <div class="suite-header light-rounded-window-top">
            <a href="#" panel-name="suite-Suite" class="navigator-link">
              <span class="suite-name border-failed">Suite</span>
            </a> <!-- navigator-link -->
          </div> <!-- suite-header light-rounded-window-top -->
          <div class="navigator-suite-content">
            <div class="suite-section-title">
              <span>Info</span>
            </div> <!-- suite-section-title -->
            <div class="suite-section-content">
              <ul>
                <li>
                  <a href="#" panel-name="test-xml-Suite" class="navigator-link ">
                    <span>F:\SW\DemoWebShop\testng.xml</span>
                  </a> <!-- navigator-link  -->
                </li>
                <li>
                  <a href="#" panel-name="testlist-Suite" class="navigator-link ">
                    <span class="test-stats">1 test</span>
                  </a> <!-- navigator-link  -->
                </li>
                <li>
                  <a href="#" panel-name="group-Suite" class="navigator-link ">
                    <span>2 groups</span>
                  </a> <!-- navigator-link  -->
                </li>
                <li>
                  <a href="#" panel-name="times-Suite" class="navigator-link ">
                    <span>Times</span>
                  </a> <!-- navigator-link  -->
                </li>
                <li>
                  <a href="#" panel-name="reporter-Suite" class="navigator-link ">
                    <span>Reporter output</span>
                  </a> <!-- navigator-link  -->
                </li>
                <li>
                  <a href="#" panel-name="ignored-methods-Suite" class="navigator-link ">
                    <span>Ignored methods</span>
                  </a> <!-- navigator-link  -->
                </li>
                <li>
                  <a href="#" panel-name="chronological-Suite" class="navigator-link ">
                    <span>Chronological view</span>
                  </a> <!-- navigator-link  -->
                </li>
              </ul>
            </div> <!-- suite-section-content -->
            <div class="result-section">
              <div class="suite-section-title">
                <span>Results</span>
              </div> <!-- suite-section-title -->
              <div class="suite-section-content">
                <ul>
                  <li>
                    <span class="method-stats">21 methods, 4 failed,   17 passed</span>
                  </li>
                  <li>
                    <span class="method-list-title failed">Failed methods</span>
                    <span class="show-or-hide-methods failed">
                      <a href="#" panel-name="suite-Suite" class="hide-methods failed suite-Suite"> (hide)</a> <!-- hide-methods failed suite-Suite -->
                      <a href="#" panel-name="suite-Suite" class="show-methods failed suite-Suite"> (show)</a> <!-- show-methods failed suite-Suite -->
                    </span>
                    <div class="method-list-content failed suite-Suite">
                      <span>
                        <img src="failed.png" width="3%"/>
                        <a href="#" panel-name="suite-Suite" title="com.tricentis.testscript.WishListModule" class="method navigator-link" hash-for-method="addToWishList">addToWishList</a> <!-- method navigator-link -->
                      </span>
                      <br/>
                      <span>
                        <img src="failed.png" width="3%"/>
                        <a href="#" panel-name="suite-Suite" title="com.tricentis.testscript.RegisterModule" class="method navigator-link" hash-for-method="register_success(Female, Anu, Sharma, anu_101212@test.com, Test@123, Test@123)">register_success(Female, Anu, Sharma, anu_101212@test.com, Test@123, Test@123)</a> <!-- method navigator-link -->
                      </span>
                      <br/>
                      <span>
                        <img src="failed.png" width="3%"/>
                        <a href="#" panel-name="suite-Suite" title="com.tricentis.testscript.RegisterModule" class="method navigator-link" hash-for-method="register_success(Male, Ravi, Kumar, ravi_1023232@test.com, Test@123, Test@123)">register_success(Male, Ravi, Kumar, ravi_1023232@test.com, Test@123, Test@123)</a> <!-- method navigator-link -->
                      </span>
                      <br/>
                      <span>
                        <img src="failed.png" width="3%"/>
                        <a href="#" panel-name="suite-Suite" title="com.tricentis.testscript.CartModule" class="method navigator-link" hash-for-method="verifyProductAfterLogout">verifyProductAfterLogout</a> <!-- method navigator-link -->
                      </span>
                      <br/>
                    </div> <!-- method-list-content failed suite-Suite -->
                  </li>
                  <li>
                    <span class="method-list-title passed">Passed methods</span>
                    <span class="show-or-hide-methods passed">
                      <a href="#" panel-name="suite-Suite" class="hide-methods passed suite-Suite"> (hide)</a> <!-- hide-methods passed suite-Suite -->
                      <a href="#" panel-name="suite-Suite" class="show-methods passed suite-Suite"> (show)</a> <!-- show-methods passed suite-Suite -->
                    </span>
                    <div class="method-list-content passed suite-Suite">
                      <span>
                        <img src="passed.png" width="3%"/>
                        <a href="#" panel-name="suite-Suite" title="com.tricentis.testscript.WishListModule" class="method navigator-link" hash-for-method="checkAddedProduct">checkAddedProduct</a> <!-- method navigator-link -->
                      </span>
                      <br/>
                      <span>
                        <img src="passed.png" width="3%"/>
                        <a href="#" panel-name="suite-Suite" title="com.tricentis.testscript.CartModule" class="method navigator-link" hash-for-method="checkAddedProduct">checkAddedProduct</a> <!-- method navigator-link -->
                      </span>
                      <br/>
                      <span>
                        <img src="passed.png" width="3%"/>
                        <a href="#" panel-name="suite-Suite" title="com.tricentis.testscript.CartModule" class="method navigator-link" hash-for-method="clickOnAddToCart">clickOnAddToCart</a> <!-- method navigator-link -->
                      </span>
                      <br/>
                      <span>
                        <img src="passed.png" width="3%"/>
                        <a href="#" panel-name="suite-Suite" title="com.tricentis.testscript.ContactUsModule" class="method navigator-link" hash-for-method="enquiry">enquiry</a> <!-- method navigator-link -->
                      </span>
                      <br/>
                      <span>
                        <img src="passed.png" width="3%"/>
                        <a href="#" panel-name="suite-Suite" title="com.tricentis.testscript.LoginModule" class="method navigator-link" hash-for-method="loginSuccess(anu_101212@test.com, Test@123)">loginSuccess(anu_101212@test.com, Test@123)</a> <!-- method navigator-link -->
                      </span>
                      <br/>
                      <span>
                        <img src="passed.png" width="3%"/>
                        <a href="#" panel-name="suite-Suite" title="com.tricentis.testscript.LoginModule" class="method navigator-link" hash-for-method="loginSuccess(ravi_1023232@test.com, Test@123)">loginSuccess(ravi_1023232@test.com, Test@123)</a> <!-- method navigator-link -->
                      </span>
                      <br/>
                      <span>
                        <img src="passed.png" width="3%"/>
                        <a href="#" panel-name="suite-Suite" title="com.tricentis.testscript.LoginModule" class="method navigator-link" hash-for-method="loginWithInvalidCred(, )">loginWithInvalidCred(, )</a> <!-- method navigator-link -->
                      </span>
                      <br/>
                      <span>
                        <img src="passed.png" width="3%"/>
                        <a href="#" panel-name="suite-Suite" title="com.tricentis.testscript.LoginModule" class="method navigator-link" hash-for-method="loginWithInvalidCred(satyam@gmail.com, )">loginWithInvalidCred(satyam@gmail.com, )</a> <!-- method navigator-link -->
                      </span>
                      <br/>
                      <span>
                        <img src="passed.png" width="3%"/>
                        <a href="#" panel-name="suite-Suite" title="com.tricentis.testscript.LoginModule" class="method navigator-link" hash-for-method="loginWithInvalidCred(sdasd, Test@21323)">loginWithInvalidCred(sdasd, Test@21323)</a> <!-- method navigator-link -->
                      </span>
                      <br/>
                      <span>
                        <img src="passed.png" width="3%"/>
                        <a href="#" panel-name="suite-Suite" title="com.tricentis.testscript.RegisterModule" class="method navigator-link" hash-for-method="register_validation(Female, Riya, , riya@test.com, Test@123, Test@123, Last name is required.)">register_validation(Female, Riya, , riya@test.com, Test@123, Test@123, Last name is required.)</a> <!-- method navigator-link -->
                      </span>
                      <br/>
                      <span>
                        <img src="passed.png" width="3%"/>
                        <a href="#" panel-name="suite-Suite" title="com.tricentis.testscript.RegisterModule" class="method navigator-link" hash-for-method="register_validation(Male, , Shah, karan@test.com, Test@123, Test@123, First name is required.)">register_validation(Male, , Shah, karan@test.com, Test@123, Test@123, First name is required.)</a> <!-- method navigator-link -->
                      </span>
                      <br/>
                      <span>
                        <img src="passed.png" width="3%"/>
                        <a href="#" panel-name="suite-Suite" title="com.tricentis.testscript.RegisterModule" class="method navigator-link" hash-for-method="register_validation(Female, Neha, Roy, neha@test.com, , 123.0, Password is required.)">register_validation(Female, Neha, Roy, neha@test.com, , 123.0, Password is required.)</a> <!-- method navigator-link -->
                      </span>
                      <br/>
                      <span>
                        <img src="passed.png" width="3%"/>
                        <a href="#" panel-name="suite-Suite" title="com.tricentis.testscript.RegisterModule" class="method navigator-link" hash-for-method="register_validation(Male, Arjun, Das, arjun@test.com, Test@124, Test@4234234, The password and confirmation password do ...)">register_validation(Male, Arjun, Das, arjun@test.com, Test@124, Test@4234234, The password and confirmation password do ...)</a> <!-- method navigator-link -->
                      </span>
                      <br/>
                      <span>
                        <img src="passed.png" width="3%"/>
                        <a href="#" panel-name="suite-Suite" title="com.tricentis.testscript.RegisterModule" class="method navigator-link" hash-for-method="register_validation(Male, Amit, Verma, , Test@123, Test@123, Email is required.)">register_validation(Male, Amit, Verma, , Test@123, Test@123, Email is required.)</a> <!-- method navigator-link -->
                      </span>
                      <br/>
                      <span>
                        <img src="passed.png" width="3%"/>
                        <a href="#" panel-name="suite-Suite" title="com.tricentis.testscript.RegisterModule" class="method navigator-link" hash-for-method="register_validation(Male, Arjun, Das, arjun@test.com, Test@123, , Password is required.)">register_validation(Male, Arjun, Das, arjun@test.com, Test@123, , Password is required.)</a> <!-- method navigator-link -->
                      </span>
                      <br/>
                      <span>
                        <img src="passed.png" width="3%"/>
                        <a href="#" panel-name="suite-Suite" title="com.tricentis.testscript.CartModule" class="method navigator-link" hash-for-method="verifyCartProductWithSelectedProduct">verifyCartProductWithSelectedProduct</a> <!-- method navigator-link -->
                      </span>
                      <br/>
                      <span>
                        <img src="passed.png" width="3%"/>
                        <a href="#" panel-name="suite-Suite" title="com.tricentis.testscript.ReviewModule" class="method navigator-link" hash-for-method="vrifyReviewProduct">vrifyReviewProduct</a> <!-- method navigator-link -->
                      </span>
                      <br/>
                    </div> <!-- method-list-content passed suite-Suite -->
                  </li>
                </ul>
              </div> <!-- suite-section-content -->
            </div> <!-- result-section -->
          </div> <!-- navigator-suite-content -->
        </div> <!-- rounded-window -->
      </div> <!-- suite -->
    </div> <!-- navigator-root -->
    <div class="wrapper">
      <div class="main-panel-root">
        <div panel-name="suite-Suite" class="panel Suite">
          <div class="suite-Suite-class-failed">
            <div class="main-panel-header rounded-window-top">
              <img src="failed.png"/>
              <span class="class-name">com.tricentis.testscript.CartModule</span>
            </div> <!-- main-panel-header rounded-window-top -->
            <div class="main-panel-content rounded-window-bottom">
              <div class="method">
                <div class="method-content">
                  <a name="verifyProductAfterLogout">
                  </a> <!-- verifyProductAfterLogout -->
                  <span class="method-name">verifyProductAfterLogout</span>
                  <div class="stack-trace">org.openqa.selenium.StaleElementReferenceException: stale element reference: stale element not found
  (Session info: chrome=145.0.7632.46)
For documentation on this error, please visit: https://www.selenium.dev/documentation/webdriver/troubleshooting/errors#staleelementreferenceexception
Build info: version: &apos;4.38.0&apos;, revision: &apos;6b412e825c&apos;
System info: os.name: &apos;Windows 11&apos;, os.arch: &apos;amd64&apos;, os.version: &apos;10.0&apos;, java.version: &apos;21.0.9&apos;
Driver info: org.openqa.selenium.chrome.ChromeDriver
Command: [da74a3ab12312357a09be3df4a3c24b5, clickElement {id=f.22EA53A6C163E7065D3BF0266C599E91.d.62844698593D43DCD206C7551026F0B2.e.32}]
Capabilities {acceptInsecureCerts: false, browserName: chrome, browserVersion: 145.0.7632.46, chrome: {chromedriverVersion: 145.0.7632.76 (ee36f024f43a..., userDataDir: C:\Users\motil\AppData\Loca...}, fedcm:accounts: true, goog:chromeOptions: {debuggerAddress: localhost:34999}, goog:processID: 2124, networkConnectionEnabled: false, pageLoadStrategy: normal, platformName: windows, proxy: Proxy(), se:cdp: ws://localhost:34999/devtoo..., se:cdpVersion: 145.0.7632.46, setWindowRect: true, strictFileInteractability: false, timeouts: {implicit: 0, pageLoad: 300000, script: 30000}, unhandledPromptBehavior: dismiss and notify, webauthn:extension:credBlob: true, webauthn:extension:largeBlob: true, webauthn:extension:minPinLength: true, webauthn:extension:prf: true, webauthn:virtualAuthenticators: true}
Element: [[ChromeDriver: chrome on windows (da74a3ab12312357a09be3df4a3c24b5)] -&gt; partial link text: Apparel &amp; Shoes]
Session ID: da74a3ab12312357a09be3df4a3c24b5
	at org.openqa.selenium.remote.ErrorCodec.decode(ErrorCodec.java:167)
	at org.openqa.selenium.remote.codec.w3c.W3CHttpResponseCodec.decode(W3CHttpResponseCodec.java:138)
	at org.openqa.selenium.remote.codec.w3c.W3CHttpResponseCodec.decode(W3CHttpResponseCodec.java:50)
	at org.openqa.selenium.remote.HttpCommandExecutor.execute(HttpCommandExecutor.java:215)
	at org.openqa.selenium.remote.service.DriverCommandExecutor.invokeExecute(DriverCommandExecutor.java:216)
	at org.openqa.selenium.remote.service.DriverCommandExecutor.execute(DriverCommandExecutor.java:174)
	at org.openqa.selenium.remote.RemoteWebDriver.execute(RemoteWebDriver.java:557)
	at org.openqa.selenium.remote.RemoteWebElement.execute(RemoteWebElement.java:223)
	at org.openqa.selenium.remote.RemoteWebElement.click(RemoteWebElement.java:76)
	at org.openqa.selenium.support.pagefactory.internal.LocatingElementHandler.invoke(LocatingElementHandler.java:51)
	at jdk.proxy2/jdk.proxy2.$Proxy17.click(Unknown Source)
	at com.tricentis.pom.HomePage.clickShoesLink(HomePage.java:88)
	at com.tricentis.testscript.CartModule.verifyProductAfterLogout(CartModule.java:111)
	at java.base/java.util.ArrayList.forEach(ArrayList.java:1596)
... Removed 30 stack frames
</div> <!-- stack-trace -->
                </div> <!-- method-content -->
              </div> <!-- method -->
            </div> <!-- main-panel-content rounded-window-bottom -->
          </div> <!-- suite-Suite-class-failed -->
          <div class="suite-Suite-class-failed">
            <div class="main-panel-header rounded-window-top">
              <img src="failed.png"/>
              <span class="class-name">com.tricentis.testscript.WishListModule</span>
            </div> <!-- main-panel-header rounded-window-top -->
            <div class="main-panel-content rounded-window-bottom">
              <div class="method">
                <div class="method-content">
                  <a name="addToWishList">
                  </a> <!-- addToWishList -->
                  <span class="method-name">addToWishList</span>
                  <div class="stack-trace">org.openqa.selenium.StaleElementReferenceException: stale element reference: stale element not found
  (Session info: chrome=145.0.7632.46)
For documentation on this error, please visit: https://www.selenium.dev/documentation/webdriver/troubleshooting/errors#staleelementreferenceexception
Build info: version: &apos;4.38.0&apos;, revision: &apos;6b412e825c&apos;
System info: os.name: &apos;Windows 11&apos;, os.arch: &apos;amd64&apos;, os.version: &apos;10.0&apos;, java.version: &apos;21.0.9&apos;
Driver info: org.openqa.selenium.chrome.ChromeDriver
Command: [af68f9cd29e8a6ab081809d3a3b6f204, clickElement {id=f.154B509CF2D22C3501A97E71071DF769.d.ED23D45FB6640E158F76D036AB06D938.e.35}]
Capabilities {acceptInsecureCerts: false, browserName: chrome, browserVersion: 145.0.7632.46, chrome: {chromedriverVersion: 145.0.7632.76 (ee36f024f43a..., userDataDir: C:\Users\motil\AppData\Loca...}, fedcm:accounts: true, goog:chromeOptions: {debuggerAddress: localhost:23443}, goog:processID: 15976, networkConnectionEnabled: false, pageLoadStrategy: normal, platformName: windows, proxy: Proxy(), se:cdp: ws://localhost:23443/devtoo..., se:cdpVersion: 145.0.7632.46, setWindowRect: true, strictFileInteractability: false, timeouts: {implicit: 0, pageLoad: 300000, script: 30000}, unhandledPromptBehavior: dismiss and notify, webauthn:extension:credBlob: true, webauthn:extension:largeBlob: true, webauthn:extension:minPinLength: true, webauthn:extension:prf: true, webauthn:virtualAuthenticators: true}
Element: [[ChromeDriver: chrome on windows (af68f9cd29e8a6ab081809d3a3b6f204)] -&gt; partial link text: Apparel &amp; Shoes]
Session ID: af68f9cd29e8a6ab081809d3a3b6f204
	at org.openqa.selenium.remote.ErrorCodec.decode(ErrorCodec.java:167)
	at org.openqa.selenium.remote.codec.w3c.W3CHttpResponseCodec.decode(W3CHttpResponseCodec.java:138)
	at org.openqa.selenium.remote.codec.w3c.W3CHttpResponseCodec.decode(W3CHttpResponseCodec.java:50)
	at org.openqa.selenium.remote.HttpCommandExecutor.execute(HttpCommandExecutor.java:215)
	at org.openqa.selenium.remote.service.DriverCommandExecutor.invokeExecute(DriverCommandExecutor.java:216)
	at org.openqa.selenium.remote.service.DriverCommandExecutor.execute(DriverCommandExecutor.java:174)
	at org.openqa.selenium.remote.RemoteWebDriver.execute(RemoteWebDriver.java:557)
	at org.openqa.selenium.remote.RemoteWebElement.execute(RemoteWebElement.java:223)
	at org.openqa.selenium.remote.RemoteWebElement.click(RemoteWebElement.java:76)
	at org.openqa.selenium.support.pagefactory.internal.LocatingElementHandler.invoke(LocatingElementHandler.java:51)
	at jdk.proxy2/jdk.proxy2.$Proxy17.click(Unknown Source)
	at com.tricentis.pom.HomePage.clickShoesLink(HomePage.java:88)
	at com.tricentis.testscript.WishListModule.addToWishList(WishListModule.java:20)
	at java.base/java.util.ArrayList.forEach(ArrayList.java:1596)
... Removed 30 stack frames
</div> <!-- stack-trace -->
                </div> <!-- method-content -->
              </div> <!-- method -->
            </div> <!-- main-panel-content rounded-window-bottom -->
          </div> <!-- suite-Suite-class-failed -->
          <div class="suite-Suite-class-failed">
            <div class="main-panel-header rounded-window-top">
              <img src="failed.png"/>
              <span class="class-name">com.tricentis.testscript.RegisterModule</span>
            </div> <!-- main-panel-header rounded-window-top -->
            <div class="main-panel-content rounded-window-bottom">
              <div class="method">
                <div class="method-content">
                  <a name="register_success(Female, Anu, Sharma, anu_101212@test.com, Test@123, Test@123)">
                  </a> <!-- register_success(Female, Anu, Sharma, anu_101212@test.com, Test@123, Test@123) -->
                  <span class="method-name">register_success</span>
                  <span class="parameters">(Female,Anu,Sharma,anu_101212@test.com,Test@123,Test@123)</span>
                  <div class="stack-trace">java.lang.AssertionError: expected [Your registration completed] but found [The specified email already exists]
	at com.tricentis.testscript.RegisterModule.register_success(RegisterModule.java:43)
	at java.base/java.util.ArrayList.forEach(ArrayList.java:1596)
... Removed 31 stack frames
</div> <!-- stack-trace -->
                </div> <!-- method-content -->
              </div> <!-- method -->
              <div class="method">
                <div class="method-content">
                  <a name="register_success(Male, Ravi, Kumar, ravi_1023232@test.com, Test@123, Test@123)">
                  </a> <!-- register_success(Male, Ravi, Kumar, ravi_1023232@test.com, Test@123, Test@123) -->
                  <span class="method-name">register_success</span>
                  <span class="parameters">(Male,Ravi,Kumar,ravi_1023232@test.com,Test@123,Test@123)</span>
                  <div class="stack-trace">org.openqa.selenium.StaleElementReferenceException: stale element reference: stale element not found
  (Session info: chrome=145.0.7632.46)
For documentation on this error, please visit: https://www.selenium.dev/documentation/webdriver/troubleshooting/errors#staleelementreferenceexception
Build info: version: &apos;4.38.0&apos;, revision: &apos;6b412e825c&apos;
System info: os.name: &apos;Windows 11&apos;, os.arch: &apos;amd64&apos;, os.version: &apos;10.0&apos;, java.version: &apos;21.0.9&apos;
Driver info: org.openqa.selenium.chrome.ChromeDriver
Command: [c066084e1ec1d2b7e9577e006b3b2a7d, getElementText {id=f.94CDAD9097986084A75DD104D6FEEFE6.d.E4568A3013939C4A1ABFAEBB254D3B62.e.42}]
Capabilities {acceptInsecureCerts: false, browserName: chrome, browserVersion: 145.0.7632.46, chrome: {chromedriverVersion: 145.0.7632.76 (ee36f024f43a..., userDataDir: C:\Users\motil\AppData\Loca...}, fedcm:accounts: true, goog:chromeOptions: {debuggerAddress: localhost:47980}, goog:processID: 25460, networkConnectionEnabled: false, pageLoadStrategy: normal, platformName: windows, proxy: Proxy(), se:cdp: ws://localhost:47980/devtoo..., se:cdpVersion: 145.0.7632.46, setWindowRect: true, strictFileInteractability: false, timeouts: {implicit: 0, pageLoad: 300000, script: 30000}, unhandledPromptBehavior: dismiss and notify, webauthn:extension:credBlob: true, webauthn:extension:largeBlob: true, webauthn:extension:minPinLength: true, webauthn:extension:prf: true, webauthn:virtualAuthenticators: true}
Element: [[ChromeDriver: chrome on windows (c066084e1ec1d2b7e9577e006b3b2a7d)] -&gt; xpath: //div[@class=&apos;page-body&apos;]/div[1]]
Session ID: c066084e1ec1d2b7e9577e006b3b2a7d
	at org.openqa.selenium.remote.ErrorCodec.decode(ErrorCodec.java:167)
	at org.openqa.selenium.remote.codec.w3c.W3CHttpResponseCodec.decode(W3CHttpResponseCodec.java:138)
	at org.openqa.selenium.remote.codec.w3c.W3CHttpResponseCodec.decode(W3CHttpResponseCodec.java:50)
	at org.openqa.selenium.remote.HttpCommandExecutor.execute(HttpCommandExecutor.java:215)
	at org.openqa.selenium.remote.service.DriverCommandExecutor.invokeExecute(DriverCommandExecutor.java:216)
	at org.openqa.selenium.remote.service.DriverCommandExecutor.execute(DriverCommandExecutor.java:174)
	at org.openqa.selenium.remote.RemoteWebDriver.execute(RemoteWebDriver.java:557)
	at org.openqa.selenium.remote.RemoteWebElement.execute(RemoteWebElement.java:223)
	at org.openqa.selenium.remote.RemoteWebElement.getText(RemoteWebElement.java:191)
	at org.openqa.selenium.support.pagefactory.internal.LocatingElementHandler.invoke(LocatingElementHandler.java:51)
	at jdk.proxy2/jdk.proxy2.$Proxy17.getText(Unknown Source)
	at com.tricentis.pom.RegisterPage.getRegisterSuccessMessage(RegisterPage.java:106)
	at com.tricentis.testscript.RegisterModule.register_success(RegisterModule.java:42)
	at java.base/java.util.ArrayList.forEach(ArrayList.java:1596)
... Removed 30 stack frames
</div> <!-- stack-trace -->
                </div> <!-- method-content -->
              </div> <!-- method -->
            </div> <!-- main-panel-content rounded-window-bottom -->
          </div> <!-- suite-Suite-class-failed -->
          <div class="suite-Suite-class-passed">
            <div class="main-panel-header rounded-window-top">
              <img src="passed.png"/>
              <span class="class-name">com.tricentis.testscript.CartModule</span>
            </div> <!-- main-panel-header rounded-window-top -->
            <div class="main-panel-content rounded-window-bottom">
              <div class="method">
                <div class="method-content">
                  <a name="checkAddedProduct">
                  </a> <!-- checkAddedProduct -->
                  <span class="method-name">checkAddedProduct</span>
                </div> <!-- method-content -->
              </div> <!-- method -->
              <div class="method">
                <div class="method-content">
                  <a name="clickOnAddToCart">
                  </a> <!-- clickOnAddToCart -->
                  <span class="method-name">clickOnAddToCart</span>
                </div> <!-- method-content -->
              </div> <!-- method -->
              <div class="method">
                <div class="method-content">
                  <a name="verifyCartProductWithSelectedProduct">
                  </a> <!-- verifyCartProductWithSelectedProduct -->
                  <span class="method-name">verifyCartProductWithSelectedProduct</span>
                </div> <!-- method-content -->
              </div> <!-- method -->
            </div> <!-- main-panel-content rounded-window-bottom -->
          </div> <!-- suite-Suite-class-passed -->
          <div class="suite-Suite-class-passed">
            <div class="main-panel-header rounded-window-top">
              <img src="passed.png"/>
              <span class="class-name">com.tricentis.testscript.WishListModule</span>
            </div> <!-- main-panel-header rounded-window-top -->
            <div class="main-panel-content rounded-window-bottom">
              <div class="method">
                <div class="method-content">
                  <a name="checkAddedProduct">
                  </a> <!-- checkAddedProduct -->
                  <span class="method-name">checkAddedProduct</span>
                </div> <!-- method-content -->
              </div> <!-- method -->
            </div> <!-- main-panel-content rounded-window-bottom -->
          </div> <!-- suite-Suite-class-passed -->
          <div class="suite-Suite-class-passed">
            <div class="main-panel-header rounded-window-top">
              <img src="passed.png"/>
              <span class="class-name">com.tricentis.testscript.RegisterModule</span>
            </div> <!-- main-panel-header rounded-window-top -->
            <div class="main-panel-content rounded-window-bottom">
              <div class="method">
                <div class="method-content">
                  <a name="register_validation(Female, Riya, , riya@test.com, Test@123, Test@123, Last name is required.)">
                  </a> <!-- register_validation(Female, Riya, , riya@test.com, Test@123, Test@123, Last name is required.) -->
                  <span class="method-name">register_validation</span>
                  <span class="parameters">(Female,Riya,,riya@test.com,Test@123,Test@123,Last name is required.)</span>
                </div> <!-- method-content -->
              </div> <!-- method -->
              <div class="method">
                <div class="method-content">
                  <a name="register_validation(Male, , Shah, karan@test.com, Test@123, Test@123, First name is required.)">
                  </a> <!-- register_validation(Male, , Shah, karan@test.com, Test@123, Test@123, First name is required.) -->
                  <span class="method-name">register_validation</span>
                  <span class="parameters">(Male,,Shah,karan@test.com,Test@123,Test@123,First name is required.)</span>
                </div> <!-- method-content -->
              </div> <!-- method -->
              <div class="method">
                <div class="method-content">
                  <a name="register_validation(Female, Neha, Roy, neha@test.com, , 123.0, Password is required.)">
                  </a> <!-- register_validation(Female, Neha, Roy, neha@test.com, , 123.0, Password is required.) -->
                  <span class="method-name">register_validation</span>
                  <span class="parameters">(Female,Neha,Roy,neha@test.com,,123.0,Password is required.)</span>
                </div> <!-- method-content -->
              </div> <!-- method -->
              <div class="method">
                <div class="method-content">
                  <a name="register_validation(Male, Arjun, Das, arjun@test.com, Test@124, Test@4234234, The password and confirmation password do ...)">
                  </a> <!-- register_validation(Male, Arjun, Das, arjun@test.com, Test@124, Test@4234234, The password and confirmation password do ...) -->
                  <span class="method-name">register_validation</span>
                  <span class="parameters">(Male,Arjun,Das,arjun@test.com,Test@124,Test@4234234,The password and confirmation password do not match.)</span>
                </div> <!-- method-content -->
              </div> <!-- method -->
              <div class="method">
                <div class="method-content">
                  <a name="register_validation(Male, Amit, Verma, , Test@123, Test@123, Email is required.)">
                  </a> <!-- register_validation(Male, Amit, Verma, , Test@123, Test@123, Email is required.) -->
                  <span class="method-name">register_validation</span>
                  <span class="parameters">(Male,Amit,Verma,,Test@123,Test@123,Email is required.)</span>
                </div> <!-- method-content -->
              </div> <!-- method -->
              <div class="method">
                <div class="method-content">
                  <a name="register_validation(Male, Arjun, Das, arjun@test.com, Test@123, , Password is required.)">
                  </a> <!-- register_validation(Male, Arjun, Das, arjun@test.com, Test@123, , Password is required.) -->
                  <span class="method-name">register_validation</span>
                  <span class="parameters">(Male,Arjun,Das,arjun@test.com,Test@123,,Password is required.)</span>
                </div> <!-- method-content -->
              </div> <!-- method -->
            </div> <!-- main-panel-content rounded-window-bottom -->
          </div> <!-- suite-Suite-class-passed -->
          <div class="suite-Suite-class-passed">
            <div class="main-panel-header rounded-window-top">
              <img src="passed.png"/>
              <span class="class-name">com.tricentis.testscript.ContactUsModule</span>
            </div> <!-- main-panel-header rounded-window-top -->
            <div class="main-panel-content rounded-window-bottom">
              <div class="method">
                <div class="method-content">
                  <a name="enquiry">
                  </a> <!-- enquiry -->
                  <span class="method-name">enquiry</span>
                </div> <!-- method-content -->
              </div> <!-- method -->
            </div> <!-- main-panel-content rounded-window-bottom -->
          </div> <!-- suite-Suite-class-passed -->
          <div class="suite-Suite-class-passed">
            <div class="main-panel-header rounded-window-top">
              <img src="passed.png"/>
              <span class="class-name">com.tricentis.testscript.ReviewModule</span>
            </div> <!-- main-panel-header rounded-window-top -->
            <div class="main-panel-content rounded-window-bottom">
              <div class="method">
                <div class="method-content">
                  <a name="vrifyReviewProduct">
                  </a> <!-- vrifyReviewProduct -->
                  <span class="method-name">vrifyReviewProduct</span>
                </div> <!-- method-content -->
              </div> <!-- method -->
            </div> <!-- main-panel-content rounded-window-bottom -->
          </div> <!-- suite-Suite-class-passed -->
          <div class="suite-Suite-class-passed">
            <div class="main-panel-header rounded-window-top">
              <img src="passed.png"/>
              <span class="class-name">com.tricentis.testscript.LoginModule</span>
            </div> <!-- main-panel-header rounded-window-top -->
            <div class="main-panel-content rounded-window-bottom">
              <div class="method">
                <div class="method-content">
                  <a name="loginSuccess(anu_101212@test.com, Test@123)">
                  </a> <!-- loginSuccess(anu_101212@test.com, Test@123) -->
                  <span class="method-name">loginSuccess</span>
                  <span class="parameters">(anu_101212@test.com,Test@123)</span>
                </div> <!-- method-content -->
              </div> <!-- method -->
              <div class="method">
                <div class="method-content">
                  <a name="loginSuccess(ravi_1023232@test.com, Test@123)">
                  </a> <!-- loginSuccess(ravi_1023232@test.com, Test@123) -->
                  <span class="method-name">loginSuccess</span>
                  <span class="parameters">(ravi_1023232@test.com,Test@123)</span>
                </div> <!-- method-content -->
              </div> <!-- method -->
              <div class="method">
                <div class="method-content">
                  <a name="loginWithInvalidCred(, )">
                  </a> <!-- loginWithInvalidCred(, ) -->
                  <span class="method-name">loginWithInvalidCred</span>
                  <span class="parameters">(,)</span>
                </div> <!-- method-content -->
              </div> <!-- method -->
              <div class="method">
                <div class="method-content">
                  <a name="loginWithInvalidCred(satyam@gmail.com, )">
                  </a> <!-- loginWithInvalidCred(satyam@gmail.com, ) -->
                  <span class="method-name">loginWithInvalidCred</span>
                  <span class="parameters">(satyam@gmail.com,)</span>
                </div> <!-- method-content -->
              </div> <!-- method -->
              <div class="method">
                <div class="method-content">
                  <a name="loginWithInvalidCred(sdasd, Test@21323)">
                  </a> <!-- loginWithInvalidCred(sdasd, Test@21323) -->
                  <span class="method-name">loginWithInvalidCred</span>
                  <span class="parameters">(sdasd,Test@21323)</span>
                </div> <!-- method-content -->
              </div> <!-- method -->
            </div> <!-- main-panel-content rounded-window-bottom -->
          </div> <!-- suite-Suite-class-passed -->
        </div> <!-- panel Suite -->
        <div panel-name="test-xml-Suite" class="panel">
          <div class="main-panel-header rounded-window-top">
            <span class="header-content">F:\SW\DemoWebShop\testng.xml</span>
          </div> <!-- main-panel-header rounded-window-top -->
          <div class="main-panel-content rounded-window-bottom">
            <pre>
&lt;?xml version=&quot;1.0&quot; encoding=&quot;UTF-8&quot;?&gt;
&lt;!DOCTYPE suite SYSTEM &quot;https://testng.org/testng-1.0.dtd&quot;&gt;
&lt;suite name=&quot;Suite&quot;&gt;
  &lt;test thread-count=&quot;5&quot; name=&quot;Test&quot;&gt;
    &lt;classes&gt;
      &lt;class name=&quot;com.tricentis.testscript.WishListModule&quot;/&gt;
      &lt;class name=&quot;com.tricentis.testscript.CartModule&quot;/&gt;
      &lt;class name=&quot;com.tricentis.testscript.ContactUsModule&quot;/&gt;
      &lt;class name=&quot;com.tricentis.testscript.LoginModule&quot;/&gt;
      &lt;class name=&quot;com.tricentis.testscript.ReviewModule&quot;/&gt;
      &lt;class name=&quot;com.tricentis.testscript.RegisterModule&quot;/&gt;
    &lt;/classes&gt;
  &lt;/test&gt; &lt;!-- Test --&gt;
&lt;/suite&gt; &lt;!-- Suite --&gt;
            </pre>
          </div> <!-- main-panel-content rounded-window-bottom -->
        </div> <!-- panel -->
        <div panel-name="testlist-Suite" class="panel">
          <div class="main-panel-header rounded-window-top">
            <span class="header-content">Tests for Suite</span>
          </div> <!-- main-panel-header rounded-window-top -->
          <div class="main-panel-content rounded-window-bottom">
            <ul>
              <li>
                <span class="test-name">Test (6 classes)</span>
              </li>
            </ul>
          </div> <!-- main-panel-content rounded-window-bottom -->
        </div> <!-- panel -->
        <div panel-name="group-Suite" class="panel">
          <div class="main-panel-header rounded-window-top">
            <span class="header-content">Groups for Suite</span>
          </div> <!-- main-panel-header rounded-window-top -->
          <div class="main-panel-content rounded-window-bottom">
            <div class="test-group">
              <span class="test-group-name">regression</span>
              <br/>
              <div class="method-in-group">
                <span class="method-in-group-name">addToWishList</span>
                <br/>
              </div> <!-- method-in-group -->
              <div class="method-in-group">
                <span class="method-in-group-name">clickOnAddToCart</span>
                <br/>
              </div> <!-- method-in-group -->
            </div> <!-- test-group -->
            <div class="test-group">
              <span class="test-group-name">smoke</span>
              <br/>
              <div class="method-in-group">
                <span class="method-in-group-name">enquiry</span>
                <br/>
              </div> <!-- method-in-group -->
            </div> <!-- test-group -->
          </div> <!-- main-panel-content rounded-window-bottom -->
        </div> <!-- panel -->
        <div panel-name="times-Suite" class="panel">
          <div class="main-panel-header rounded-window-top">
            <span class="header-content">Times for Suite</span>
          </div> <!-- main-panel-header rounded-window-top -->
          <div class="main-panel-content rounded-window-bottom">
            <div class="times-div">
              <script type="text/javascript">
suiteTableInitFunctions.push('tableData_Suite');
function tableData_Suite() {
var data = new google.visualization.DataTable();
data.addColumn('number', 'Number');
data.addColumn('string', 'Method');
data.addColumn('string', 'Class');
data.addColumn('number', 'Time (ms)');
data.addRows(21);
data.setCell(0, 0, 0)
data.setCell(0, 1, 'vrifyReviewProduct')
data.setCell(0, 2, 'com.tricentis.testscript.ReviewModule')
data.setCell(0, 3, 25435);
data.setCell(1, 0, 1)
data.setCell(1, 1, 'loginWithInvalidCred')
data.setCell(1, 2, 'com.tricentis.testscript.LoginModule')
data.setCell(1, 3, 11244);
data.setCell(2, 0, 2)
data.setCell(2, 1, 'loginWithInvalidCred')
data.setCell(2, 2, 'com.tricentis.testscript.LoginModule')
data.setCell(2, 3, 10979);
data.setCell(3, 0, 3)
data.setCell(3, 1, 'loginWithInvalidCred')
data.setCell(3, 2, 'com.tricentis.testscript.LoginModule')
data.setCell(3, 3, 10629);
data.setCell(4, 0, 4)
data.setCell(4, 1, 'verifyCartProductWithSelectedProduct')
data.setCell(4, 2, 'com.tricentis.testscript.CartModule')
data.setCell(4, 3, 5776);
data.setCell(5, 0, 5)
data.setCell(5, 1, 'checkAddedProduct')
data.setCell(5, 2, 'com.tricentis.testscript.WishListModule')
data.setCell(5, 3, 5721);
data.setCell(6, 0, 6)
data.setCell(6, 1, 'checkAddedProduct')
data.setCell(6, 2, 'com.tricentis.testscript.CartModule')
data.setCell(6, 3, 5514);
data.setCell(7, 0, 7)
data.setCell(7, 1, 'clickOnAddToCart')
data.setCell(7, 2, 'com.tricentis.testscript.CartModule')
data.setCell(7, 3, 4788);
data.setCell(8, 0, 8)
data.setCell(8, 1, 'enquiry')
data.setCell(8, 2, 'com.tricentis.testscript.ContactUsModule')
data.setCell(8, 3, 3015);
data.setCell(9, 0, 9)
data.setCell(9, 1, 'loginSuccess')
data.setCell(9, 2, 'com.tricentis.testscript.LoginModule')
data.setCell(9, 3, 1844);
data.setCell(10, 0, 10)
data.setCell(10, 1, 'loginSuccess')
data.setCell(10, 2, 'com.tricentis.testscript.LoginModule')
data.setCell(10, 3, 1803);
data.setCell(11, 0, 11)
data.setCell(11, 1, 'addToWishList')
data.setCell(11, 2, 'com.tricentis.testscript.WishListModule')
data.setCell(11, 3, 1475);
data.setCell(12, 0, 12)
data.setCell(12, 1, 'register_success')
data.setCell(12, 2, 'com.tricentis.testscript.RegisterModule')
data.setCell(12, 3, 1447);
data.setCell(13, 0, 13)
data.setCell(13, 1, 'verifyProductAfterLogout')
data.setCell(13, 2, 'com.tricentis.testscript.CartModule')
data.setCell(13, 3, 1417);
data.setCell(14, 0, 14)
data.setCell(14, 1, 'register_success')
data.setCell(14, 2, 'com.tricentis.testscript.RegisterModule')
data.setCell(14, 3, 1343);
data.setCell(15, 0, 15)
data.setCell(15, 1, 'register_validation')
data.setCell(15, 2, 'com.tricentis.testscript.RegisterModule')
data.setCell(15, 3, 902);
data.setCell(16, 0, 16)
data.setCell(16, 1, 'register_validation')
data.setCell(16, 2, 'com.tricentis.testscript.RegisterModule')
data.setCell(16, 3, 891);
data.setCell(17, 0, 17)
data.setCell(17, 1, 'register_validation')
data.setCell(17, 2, 'com.tricentis.testscript.RegisterModule')
data.setCell(17, 3, 885);
data.setCell(18, 0, 18)
data.setCell(18, 1, 'register_validation')
data.setCell(18, 2, 'com.tricentis.testscript.RegisterModule')
data.setCell(18, 3, 873);
data.setCell(19, 0, 19)
data.setCell(19, 1, 'register_validation')
data.setCell(19, 2, 'com.tricentis.testscript.RegisterModule')
data.setCell(19, 3, 872);
data.setCell(20, 0, 20)
data.setCell(20, 1, 'register_validation')
data.setCell(20, 2, 'com.tricentis.testscript.RegisterModule')
data.setCell(20, 3, 863);
window.suiteTableData['Suite']= { tableData: data, tableDiv: 'times-div-Suite'}
return data;
}
              </script>
              <span class="suite-total-time">Total running time: 1 minutes</span>
              <div id="times-div-Suite">
              </div> <!-- times-div-Suite -->
            </div> <!-- times-div -->
          </div> <!-- main-panel-content rounded-window-bottom -->
        </div> <!-- panel -->
        <div panel-name="reporter-Suite" class="panel">
          <div class="main-panel-header rounded-window-top">
            <span class="header-content">Reporter output for Suite</span>
          </div> <!-- main-panel-header rounded-window-top -->
          <div class="main-panel-content rounded-window-bottom">
            <div class="reporter-method-div">
              <span class="reporter-method-name">checkAddedProduct</span>
              <div class="reporter-method-output-div">
                <span class="reporter-method-output">Blue and green Sneaker</span>
                <span class="reporter-method-output">Blue and green Sneaker</span>
                <span class="reporter-method-output">The product has been added to your wishlist</span>
                <span class="reporter-method-output">name and prices match with selected product: true</span>
                <span class="reporter-method-output">checkAddedProducthas been passed</span>
              </div> <!-- reporter-method-output-div -->
            </div> <!-- reporter-method-div -->
            <div class="reporter-method-div">
              <span class="reporter-method-name">loginWithInvalidCred(, )</span>
              <div class="reporter-method-output-div">
                <span class="reporter-method-output">loginWithInvalidCredhas been passed</span>
              </div> <!-- reporter-method-output-div -->
            </div> <!-- reporter-method-div -->
            <div class="reporter-method-div">
              <span class="reporter-method-name">register_validation(Female, Riya, , riya@test.com, Test@123, Test@123, Last name is required.)</span>
              <div class="reporter-method-output-div">
                <span class="reporter-method-output">register_validationhas been passed</span>
              </div> <!-- reporter-method-output-div -->
            </div> <!-- reporter-method-div -->
            <div class="reporter-method-div">
              <span class="reporter-method-name">checkAddedProduct</span>
              <div class="reporter-method-output-div">
                <span class="reporter-method-output">name and prices match with selected product: true</span>
                <span class="reporter-method-output">Tc3 Passed</span>
                <span class="reporter-method-output">checkAddedProducthas been passed</span>
              </div> <!-- reporter-method-output-div -->
            </div> <!-- reporter-method-div -->
            <div class="reporter-method-div">
              <span class="reporter-method-name">register_validation(Male, , Shah, karan@test.com, Test@123, Test@123, First name is required.)</span>
              <div class="reporter-method-output-div">
                <span class="reporter-method-output">register_validationhas been passed</span>
              </div> <!-- reporter-method-output-div -->
            </div> <!-- reporter-method-div -->
            <div class="reporter-method-div">
              <span class="reporter-method-name">register_validation(Female, Neha, Roy, neha@test.com, , 123.0, Password is required.)</span>
              <div class="reporter-method-output-div">
                <span class="reporter-method-output">register_validationhas been passed</span>
              </div> <!-- reporter-method-output-div -->
            </div> <!-- reporter-method-div -->
            <div class="reporter-method-div">
              <span class="reporter-method-name">clickOnAddToCart</span>
              <div class="reporter-method-output-div">
                <span class="reporter-method-output">The product has been added to your shopping cart</span>
                <span class="reporter-method-output">Tc1 Pssed</span>
                <span class="reporter-method-output">clickOnAddToCarthas been passed</span>
              </div> <!-- reporter-method-output-div -->
            </div> <!-- reporter-method-div -->
            <div class="reporter-method-div">
              <span class="reporter-method-name">loginWithInvalidCred(satyam@gmail.com, )</span>
              <div class="reporter-method-output-div">
                <span class="reporter-method-output">loginWithInvalidCredhas been passed</span>
              </div> <!-- reporter-method-output-div -->
            </div> <!-- reporter-method-div -->
            <div class="reporter-method-div">
              <span class="reporter-method-name">enquiry</span>
              <div class="reporter-method-output-div">
                <span class="reporter-method-output">enquiryhas been passed</span>
              </div> <!-- reporter-method-output-div -->
            </div> <!-- reporter-method-div -->
            <div class="reporter-method-div">
              <span class="reporter-method-name">register_validation(Male, Arjun, Das, arjun@test.com, Test@124, Test@4234234, The password and confirmation password do ...)</span>
              <div class="reporter-method-output-div">
                <span class="reporter-method-output">register_validationhas been passed</span>
              </div> <!-- reporter-method-output-div -->
            </div> <!-- reporter-method-div -->
            <div class="reporter-method-div">
              <span class="reporter-method-name">verifyCartProductWithSelectedProduct</span>
              <div class="reporter-method-output-div">
                <span class="reporter-method-output">Tc2 passed</span>
                <span class="reporter-method-output">verifyCartProductWithSelectedProducthas been passed</span>
              </div> <!-- reporter-method-output-div -->
            </div> <!-- reporter-method-div -->
            <div class="reporter-method-div">
              <span class="reporter-method-name">loginSuccess(anu_101212@test.com, Test@123)</span>
              <div class="reporter-method-output-div">
                <span class="reporter-method-output">loginSuccesshas been passed</span>
              </div> <!-- reporter-method-output-div -->
            </div> <!-- reporter-method-div -->
            <div class="reporter-method-div">
              <span class="reporter-method-name">register_validation(Male, Amit, Verma, , Test@123, Test@123, Email is required.)</span>
              <div class="reporter-method-output-div">
                <span class="reporter-method-output">register_validationhas been passed</span>
              </div> <!-- reporter-method-output-div -->
            </div> <!-- reporter-method-div -->
            <div class="reporter-method-div">
              <span class="reporter-method-name">loginWithInvalidCred(sdasd, Test@21323)</span>
              <div class="reporter-method-output-div">
                <span class="reporter-method-output">loginWithInvalidCredhas been passed</span>
              </div> <!-- reporter-method-output-div -->
            </div> <!-- reporter-method-div -->
            <div class="reporter-method-div">
              <span class="reporter-method-name">register_validation(Male, Arjun, Das, arjun@test.com, Test@123, , Password is required.)</span>
              <div class="reporter-method-output-div">
                <span class="reporter-method-output">register_validationhas been passed</span>
              </div> <!-- reporter-method-output-div -->
            </div> <!-- reporter-method-div -->
            <div class="reporter-method-div">
              <span class="reporter-method-name">loginSuccess(ravi_1023232@test.com, Test@123)</span>
              <div class="reporter-method-output-div">
                <span class="reporter-method-output">loginSuccesshas been passed</span>
              </div> <!-- reporter-method-output-div -->
            </div> <!-- reporter-method-div -->
            <div class="reporter-method-div">
              <span class="reporter-method-name">vrifyReviewProduct</span>
              <div class="reporter-method-output-div">
                <span class="reporter-method-output">vrifyReviewProducthas been passed</span>
              </div> <!-- reporter-method-output-div -->
            </div> <!-- reporter-method-div -->
          </div> <!-- main-panel-content rounded-window-bottom -->
        </div> <!-- panel -->
        <div panel-name="ignored-methods-Suite" class="panel">
          <div class="main-panel-header rounded-window-top">
            <span class="header-content">11 ignored methods</span>
          </div> <!-- main-panel-header rounded-window-top -->
          <div class="main-panel-content rounded-window-bottom">
            <div class="ignored-class-div">
              <span class="ignored-class-name">com.tricentis.testscript.CartModule</span>
              <div class="ignored-methods-div">
                <span class="ignored-method-name">closeSetUp</span>
                <br/>
                <span class="ignored-method-name">setUp</span>
                <br/>
              </div> <!-- ignored-methods-div -->
            </div> <!-- ignored-class-div -->
            <div class="ignored-class-div">
              <span class="ignored-class-name">com.tricentis.testscript.RegisterModule</span>
              <div class="ignored-methods-div">
                <span class="ignored-method-name">setUp</span>
                <br/>
                <span class="ignored-method-name">closeSetUp</span>
                <br/>
              </div> <!-- ignored-methods-div -->
            </div> <!-- ignored-class-div -->
            <div class="ignored-class-div">
              <span class="ignored-class-name">com.tricentis.testscript.ContactUsModule</span>
              <div class="ignored-methods-div">
                <span class="ignored-method-name">setUp</span>
                <br/>
                <span class="ignored-method-name">closeSetUp</span>
                <br/>
              </div> <!-- ignored-methods-div -->
            </div> <!-- ignored-class-div -->
            <div class="ignored-class-div">
              <span class="ignored-class-name">com.tricentis.testscript.ReviewModule</span>
              <div class="ignored-methods-div">
                <span class="ignored-method-name">setUp</span>
                <br/>
                <span class="ignored-method-name">closeSetUp</span>
                <br/>
                <span class="ignored-method-name">reviewProduct</span>
                <br/>
              </div> <!-- ignored-methods-div -->
            </div> <!-- ignored-class-div -->
            <div class="ignored-class-div">
              <span class="ignored-class-name">com.tricentis.testscript.LoginModule</span>
              <div class="ignored-methods-div">
                <span class="ignored-method-name">setUp</span>
                <br/>
                <span class="ignored-method-name">closeSetUp</span>
                <br/>
              </div> <!-- ignored-methods-div -->
            </div> <!-- ignored-class-div -->
          </div> <!-- main-panel-content rounded-window-bottom -->
        </div> <!-- panel -->
        <div panel-name="chronological-Suite" class="panel">
          <div class="main-panel-header rounded-window-top">
            <span class="header-content">Methods in chronological order</span>
          </div> <!-- main-panel-header rounded-window-top -->
          <div class="main-panel-content rounded-window-bottom">
            <div class="chronological-class">
              <div class="chronological-class-name">com.tricentis.testscript.WishListModule</div> <!-- chronological-class-name -->
              <div class="configuration-suite before">
                <span class="method-name">setUp</span>
                <span class="method-start">0 ms</span>
              </div> <!-- configuration-suite before -->
              <div class="configuration-method before">
                <span class="method-name">openBrowser</span>
                <span class="method-start">565 ms</span>
              </div> <!-- configuration-method before -->
              <div class="test-method">
                <img src="failed.png">
                </img>
                <span class="method-name">addToWishList</span>
                <span class="method-start">4233 ms</span>
              </div> <!-- test-method -->
              <div class="configuration-method after">
                <span class="method-name">closeBrowser</span>
                <span class="method-start">5870 ms</span>
              </div> <!-- configuration-method after -->
              <div class="configuration-method before">
                <span class="method-name">openBrowser</span>
                <span class="method-start">6005 ms</span>
              </div> <!-- configuration-method before -->
              <div class="test-method">
                <span class="method-name">checkAddedProduct</span>
                <span class="method-start">9261 ms</span>
              </div> <!-- test-method -->
              <div class="configuration-method after">
                <span class="method-name">closeBrowser</span>
                <span class="method-start">14983 ms</span>
              </div> <!-- configuration-method after -->
            </div> <!-- chronological-class -->
            <div class="chronological-class">
              <div class="chronological-class-name">com.tricentis.testscript.CartModule</div> <!-- chronological-class-name -->
              <div class="configuration-method before">
                <span class="method-name">openBrowser</span>
                <span class="method-start">15130 ms</span>
              </div> <!-- configuration-method before -->
              <div class="test-method">
                <span class="method-name">checkAddedProduct</span>
                <span class="method-start">18556 ms</span>
              </div> <!-- test-method -->
              <div class="configuration-method after">
                <span class="method-name">closeBrowser</span>
                <span class="method-start">24071 ms</span>
              </div> <!-- configuration-method after -->
              <div class="configuration-method before">
                <span class="method-name">openBrowser</span>
                <span class="method-start">24191 ms</span>
              </div> <!-- configuration-method before -->
              <div class="test-method">
                <span class="method-name">clickOnAddToCart</span>
                <span class="method-start">27453 ms</span>
              </div> <!-- test-method -->
              <div class="configuration-method after">
                <span class="method-name">closeBrowser</span>
                <span class="method-start">32243 ms</span>
              </div> <!-- configuration-method after -->
              <div class="configuration-method before">
                <span class="method-name">openBrowser</span>
                <span class="method-start">32362 ms</span>
              </div> <!-- configuration-method before -->
              <div class="test-method">
                <span class="method-name">verifyCartProductWithSelectedProduct</span>
                <span class="method-start">38187 ms</span>
              </div> <!-- test-method -->
              <div class="configuration-method after">
                <span class="method-name">closeBrowser</span>
                <span class="method-start">43965 ms</span>
              </div> <!-- configuration-method after -->
              <div class="configuration-method before">
                <span class="method-name">openBrowser</span>
                <span class="method-start">44097 ms</span>
              </div> <!-- configuration-method before -->
              <div class="test-method">
                <img src="failed.png">
                </img>
                <span class="method-name">verifyProductAfterLogout</span>
                <span class="method-start">47199 ms</span>
              </div> <!-- test-method -->
              <div class="configuration-method after">
                <span class="method-name">closeBrowser</span>
                <span class="method-start">48731 ms</span>
              </div> <!-- configuration-method after -->
            </div> <!-- chronological-class -->
            <div class="chronological-class">
              <div class="chronological-class-name">com.tricentis.testscript.ContactUsModule</div> <!-- chronological-class-name -->
              <div class="configuration-method before">
                <span class="method-name">openBrowser</span>
                <span class="method-start">48860 ms</span>
              </div> <!-- configuration-method before -->
              <div class="test-method">
                <span class="method-name">enquiry</span>
                <span class="method-start">52303 ms</span>
              </div> <!-- test-method -->
              <div class="configuration-method after">
                <span class="method-name">closeBrowser</span>
                <span class="method-start">55318 ms</span>
              </div> <!-- configuration-method after -->
            </div> <!-- chronological-class -->
            <div class="chronological-class">
              <div class="chronological-class-name">com.tricentis.testscript.LoginModule</div> <!-- chronological-class-name -->
              <div class="configuration-method before">
                <span class="method-name">openBrowser</span>
                <span class="method-start">55447 ms</span>
              </div> <!-- configuration-method before -->
              <div class="test-method">
                <span class="method-name">loginSuccess(anu_101212@test.com, Test@123)</span>
                <span class="method-start">58891 ms</span>
              </div> <!-- test-method -->
              <div class="configuration-method after">
                <span class="method-name">closeBrowser</span>
                <span class="method-start">60695 ms</span>
              </div> <!-- configuration-method after -->
              <div class="configuration-method before">
                <span class="method-name">openBrowser</span>
                <span class="method-start">60805 ms</span>
              </div> <!-- configuration-method before -->
              <div class="test-method">
                <span class="method-name">loginSuccess(ravi_1023232@test.com, Test@123)</span>
                <span class="method-start">63917 ms</span>
              </div> <!-- test-method -->
              <div class="configuration-method after">
                <span class="method-name">closeBrowser</span>
                <span class="method-start">65762 ms</span>
              </div> <!-- configuration-method after -->
              <div class="configuration-method before">
                <span class="method-name">openBrowser</span>
                <span class="method-start">65898 ms</span>
              </div> <!-- configuration-method before -->
              <div class="test-method">
                <span class="method-name">loginWithInvalidCred(sdasd, Test@21323)</span>
                <span class="method-start">69123 ms</span>
              </div> <!-- test-method -->
              <div class="configuration-method after">
                <span class="method-name">closeBrowser</span>
                <span class="method-start">79753 ms</span>
              </div> <!-- configuration-method after -->
              <div class="configuration-method before">
                <span class="method-name">openBrowser</span>
                <span class="method-start">79899 ms</span>
              </div> <!-- configuration-method before -->
              <div class="test-method">
                <span class="method-name">loginWithInvalidCred(satyam@gmail.com, )</span>
                <span class="method-start">83192 ms</span>
              </div> <!-- test-method -->
              <div class="configuration-method after">
                <span class="method-name">closeBrowser</span>
                <span class="method-start">94437 ms</span>
              </div> <!-- configuration-method after -->
              <div class="configuration-method before">
                <span class="method-name">openBrowser</span>
                <span class="method-start">94585 ms</span>
              </div> <!-- configuration-method before -->
              <div class="test-method">
                <span class="method-name">loginWithInvalidCred(, )</span>
                <span class="method-start">97825 ms</span>
              </div> <!-- test-method -->
              <div class="configuration-method after">
                <span class="method-name">closeBrowser</span>
                <span class="method-start">108804 ms</span>
              </div> <!-- configuration-method after -->
            </div> <!-- chronological-class -->
            <div class="chronological-class">
              <div class="chronological-class-name">com.tricentis.testscript.ReviewModule</div> <!-- chronological-class-name -->
              <div class="configuration-method before">
                <span class="method-name">openBrowser</span>
                <span class="method-start">108948 ms</span>
              </div> <!-- configuration-method before -->
              <div class="test-method">
                <span class="method-name">vrifyReviewProduct</span>
                <span class="method-start">112179 ms</span>
              </div> <!-- test-method -->
              <div class="configuration-method after">
                <span class="method-name">closeBrowser</span>
                <span class="method-start">137615 ms</span>
              </div> <!-- configuration-method after -->
            </div> <!-- chronological-class -->
            <div class="chronological-class">
              <div class="chronological-class-name">com.tricentis.testscript.RegisterModule</div> <!-- chronological-class-name -->
              <div class="configuration-method before">
                <span class="method-name">openBrowser</span>
                <span class="method-start">137753 ms</span>
              </div> <!-- configuration-method before -->
              <div class="test-method">
                <img src="failed.png">
                </img>
                <span class="method-name">register_success(Female, Anu, Sharma, anu_101212@test.com, Test@123, Test@123)</span>
                <span class="method-start">141185 ms</span>
              </div> <!-- test-method -->
              <div class="configuration-method after">
                <span class="method-name">closeBrowser</span>
                <span class="method-start">142736 ms</span>
              </div> <!-- configuration-method after -->
              <div class="configuration-method before">
                <span class="method-name">openBrowser</span>
                <span class="method-start">142872 ms</span>
              </div> <!-- configuration-method before -->
              <div class="test-method">
                <img src="failed.png">
                </img>
                <span class="method-name">register_success(Male, Ravi, Kumar, ravi_1023232@test.com, Test@123, Test@123)</span>
                <span class="method-start">146274 ms</span>
              </div> <!-- test-method -->
              <div class="configuration-method after">
                <span class="method-name">closeBrowser</span>
                <span class="method-start">147737 ms</span>
              </div> <!-- configuration-method after -->
              <div class="configuration-method before">
                <span class="method-name">openBrowser</span>
                <span class="method-start">147853 ms</span>
              </div> <!-- configuration-method before -->
              <div class="test-method">
                <span class="method-name">register_validation(Male, , Shah, karan@test.com, Test@123, Test@123, First name is required.)</span>
                <span class="method-start">151068 ms</span>
              </div> <!-- test-method -->
              <div class="configuration-method after">
                <span class="method-name">closeBrowser</span>
                <span class="method-start">151941 ms</span>
              </div> <!-- configuration-method after -->
              <div class="configuration-method before">
                <span class="method-name">openBrowser</span>
                <span class="method-start">152062 ms</span>
              </div> <!-- configuration-method before -->
              <div class="test-method">
                <span class="method-name">register_validation(Female, Riya, , riya@test.com, Test@123, Test@123, Last name is required.)</span>
                <span class="method-start">155600 ms</span>
              </div> <!-- test-method -->
              <div class="configuration-method after">
                <span class="method-name">closeBrowser</span>
                <span class="method-start">156487 ms</span>
              </div> <!-- configuration-method after -->
              <div class="configuration-method before">
                <span class="method-name">openBrowser</span>
                <span class="method-start">156630 ms</span>
              </div> <!-- configuration-method before -->
              <div class="test-method">
                <span class="method-name">register_validation(Male, Amit, Verma, , Test@123, Test@123, Email is required.)</span>
                <span class="method-start">159968 ms</span>
              </div> <!-- test-method -->
              <div class="configuration-method after">
                <span class="method-name">closeBrowser</span>
                <span class="method-start">160842 ms</span>
              </div> <!-- configuration-method after -->
              <div class="configuration-method before">
                <span class="method-name">openBrowser</span>
                <span class="method-start">160961 ms</span>
              </div> <!-- configuration-method before -->
              <div class="test-method">
                <span class="method-name">register_validation(Female, Neha, Roy, neha@test.com, , 123.0, Password is required.)</span>
                <span class="method-start">164053 ms</span>
              </div> <!-- test-method -->
              <div class="configuration-method after">
                <span class="method-name">closeBrowser</span>
                <span class="method-start">164916 ms</span>
              </div> <!-- configuration-method after -->
              <div class="configuration-method before">
                <span class="method-name">openBrowser</span>
                <span class="method-start">165036 ms</span>
              </div> <!-- configuration-method before -->
              <div class="test-method">
                <span class="method-name">register_validation(Male, Arjun, Das, arjun@test.com, Test@123, , Password is required.)</span>
                <span class="method-start">168302 ms</span>
              </div> <!-- test-method -->
              <div class="configuration-method after">
                <span class="method-name">closeBrowser</span>
                <span class="method-start">169194 ms</span>
              </div> <!-- configuration-method after -->
              <div class="configuration-method before">
                <span class="method-name">openBrowser</span>
                <span class="method-start">169318 ms</span>
              </div> <!-- configuration-method before -->
              <div class="test-method">
                <span class="method-name">register_validation(Male, Arjun, Das, arjun@test.com, Test@124, Test@4234234, The password and confirmation password do ...)</span>
                <span class="method-start">172885 ms</span>
              </div> <!-- test-method -->
              <div class="configuration-method after">
                <span class="method-name">closeBrowser</span>
                <span class="method-start">173788 ms</span>
              </div> <!-- configuration-method after -->
            </div> <!-- chronological-class -->
            <div class="chronological-class">
              <div class="chronological-class-name">com.tricentis.testscript.WishListModule</div> <!-- chronological-class-name -->
              <div class="configuration-suite after">
                <span class="method-name">closeSetUp</span>
                <span class="method-start">173922 ms</span>
              </div> <!-- configuration-suite after -->
          </div> <!-- main-panel-content rounded-window-bottom -->
        </div> <!-- panel -->
      </div> <!-- main-panel-root -->
    </div> <!-- wrapper -->
  </body>
<script type="text/javascript" src="testng-reports2.js"></script>
</html>
