<?xml version="1.0" encoding="UTF-8"?>
<testng-results ignored="1" total="22" passed="17" failed="4" skipped="0">
  <reporter-output>
    <line>
      <![CDATA[Blue and green Sneaker]]>
    </line>
    <line>
      <![CDATA[Blue and green Sneaker]]>
    </line>
    <line>
      <![CDATA[The product has been added to your wishlist]]>
    </line>
    <line>
      <![CDATA[name and prices match with selected product: true]]>
    </line>
    <line>
      <![CDATA[checkAddedProducthas been passed]]>
    </line>
    <line>
      <![CDATA[name and prices match with selected product: true]]>
    </line>
    <line>
      <![CDATA[Tc3 Passed]]>
    </line>
    <line>
      <![CDATA[checkAddedProducthas been passed]]>
    </line>
    <line>
      <![CDATA[The product has been added to your shopping cart]]>
    </line>
    <line>
      <![CDATA[Tc1 Pssed]]>
    </line>
    <line>
      <![CDATA[clickOnAddToCarthas been passed]]>
    </line>
    <line>
      <![CDATA[Tc2 passed]]>
    </line>
    <line>
      <![CDATA[verifyCartProductWithSelectedProducthas been passed]]>
    </line>
    <line>
      <![CDATA[enquiryhas been passed]]>
    </line>
    <line>
      <![CDATA[loginSuccesshas been passed]]>
    </line>
    <line>
      <![CDATA[loginSuccesshas been passed]]>
    </line>
    <line>
      <![CDATA[loginWithInvalidCredhas been passed]]>
    </line>
    <line>
      <![CDATA[loginWithInvalidCredhas been passed]]>
    </line>
    <line>
      <![CDATA[loginWithInvalidCredhas been passed]]>
    </line>
    <line>
      <![CDATA[vrifyReviewProducthas been passed]]>
    </line>
    <line>
      <![CDATA[register_validationhas been passed]]>
    </line>
    <line>
      <![CDATA[register_validationhas been passed]]>
    </line>
    <line>
      <![CDATA[register_validationhas been passed]]>
    </line>
    <line>
      <![CDATA[register_validationhas been passed]]>
    </line>
    <line>
      <![CDATA[register_validationhas been passed]]>
    </line>
    <line>
      <![CDATA[register_validationhas been passed]]>
    </line>
  </reporter-output>
  <suite started-at="2026-02-15T17:52:26 IST" name="Suite" finished-at="2026-02-15T17:55:19 IST" duration-ms="173359">
    <groups>
      <group name="regression">
        <method signature="CartModule.clickOnAddToCart()[pri:0, instance:com.tricentis.testscript.CartModule@291caca8]" name="clickOnAddToCart" class="com.tricentis.testscript.CartModule"/>
        <method signature="WishListModule.addToWishList()[pri:0, instance:com.tricentis.testscript.WishListModule@33c911a1]" name="addToWishList" class="com.tricentis.testscript.WishListModule"/>
      </group> <!-- regression -->
      <group name="smoke">
        <method signature="ContactUsModule.enquiry()[pri:0, instance:com.tricentis.testscript.ContactUsModule@385e9564]" name="enquiry" class="com.tricentis.testscript.ContactUsModule"/>
      </group> <!-- smoke -->
    </groups>
    <test started-at="2026-02-15T17:52:26 IST" name="Test" finished-at="2026-02-15T17:55:19 IST" duration-ms="173359">
      <class name="com.tricentis.testscript.ContactUsModule">
        <test-method is-config="true" signature="openBrowser()[pri:0, instance:com.tricentis.testscript.ContactUsModule@385e9564]" started-at="2026-02-15T17:53:14 IST" name="openBrowser" finished-at="2026-02-15T17:53:17 IST" duration-ms="3442" status="PASS">
          <reporter-output>
          </reporter-output>
        </test-method> <!-- openBrowser -->
        <test-method signature="enquiry()[pri:0, instance:com.tricentis.testscript.ContactUsModule@385e9564]" started-at="2026-02-15T17:53:17 IST" name="enquiry" finished-at="2026-02-15T17:53:20 IST" duration-ms="3015" status="PASS">
          <reporter-output>
            <line>
              <![CDATA[enquiryhas been passed]]>
            </line>
          </reporter-output>
        </test-method> <!-- enquiry -->
        <test-method is-config="true" signature="closeBrowser()[pri:0, instance:com.tricentis.testscript.ContactUsModule@385e9564]" started-at="2026-02-15T17:53:20 IST" name="closeBrowser" finished-at="2026-02-15T17:53:21 IST" duration-ms="121" status="PASS">
          <reporter-output>
          </reporter-output>
        </test-method> <!-- closeBrowser -->
      </class> <!-- com.tricentis.testscript.ContactUsModule -->
      <class name="com.tricentis.testscript.ReviewModule">
        <test-method is-config="true" signature="openBrowser()[pri:0, instance:com.tricentis.testscript.ReviewModule@8c3b9d]" started-at="2026-02-15T17:54:14 IST" name="openBrowser" finished-at="2026-02-15T17:54:17 IST" duration-ms="3231" status="PASS">
          <reporter-output>
          </reporter-output>
        </test-method> <!-- openBrowser -->
        <test-method signature="vrifyReviewProduct()[pri:0, instance:com.tricentis.testscript.ReviewModule@8c3b9d]" started-at="2026-02-15T17:54:17 IST" name="vrifyReviewProduct" finished-at="2026-02-15T17:54:43 IST" duration-ms="25435" status="PASS">
          <reporter-output>
            <line>
              <![CDATA[vrifyReviewProducthas been passed]]>
            </line>
          </reporter-output>
        </test-method> <!-- vrifyReviewProduct -->
        <test-method is-config="true" signature="closeBrowser()[pri:0, instance:com.tricentis.testscript.ReviewModule@8c3b9d]" started-at="2026-02-15T17:54:43 IST" name="closeBrowser" finished-at="2026-02-15T17:54:43 IST" duration-ms="137" status="PASS">
          <reporter-output>
          </reporter-output>
        </test-method> <!-- closeBrowser -->
      </class> <!-- com.tricentis.testscript.ReviewModule -->
      <class name="com.tricentis.testscript.LoginModule">
        <test-method is-config="true" signature="openBrowser()[pri:0, instance:com.tricentis.testscript.LoginModule@5b94b04d]" started-at="2026-02-15T17:53:21 IST" name="openBrowser" finished-at="2026-02-15T17:53:24 IST" duration-ms="3444" status="PASS">
          <reporter-output>
          </reporter-output>
        </test-method> <!-- openBrowser -->
        <test-method signature="loginSuccess(java.lang.String,java.lang.String)[pri:0, instance:com.tricentis.testscript.LoginModule@5b94b04d]" started-at="2026-02-15T17:53:24 IST" name="loginSuccess" data-provider="testCaseData" finished-at="2026-02-15T17:53:26 IST" duration-ms="1803" status="PASS">
          <params>
            <param index="0">
              <value>
                <![CDATA[anu_101212@test.com]]>
              </value>
            </param>
            <param index="1">
              <value>
                <![CDATA[Test@123]]>
              </value>
            </param>
          </params>
          <reporter-output>
            <line>
              <![CDATA[loginSuccesshas been passed]]>
            </line>
          </reporter-output>
        </test-method> <!-- loginSuccess -->
        <test-method is-config="true" signature="closeBrowser()[pri:0, instance:com.tricentis.testscript.LoginModule@5b94b04d]" started-at="2026-02-15T17:53:26 IST" name="closeBrowser" finished-at="2026-02-15T17:53:26 IST" duration-ms="110" status="PASS">
          <reporter-output>
          </reporter-output>
        </test-method> <!-- closeBrowser -->
        <test-method is-config="true" signature="openBrowser()[pri:0, instance:com.tricentis.testscript.LoginModule@5b94b04d]" started-at="2026-02-15T17:53:26 IST" name="openBrowser" finished-at="2026-02-15T17:53:29 IST" duration-ms="3111" status="PASS">
          <reporter-output>
          </reporter-output>
        </test-method> <!-- openBrowser -->
        <test-method signature="loginSuccess(java.lang.String,java.lang.String)[pri:0, instance:com.tricentis.testscript.LoginModule@5b94b04d]" started-at="2026-02-15T17:53:29 IST" name="loginSuccess" data-provider="testCaseData" finished-at="2026-02-15T17:53:31 IST" duration-ms="1844" status="PASS">
          <params>
            <param index="0">
              <value>
                <![CDATA[ravi_1023232@test.com]]>
              </value>
            </param>
            <param index="1">
              <value>
                <![CDATA[Test@123]]>
              </value>
            </param>
          </params>
          <reporter-output>
            <line>
              <![CDATA[loginSuccesshas been passed]]>
            </line>
          </reporter-output>
        </test-method> <!-- loginSuccess -->
        <test-method is-config="true" signature="closeBrowser()[pri:0, instance:com.tricentis.testscript.LoginModule@5b94b04d]" started-at="2026-02-15T17:53:31 IST" name="closeBrowser" finished-at="2026-02-15T17:53:31 IST" duration-ms="134" status="PASS">
          <reporter-output>
          </reporter-output>
        </test-method> <!-- closeBrowser -->
        <test-method is-config="true" signature="openBrowser()[pri:0, instance:com.tricentis.testscript.LoginModule@5b94b04d]" started-at="2026-02-15T17:53:31 IST" name="openBrowser" finished-at="2026-02-15T17:53:34 IST" duration-ms="3225" status="PASS">
          <reporter-output>
          </reporter-output>
        </test-method> <!-- openBrowser -->
        <test-method signature="loginWithInvalidCred(java.lang.String,java.lang.String)[pri:0, instance:com.tricentis.testscript.LoginModule@5b94b04d]" started-at="2026-02-15T17:53:34 IST" name="loginWithInvalidCred" data-provider="testCaseData" finished-at="2026-02-15T17:53:45 IST" duration-ms="10629" status="PASS">
          <params>
            <param index="0">
              <value>
                <![CDATA[sdasd]]>
              </value>
            </param>
            <param index="1">
              <value>
                <![CDATA[Test@21323]]>
              </value>
            </param>
          </params>
          <reporter-output>
            <line>
              <![CDATA[loginWithInvalidCredhas been passed]]>
            </line>
          </reporter-output>
        </test-method> <!-- loginWithInvalidCred -->
        <test-method is-config="true" signature="closeBrowser()[pri:0, instance:com.tricentis.testscript.LoginModule@5b94b04d]" started-at="2026-02-15T17:53:45 IST" name="closeBrowser" finished-at="2026-02-15T17:53:45 IST" duration-ms="146" status="PASS">
          <reporter-output>
          </reporter-output>
        </test-method> <!-- closeBrowser -->
        <test-method is-config="true" signature="openBrowser()[pri:0, instance:com.tricentis.testscript.LoginModule@5b94b04d]" started-at="2026-02-15T17:53:45 IST" name="openBrowser" finished-at="2026-02-15T17:53:48 IST" duration-ms="3293" status="PASS">
          <reporter-output>
          </reporter-output>
        </test-method> <!-- openBrowser -->
        <test-method signature="loginWithInvalidCred(java.lang.String,java.lang.String)[pri:0, instance:com.tricentis.testscript.LoginModule@5b94b04d]" started-at="2026-02-15T17:53:48 IST" name="loginWithInvalidCred" data-provider="testCaseData" finished-at="2026-02-15T17:54:00 IST" duration-ms="11244" status="PASS">
          <params>
            <param index="0">
              <value>
                <![CDATA[satyam@gmail.com]]>
              </value>
            </param>
            <param index="1">
              <value>
                <![CDATA[]]>
              </value>
            </param>
          </params>
          <reporter-output>
            <line>
              <![CDATA[loginWithInvalidCredhas been passed]]>
            </line>
          </reporter-output>
        </test-method> <!-- loginWithInvalidCred -->
        <test-method is-config="true" signature="closeBrowser()[pri:0, instance:com.tricentis.testscript.LoginModule@5b94b04d]" started-at="2026-02-15T17:54:00 IST" name="closeBrowser" finished-at="2026-02-15T17:54:00 IST" duration-ms="147" status="PASS">
          <reporter-output>
          </reporter-output>
        </test-method> <!-- closeBrowser -->
        <test-method is-config="true" signature="openBrowser()[pri:0, instance:com.tricentis.testscript.LoginModule@5b94b04d]" started-at="2026-02-15T17:54:00 IST" name="openBrowser" finished-at="2026-02-15T17:54:03 IST" duration-ms="3240" status="PASS">
          <reporter-output>
          </reporter-output>
        </test-method> <!-- openBrowser -->
        <test-method signature="loginWithInvalidCred(java.lang.String,java.lang.String)[pri:0, instance:com.tricentis.testscript.LoginModule@5b94b04d]" started-at="2026-02-15T17:54:03 IST" name="loginWithInvalidCred" data-provider="testCaseData" finished-at="2026-02-15T17:54:14 IST" duration-ms="10979" status="PASS">
          <params>
            <param index="0">
              <value>
                <![CDATA[]]>
              </value>
            </param>
            <param index="1">
              <value>
                <![CDATA[]]>
              </value>
            </param>
          </params>
          <reporter-output>
            <line>
              <![CDATA[loginWithInvalidCredhas been passed]]>
            </line>
          </reporter-output>
        </test-method> <!-- loginWithInvalidCred -->
        <test-method is-config="true" signature="closeBrowser()[pri:0, instance:com.tricentis.testscript.LoginModule@5b94b04d]" started-at="2026-02-15T17:54:14 IST" name="closeBrowser" finished-at="2026-02-15T17:54:14 IST" duration-ms="144" status="PASS">
          <reporter-output>
          </reporter-output>
        </test-method> <!-- closeBrowser -->
      </class> <!-- com.tricentis.testscript.LoginModule -->
      <class name="com.tricentis.testscript.CartModule">
        <test-method is-config="true" signature="openBrowser()[pri:0, instance:com.tricentis.testscript.CartModule@291caca8]" started-at="2026-02-15T17:52:40 IST" name="openBrowser" finished-at="2026-02-15T17:52:44 IST" duration-ms="3426" status="PASS">
          <reporter-output>
          </reporter-output>
        </test-method> <!-- openBrowser -->
        <test-method signature="checkAddedProduct()[pri:0, instance:com.tricentis.testscript.CartModule@291caca8]" started-at="2026-02-15T17:52:44 IST" name="checkAddedProduct" finished-at="2026-02-15T17:52:49 IST" duration-ms="5514" status="PASS">
          <reporter-output>
            <line>
              <![CDATA[name and prices match with selected product: true]]>
            </line>
            <line>
              <![CDATA[Tc3 Passed]]>
            </line>
            <line>
              <![CDATA[checkAddedProducthas been passed]]>
            </line>
          </reporter-output>
        </test-method> <!-- checkAddedProduct -->
        <test-method is-config="true" signature="closeBrowser()[pri:0, instance:com.tricentis.testscript.CartModule@291caca8]" started-at="2026-02-15T17:52:49 IST" name="closeBrowser" finished-at="2026-02-15T17:52:49 IST" duration-ms="120" status="PASS">
          <reporter-output>
          </reporter-output>
        </test-method> <!-- closeBrowser -->
        <test-method is-config="true" signature="openBrowser()[pri:0, instance:com.tricentis.testscript.CartModule@291caca8]" started-at="2026-02-15T17:52:49 IST" name="openBrowser" finished-at="2026-02-15T17:52:53 IST" duration-ms="3262" status="PASS">
          <reporter-output>
          </reporter-output>
        </test-method> <!-- openBrowser -->
        <test-method signature="clickOnAddToCart()[pri:0, instance:com.tricentis.testscript.CartModule@291caca8]" started-at="2026-02-15T17:52:53 IST" name="clickOnAddToCart" finished-at="2026-02-15T17:52:57 IST" duration-ms="4788" status="PASS">
          <reporter-output>
            <line>
              <![CDATA[The product has been added to your shopping cart]]>
            </line>
            <line>
              <![CDATA[Tc1 Pssed]]>
            </line>
            <line>
              <![CDATA[clickOnAddToCarthas been passed]]>
            </line>
          </reporter-output>
        </test-method> <!-- clickOnAddToCart -->
        <test-method is-config="true" signature="closeBrowser()[pri:0, instance:com.tricentis.testscript.CartModule@291caca8]" started-at="2026-02-15T17:52:57 IST" name="closeBrowser" finished-at="2026-02-15T17:52:57 IST" duration-ms="118" status="PASS">
          <reporter-output>
          </reporter-output>
        </test-method> <!-- closeBrowser -->
        <test-method is-config="true" signature="openBrowser()[pri:0, instance:com.tricentis.testscript.CartModule@291caca8]" started-at="2026-02-15T17:52:57 IST" name="openBrowser" finished-at="2026-02-15T17:53:03 IST" duration-ms="5825" status="PASS">
          <reporter-output>
          </reporter-output>
        </test-method> <!-- openBrowser -->
        <test-method signature="verifyCartProductWithSelectedProduct()[pri:0, instance:com.tricentis.testscript.CartModule@291caca8]" started-at="2026-02-15T17:53:03 IST" name="verifyCartProductWithSelectedProduct" finished-at="2026-02-15T17:53:09 IST" duration-ms="5776" status="PASS">
          <reporter-output>
            <line>
              <![CDATA[Tc2 passed]]>
            </line>
            <line>
              <![CDATA[verifyCartProductWithSelectedProducthas been passed]]>
            </line>
          </reporter-output>
        </test-method> <!-- verifyCartProductWithSelectedProduct -->
        <test-method is-config="true" signature="closeBrowser()[pri:0, instance:com.tricentis.testscript.CartModule@291caca8]" started-at="2026-02-15T17:53:09 IST" name="closeBrowser" finished-at="2026-02-15T17:53:09 IST" duration-ms="132" status="PASS">
          <reporter-output>
          </reporter-output>
        </test-method> <!-- closeBrowser -->
        <test-method is-config="true" signature="openBrowser()[pri:0, instance:com.tricentis.testscript.CartModule@291caca8]" started-at="2026-02-15T17:53:09 IST" name="openBrowser" finished-at="2026-02-15T17:53:12 IST" duration-ms="3102" status="PASS">
          <reporter-output>
          </reporter-output>
        </test-method> <!-- openBrowser -->
        <test-method signature="verifyProductAfterLogout()[pri:0, instance:com.tricentis.testscript.CartModule@291caca8]" started-at="2026-02-15T17:53:12 IST" name="verifyProductAfterLogout" finished-at="2026-02-15T17:53:14 IST" duration-ms="1417" status="FAIL">
          <exception class="org.openqa.selenium.StaleElementReferenceException">
            <message>
              <![CDATA[stale element reference: stale element not found
  (Session info: chrome=145.0.7632.46)
For documentation on this error, please visit: https://www.selenium.dev/documentation/webdriver/troubleshooting/errors#staleelementreferenceexception
Build info: version: '4.38.0', revision: '6b412e825c'
System info: os.name: 'Windows 11', os.arch: 'amd64', os.version: '10.0', java.version: '21.0.9'
Driver info: org.openqa.selenium.chrome.ChromeDriver
Command: [da74a3ab12312357a09be3df4a3c24b5, clickElement {id=f.22EA53A6C163E7065D3BF0266C599E91.d.62844698593D43DCD206C7551026F0B2.e.32}]
Capabilities {acceptInsecureCerts: false, browserName: chrome, browserVersion: 145.0.7632.46, chrome: {chromedriverVersion: 145.0.7632.76 (ee36f024f43a..., userDataDir: C:\Users\motil\AppData\Loca...}, fedcm:accounts: true, goog:chromeOptions: {debuggerAddress: localhost:34999}, goog:processID: 2124, networkConnectionEnabled: false, pageLoadStrategy: normal, platformName: windows, proxy: Proxy(), se:cdp: ws://localhost:34999/devtoo..., se:cdpVersion: 145.0.7632.46, setWindowRect: true, strictFileInteractability: false, timeouts: {implicit: 0, pageLoad: 300000, script: 30000}, unhandledPromptBehavior: dismiss and notify, webauthn:extension:credBlob: true, webauthn:extension:largeBlob: true, webauthn:extension:minPinLength: true, webauthn:extension:prf: true, webauthn:virtualAuthenticators: true}
Element: [[ChromeDriver: chrome on windows (da74a3ab12312357a09be3df4a3c24b5)] -> partial link text: Apparel & Shoes]
Session ID: da74a3ab12312357a09be3df4a3c24b5]]>
            </message>
            <full-stacktrace>
              <![CDATA[org.openqa.selenium.StaleElementReferenceException: stale element reference: stale element not found
  (Session info: chrome=145.0.7632.46)
For documentation on this error, please visit: https://www.selenium.dev/documentation/webdriver/troubleshooting/errors#staleelementreferenceexception
Build info: version: '4.38.0', revision: '6b412e825c'
System info: os.name: 'Windows 11', os.arch: 'amd64', os.version: '10.0', java.version: '21.0.9'
Driver info: org.openqa.selenium.chrome.ChromeDriver
Command: [da74a3ab12312357a09be3df4a3c24b5, clickElement {id=f.22EA53A6C163E7065D3BF0266C599E91.d.62844698593D43DCD206C7551026F0B2.e.32}]
Capabilities {acceptInsecureCerts: false, browserName: chrome, browserVersion: 145.0.7632.46, chrome: {chromedriverVersion: 145.0.7632.76 (ee36f024f43a..., userDataDir: C:\Users\motil\AppData\Loca...}, fedcm:accounts: true, goog:chromeOptions: {debuggerAddress: localhost:34999}, goog:processID: 2124, networkConnectionEnabled: false, pageLoadStrategy: normal, platformName: windows, proxy: Proxy(), se:cdp: ws://localhost:34999/devtoo..., se:cdpVersion: 145.0.7632.46, setWindowRect: true, strictFileInteractability: false, timeouts: {implicit: 0, pageLoad: 300000, script: 30000}, unhandledPromptBehavior: dismiss and notify, webauthn:extension:credBlob: true, webauthn:extension:largeBlob: true, webauthn:extension:minPinLength: true, webauthn:extension:prf: true, webauthn:virtualAuthenticators: true}
Element: [[ChromeDriver: chrome on windows (da74a3ab12312357a09be3df4a3c24b5)] -> partial link text: Apparel & Shoes]
Session ID: da74a3ab12312357a09be3df4a3c24b5
at java.base/jdk.internal.reflect.DirectConstructorHandleAccessor.newInstance(DirectConstructorHandleAccessor.java:62)
at java.base/java.lang.reflect.Constructor.newInstanceWithCaller(Constructor.java:502)
at java.base/java.lang.reflect.Constructor.newInstance(Constructor.java:486)
at org.openqa.selenium.remote.ErrorCodec.decode(ErrorCodec.java:167)
at org.openqa.selenium.remote.codec.w3c.W3CHttpResponseCodec.decode(W3CHttpResponseCodec.java:138)
at org.openqa.selenium.remote.codec.w3c.W3CHttpResponseCodec.decode(W3CHttpResponseCodec.java:50)
at org.openqa.selenium.remote.HttpCommandExecutor.execute(HttpCommandExecutor.java:215)
at org.openqa.selenium.remote.service.DriverCommandExecutor.invokeExecute(DriverCommandExecutor.java:216)
at org.openqa.selenium.remote.service.DriverCommandExecutor.execute(DriverCommandExecutor.java:174)
at org.openqa.selenium.remote.RemoteWebDriver.execute(RemoteWebDriver.java:557)
at org.openqa.selenium.remote.RemoteWebElement.execute(RemoteWebElement.java:223)
at org.openqa.selenium.remote.RemoteWebElement.click(RemoteWebElement.java:76)
at java.base/jdk.internal.reflect.DirectMethodHandleAccessor.invoke(DirectMethodHandleAccessor.java:103)
at java.base/java.lang.reflect.Method.invoke(Method.java:580)
at org.openqa.selenium.support.pagefactory.internal.LocatingElementHandler.invoke(LocatingElementHandler.java:51)
at jdk.proxy2/jdk.proxy2.$Proxy17.click(Unknown Source)
at com.tricentis.pom.HomePage.clickShoesLink(HomePage.java:88)
at com.tricentis.testscript.CartModule.verifyProductAfterLogout(CartModule.java:111)
at java.base/jdk.internal.reflect.DirectMethodHandleAccessor.invoke(DirectMethodHandleAccessor.java:103)
at java.base/java.lang.reflect.Method.invoke(Method.java:580)
at org.testng.internal.invokers.MethodInvocationHelper.invokeMethod(MethodInvocationHelper.java:141)
at org.testng.internal.invokers.TestInvoker.invokeMethod(TestInvoker.java:687)
at org.testng.internal.invokers.TestInvoker.invokeTestMethod(TestInvoker.java:230)
at org.testng.internal.invokers.MethodRunner.runInSequence(MethodRunner.java:63)
at org.testng.internal.invokers.TestInvoker$MethodInvocationAgent.invoke(TestInvoker.java:995)
at org.testng.internal.invokers.TestInvoker.invokeTestMethods(TestInvoker.java:203)
at org.testng.internal.invokers.TestMethodWorker.invokeTestMethods(TestMethodWorker.java:154)
at org.testng.internal.invokers.TestMethodWorker.run(TestMethodWorker.java:134)
at java.base/java.util.ArrayList.forEach(ArrayList.java:1596)
at org.testng.TestRunner.privateRun(TestRunner.java:741)
at org.testng.TestRunner.run(TestRunner.java:616)
at org.testng.SuiteRunner.runTest(SuiteRunner.java:421)
at org.testng.SuiteRunner.runSequentially(SuiteRunner.java:413)
at org.testng.SuiteRunner.privateRun(SuiteRunner.java:373)
at org.testng.SuiteRunner.run(SuiteRunner.java:312)
at org.testng.SuiteRunnerWorker.runSuite(SuiteRunnerWorker.java:52)
at org.testng.SuiteRunnerWorker.run(SuiteRunnerWorker.java:95)
at org.testng.TestNG.runSuitesSequentially(TestNG.java:1274)
at org.testng.TestNG.runSuitesLocally(TestNG.java:1208)
at org.testng.TestNG.runSuites(TestNG.java:1112)
at org.testng.TestNG.run(TestNG.java:1079)
at org.testng.remote.AbstractRemoteTestNG.run(AbstractRemoteTestNG.java:115)
at org.testng.remote.RemoteTestNG.initAndRun(RemoteTestNG.java:293)
at org.testng.remote.RemoteTestNG.main(RemoteTestNG.java:91)
]]>
            </full-stacktrace>
          </exception> <!-- org.openqa.selenium.StaleElementReferenceException -->
          <reporter-output>
          </reporter-output>
        </test-method> <!-- verifyProductAfterLogout -->
        <test-method is-config="true" signature="closeBrowser()[pri:0, instance:com.tricentis.testscript.CartModule@291caca8]" started-at="2026-02-15T17:53:14 IST" name="closeBrowser" finished-at="2026-02-15T17:53:14 IST" duration-ms="128" status="PASS">
          <reporter-output>
          </reporter-output>
        </test-method> <!-- closeBrowser -->
      </class> <!-- com.tricentis.testscript.CartModule -->
      <class name="com.tricentis.testscript.WishListModule">
        <test-method is-config="true" signature="setUp()[pri:0, instance:com.tricentis.testscript.WishListModule@33c911a1]" started-at="2026-02-15T17:52:25 IST" name="setUp" finished-at="2026-02-15T17:52:26 IST" duration-ms="532" status="PASS">
          <reporter-output>
          </reporter-output>
        </test-method> <!-- setUp -->
        <test-method is-config="true" signature="openBrowser()[pri:0, instance:com.tricentis.testscript.WishListModule@33c911a1]" started-at="2026-02-15T17:52:26 IST" name="openBrowser" finished-at="2026-02-15T17:52:29 IST" duration-ms="3667" status="PASS">
          <reporter-output>
          </reporter-output>
        </test-method> <!-- openBrowser -->
        <test-method signature="addToWishList()[pri:0, instance:com.tricentis.testscript.WishListModule@33c911a1]" started-at="2026-02-15T17:52:29 IST" name="addToWishList" finished-at="2026-02-15T17:52:31 IST" duration-ms="1475" status="FAIL">
          <exception class="org.openqa.selenium.StaleElementReferenceException">
            <message>
              <![CDATA[stale element reference: stale element not found
  (Session info: chrome=145.0.7632.46)
For documentation on this error, please visit: https://www.selenium.dev/documentation/webdriver/troubleshooting/errors#staleelementreferenceexception
Build info: version: '4.38.0', revision: '6b412e825c'
System info: os.name: 'Windows 11', os.arch: 'amd64', os.version: '10.0', java.version: '21.0.9'
Driver info: org.openqa.selenium.chrome.ChromeDriver
Command: [af68f9cd29e8a6ab081809d3a3b6f204, clickElement {id=f.154B509CF2D22C3501A97E71071DF769.d.ED23D45FB6640E158F76D036AB06D938.e.35}]
Capabilities {acceptInsecureCerts: false, browserName: chrome, browserVersion: 145.0.7632.46, chrome: {chromedriverVersion: 145.0.7632.76 (ee36f024f43a..., userDataDir: C:\Users\motil\AppData\Loca...}, fedcm:accounts: true, goog:chromeOptions: {debuggerAddress: localhost:23443}, goog:processID: 15976, networkConnectionEnabled: false, pageLoadStrategy: normal, platformName: windows, proxy: Proxy(), se:cdp: ws://localhost:23443/devtoo..., se:cdpVersion: 145.0.7632.46, setWindowRect: true, strictFileInteractability: false, timeouts: {implicit: 0, pageLoad: 300000, script: 30000}, unhandledPromptBehavior: dismiss and notify, webauthn:extension:credBlob: true, webauthn:extension:largeBlob: true, webauthn:extension:minPinLength: true, webauthn:extension:prf: true, webauthn:virtualAuthenticators: true}
Element: [[ChromeDriver: chrome on windows (af68f9cd29e8a6ab081809d3a3b6f204)] -> partial link text: Apparel & Shoes]
Session ID: af68f9cd29e8a6ab081809d3a3b6f204]]>
            </message>
            <full-stacktrace>
              <![CDATA[org.openqa.selenium.StaleElementReferenceException: stale element reference: stale element not found
  (Session info: chrome=145.0.7632.46)
For documentation on this error, please visit: https://www.selenium.dev/documentation/webdriver/troubleshooting/errors#staleelementreferenceexception
Build info: version: '4.38.0', revision: '6b412e825c'
System info: os.name: 'Windows 11', os.arch: 'amd64', os.version: '10.0', java.version: '21.0.9'
Driver info: org.openqa.selenium.chrome.ChromeDriver
Command: [af68f9cd29e8a6ab081809d3a3b6f204, clickElement {id=f.154B509CF2D22C3501A97E71071DF769.d.ED23D45FB6640E158F76D036AB06D938.e.35}]
Capabilities {acceptInsecureCerts: false, browserName: chrome, browserVersion: 145.0.7632.46, chrome: {chromedriverVersion: 145.0.7632.76 (ee36f024f43a..., userDataDir: C:\Users\motil\AppData\Loca...}, fedcm:accounts: true, goog:chromeOptions: {debuggerAddress: localhost:23443}, goog:processID: 15976, networkConnectionEnabled: false, pageLoadStrategy: normal, platformName: windows, proxy: Proxy(), se:cdp: ws://localhost:23443/devtoo..., se:cdpVersion: 145.0.7632.46, setWindowRect: true, strictFileInteractability: false, timeouts: {implicit: 0, pageLoad: 300000, script: 30000}, unhandledPromptBehavior: dismiss and notify, webauthn:extension:credBlob: true, webauthn:extension:largeBlob: true, webauthn:extension:minPinLength: true, webauthn:extension:prf: true, webauthn:virtualAuthenticators: true}
Element: [[ChromeDriver: chrome on windows (af68f9cd29e8a6ab081809d3a3b6f204)] -> partial link text: Apparel & Shoes]
Session ID: af68f9cd29e8a6ab081809d3a3b6f204
at java.base/jdk.internal.reflect.DirectConstructorHandleAccessor.newInstance(DirectConstructorHandleAccessor.java:62)
at java.base/java.lang.reflect.Constructor.newInstanceWithCaller(Constructor.java:502)
at java.base/java.lang.reflect.Constructor.newInstance(Constructor.java:486)
at org.openqa.selenium.remote.ErrorCodec.decode(ErrorCodec.java:167)
at org.openqa.selenium.remote.codec.w3c.W3CHttpResponseCodec.decode(W3CHttpResponseCodec.java:138)
at org.openqa.selenium.remote.codec.w3c.W3CHttpResponseCodec.decode(W3CHttpResponseCodec.java:50)
at org.openqa.selenium.remote.HttpCommandExecutor.execute(HttpCommandExecutor.java:215)
at org.openqa.selenium.remote.service.DriverCommandExecutor.invokeExecute(DriverCommandExecutor.java:216)
at org.openqa.selenium.remote.service.DriverCommandExecutor.execute(DriverCommandExecutor.java:174)
at org.openqa.selenium.remote.RemoteWebDriver.execute(RemoteWebDriver.java:557)
at org.openqa.selenium.remote.RemoteWebElement.execute(RemoteWebElement.java:223)
at org.openqa.selenium.remote.RemoteWebElement.click(RemoteWebElement.java:76)
at java.base/jdk.internal.reflect.DirectMethodHandleAccessor.invoke(DirectMethodHandleAccessor.java:103)
at java.base/java.lang.reflect.Method.invoke(Method.java:580)
at org.openqa.selenium.support.pagefactory.internal.LocatingElementHandler.invoke(LocatingElementHandler.java:51)
at jdk.proxy2/jdk.proxy2.$Proxy17.click(Unknown Source)
at com.tricentis.pom.HomePage.clickShoesLink(HomePage.java:88)
at com.tricentis.testscript.WishListModule.addToWishList(WishListModule.java:20)
at java.base/jdk.internal.reflect.DirectMethodHandleAccessor.invoke(DirectMethodHandleAccessor.java:103)
at java.base/java.lang.reflect.Method.invoke(Method.java:580)
at org.testng.internal.invokers.MethodInvocationHelper.invokeMethod(MethodInvocationHelper.java:141)
at org.testng.internal.invokers.TestInvoker.invokeMethod(TestInvoker.java:687)
at org.testng.internal.invokers.TestInvoker.invokeTestMethod(TestInvoker.java:230)
at org.testng.internal.invokers.MethodRunner.runInSequence(MethodRunner.java:63)
at org.testng.internal.invokers.TestInvoker$MethodInvocationAgent.invoke(TestInvoker.java:995)
at org.testng.internal.invokers.TestInvoker.invokeTestMethods(TestInvoker.java:203)
at org.testng.internal.invokers.TestMethodWorker.invokeTestMethods(TestMethodWorker.java:154)
at org.testng.internal.invokers.TestMethodWorker.run(TestMethodWorker.java:134)
at java.base/java.util.ArrayList.forEach(ArrayList.java:1596)
at org.testng.TestRunner.privateRun(TestRunner.java:741)
at org.testng.TestRunner.run(TestRunner.java:616)
at org.testng.SuiteRunner.runTest(SuiteRunner.java:421)
at org.testng.SuiteRunner.runSequentially(SuiteRunner.java:413)
at org.testng.SuiteRunner.privateRun(SuiteRunner.java:373)
at org.testng.SuiteRunner.run(SuiteRunner.java:312)
at org.testng.SuiteRunnerWorker.runSuite(SuiteRunnerWorker.java:52)
at org.testng.SuiteRunnerWorker.run(SuiteRunnerWorker.java:95)
at org.testng.TestNG.runSuitesSequentially(TestNG.java:1274)
at org.testng.TestNG.runSuitesLocally(TestNG.java:1208)
at org.testng.TestNG.runSuites(TestNG.java:1112)
at org.testng.TestNG.run(TestNG.java:1079)
at org.testng.remote.AbstractRemoteTestNG.run(AbstractRemoteTestNG.java:115)
at org.testng.remote.RemoteTestNG.initAndRun(RemoteTestNG.java:293)
at org.testng.remote.RemoteTestNG.main(RemoteTestNG.java:91)
]]>
            </full-stacktrace>
          </exception> <!-- org.openqa.selenium.StaleElementReferenceException -->
          <reporter-output>
          </reporter-output>
        </test-method> <!-- addToWishList -->
        <test-method is-config="true" signature="closeBrowser()[pri:0, instance:com.tricentis.testscript.WishListModule@33c911a1]" started-at="2026-02-15T17:52:31 IST" name="closeBrowser" finished-at="2026-02-15T17:52:31 IST" duration-ms="133" status="PASS">
          <reporter-output>
          </reporter-output>
        </test-method> <!-- closeBrowser -->
        <test-method is-config="true" signature="openBrowser()[pri:0, instance:com.tricentis.testscript.WishListModule@33c911a1]" started-at="2026-02-15T17:52:31 IST" name="openBrowser" finished-at="2026-02-15T17:52:34 IST" duration-ms="3256" status="PASS">
          <reporter-output>
          </reporter-output>
        </test-method> <!-- openBrowser -->
        <test-method signature="checkAddedProduct()[pri:0, instance:com.tricentis.testscript.WishListModule@33c911a1]" started-at="2026-02-15T17:52:34 IST" name="checkAddedProduct" finished-at="2026-02-15T17:52:40 IST" duration-ms="5721" status="PASS">
          <reporter-output>
            <line>
              <![CDATA[Blue and green Sneaker]]>
            </line>
            <line>
              <![CDATA[Blue and green Sneaker]]>
            </line>
            <line>
              <![CDATA[The product has been added to your wishlist]]>
            </line>
            <line>
              <![CDATA[name and prices match with selected product: true]]>
            </line>
            <line>
              <![CDATA[checkAddedProducthas been passed]]>
            </line>
          </reporter-output>
        </test-method> <!-- checkAddedProduct -->
        <test-method is-config="true" signature="closeBrowser()[pri:0, instance:com.tricentis.testscript.WishListModule@33c911a1]" started-at="2026-02-15T17:52:40 IST" name="closeBrowser" finished-at="2026-02-15T17:52:40 IST" duration-ms="145" status="PASS">
          <reporter-output>
          </reporter-output>
        </test-method> <!-- closeBrowser -->
        <test-method is-config="true" signature="closeSetUp()[pri:0, instance:com.tricentis.testscript.WishListModule@33c911a1]" started-at="2026-02-15T17:55:19 IST" name="closeSetUp" finished-at="2026-02-15T17:55:19 IST" duration-ms="0" status="PASS">
          <reporter-output>
          </reporter-output>
        </test-method> <!-- closeSetUp -->
      </class> <!-- com.tricentis.testscript.WishListModule -->
      <class name="com.tricentis.testscript.RegisterModule">
        <test-method is-config="true" signature="openBrowser()[pri:0, instance:com.tricentis.testscript.RegisterModule@4c39bec8]" started-at="2026-02-15T17:54:43 IST" name="openBrowser" finished-at="2026-02-15T17:54:46 IST" duration-ms="3432" status="PASS">
          <reporter-output>
          </reporter-output>
        </test-method> <!-- openBrowser -->
        <test-method signature="register_success(java.lang.String,java.lang.String,java.lang.String,java.lang.String,java.lang.String,java.lang.String)[pri:0, instance:com.tricentis.testscript.RegisterModule@4c39bec8]" started-at="2026-02-15T17:54:46 IST" name="register_success" data-provider="testCaseData" finished-at="2026-02-15T17:54:48 IST" duration-ms="1447" status="FAIL">
          <params>
            <param index="0">
              <value>
                <![CDATA[Female]]>
              </value>
            </param>
            <param index="1">
              <value>
                <![CDATA[Anu]]>
              </value>
            </param>
            <param index="2">
              <value>
                <![CDATA[Sharma]]>
              </value>
            </param>
            <param index="3">
              <value>
                <![CDATA[anu_101212@test.com]]>
              </value>
            </param>
            <param index="4">
              <value>
                <![CDATA[Test@123]]>
              </value>
            </param>
            <param index="5">
              <value>
                <![CDATA[Test@123]]>
              </value>
            </param>
          </params>
          <exception class="java.lang.AssertionError">
            <message>
              <![CDATA[expected [Your registration completed] but found [The specified email already exists]]]>
            </message>
            <full-stacktrace>
              <![CDATA[java.lang.AssertionError: expected [Your registration completed] but found [The specified email already exists]
at org.testng.Assert.fail(Assert.java:111)
at org.testng.Assert.failNotEquals(Assert.java:1590)
at org.testng.Assert.assertEqualsImpl(Assert.java:150)
at org.testng.Assert.assertEquals(Assert.java:132)
at org.testng.Assert.assertEquals(Assert.java:656)
at org.testng.Assert.assertEquals(Assert.java:666)
at com.tricentis.testscript.RegisterModule.register_success(RegisterModule.java:43)
at java.base/jdk.internal.reflect.DirectMethodHandleAccessor.invoke(DirectMethodHandleAccessor.java:103)
at java.base/java.lang.reflect.Method.invoke(Method.java:580)
at org.testng.internal.invokers.MethodInvocationHelper.invokeMethod(MethodInvocationHelper.java:141)
at org.testng.internal.invokers.TestInvoker.invokeMethod(TestInvoker.java:687)
at org.testng.internal.invokers.TestInvoker.invokeTestMethod(TestInvoker.java:230)
at org.testng.internal.invokers.MethodRunner.runInSequence(MethodRunner.java:63)
at org.testng.internal.invokers.TestInvoker$MethodInvocationAgent.invoke(TestInvoker.java:995)
at org.testng.internal.invokers.TestInvoker.invokeTestMethods(TestInvoker.java:203)
at org.testng.internal.invokers.TestMethodWorker.invokeTestMethods(TestMethodWorker.java:154)
at org.testng.internal.invokers.TestMethodWorker.run(TestMethodWorker.java:134)
at java.base/java.util.ArrayList.forEach(ArrayList.java:1596)
at org.testng.TestRunner.privateRun(TestRunner.java:741)
at org.testng.TestRunner.run(TestRunner.java:616)
at org.testng.SuiteRunner.runTest(SuiteRunner.java:421)
at org.testng.SuiteRunner.runSequentially(SuiteRunner.java:413)
at org.testng.SuiteRunner.privateRun(SuiteRunner.java:373)
at org.testng.SuiteRunner.run(SuiteRunner.java:312)
at org.testng.SuiteRunnerWorker.runSuite(SuiteRunnerWorker.java:52)
at org.testng.SuiteRunnerWorker.run(SuiteRunnerWorker.java:95)
at org.testng.TestNG.runSuitesSequentially(TestNG.java:1274)
at org.testng.TestNG.runSuitesLocally(TestNG.java:1208)
at org.testng.TestNG.runSuites(TestNG.java:1112)
at org.testng.TestNG.run(TestNG.java:1079)
at org.testng.remote.AbstractRemoteTestNG.run(AbstractRemoteTestNG.java:115)
at org.testng.remote.RemoteTestNG.initAndRun(RemoteTestNG.java:293)
at org.testng.remote.RemoteTestNG.main(RemoteTestNG.java:91)
]]>
            </full-stacktrace>
          </exception> <!-- java.lang.AssertionError -->
          <reporter-output>
          </reporter-output>
        </test-method> <!-- register_success -->
        <test-method is-config="true" signature="closeBrowser()[pri:0, instance:com.tricentis.testscript.RegisterModule@4c39bec8]" started-at="2026-02-15T17:54:48 IST" name="closeBrowser" finished-at="2026-02-15T17:54:48 IST" duration-ms="135" status="PASS">
          <reporter-output>
          </reporter-output>
        </test-method> <!-- closeBrowser -->
        <test-method is-config="true" signature="openBrowser()[pri:0, instance:com.tricentis.testscript.RegisterModule@4c39bec8]" started-at="2026-02-15T17:54:48 IST" name="openBrowser" finished-at="2026-02-15T17:54:51 IST" duration-ms="3402" status="PASS">
          <reporter-output>
          </reporter-output>
        </test-method> <!-- openBrowser -->
        <test-method signature="register_success(java.lang.String,java.lang.String,java.lang.String,java.lang.String,java.lang.String,java.lang.String)[pri:0, instance:com.tricentis.testscript.RegisterModule@4c39bec8]" started-at="2026-02-15T17:54:51 IST" name="register_success" data-provider="testCaseData" finished-at="2026-02-15T17:54:53 IST" duration-ms="1343" status="FAIL">
          <params>
            <param index="0">
              <value>
                <![CDATA[Male]]>
              </value>
            </param>
            <param index="1">
              <value>
                <![CDATA[Ravi]]>
              </value>
            </param>
            <param index="2">
              <value>
                <![CDATA[Kumar]]>
              </value>
            </param>
            <param index="3">
              <value>
                <![CDATA[ravi_1023232@test.com]]>
              </value>
            </param>
            <param index="4">
              <value>
                <![CDATA[Test@123]]>
              </value>
            </param>
            <param index="5">
              <value>
                <![CDATA[Test@123]]>
              </value>
            </param>
          </params>
          <exception class="org.openqa.selenium.StaleElementReferenceException">
            <message>
              <![CDATA[stale element reference: stale element not found
  (Session info: chrome=145.0.7632.46)
For documentation on this error, please visit: https://www.selenium.dev/documentation/webdriver/troubleshooting/errors#staleelementreferenceexception
Build info: version: '4.38.0', revision: '6b412e825c'
System info: os.name: 'Windows 11', os.arch: 'amd64', os.version: '10.0', java.version: '21.0.9'
Driver info: org.openqa.selenium.chrome.ChromeDriver
Command: [c066084e1ec1d2b7e9577e006b3b2a7d, getElementText {id=f.94CDAD9097986084A75DD104D6FEEFE6.d.E4568A3013939C4A1ABFAEBB254D3B62.e.42}]
Capabilities {acceptInsecureCerts: false, browserName: chrome, browserVersion: 145.0.7632.46, chrome: {chromedriverVersion: 145.0.7632.76 (ee36f024f43a..., userDataDir: C:\Users\motil\AppData\Loca...}, fedcm:accounts: true, goog:chromeOptions: {debuggerAddress: localhost:47980}, goog:processID: 25460, networkConnectionEnabled: false, pageLoadStrategy: normal, platformName: windows, proxy: Proxy(), se:cdp: ws://localhost:47980/devtoo..., se:cdpVersion: 145.0.7632.46, setWindowRect: true, strictFileInteractability: false, timeouts: {implicit: 0, pageLoad: 300000, script: 30000}, unhandledPromptBehavior: dismiss and notify, webauthn:extension:credBlob: true, webauthn:extension:largeBlob: true, webauthn:extension:minPinLength: true, webauthn:extension:prf: true, webauthn:virtualAuthenticators: true}
Element: [[ChromeDriver: chrome on windows (c066084e1ec1d2b7e9577e006b3b2a7d)] -> xpath: //div[@class='page-body']/div[1]]
Session ID: c066084e1ec1d2b7e9577e006b3b2a7d]]>
            </message>
            <full-stacktrace>
              <![CDATA[org.openqa.selenium.StaleElementReferenceException: stale element reference: stale element not found
  (Session info: chrome=145.0.7632.46)
For documentation on this error, please visit: https://www.selenium.dev/documentation/webdriver/troubleshooting/errors#staleelementreferenceexception
Build info: version: '4.38.0', revision: '6b412e825c'
System info: os.name: 'Windows 11', os.arch: 'amd64', os.version: '10.0', java.version: '21.0.9'
Driver info: org.openqa.selenium.chrome.ChromeDriver
Command: [c066084e1ec1d2b7e9577e006b3b2a7d, getElementText {id=f.94CDAD9097986084A75DD104D6FEEFE6.d.E4568A3013939C4A1ABFAEBB254D3B62.e.42}]
Capabilities {acceptInsecureCerts: false, browserName: chrome, browserVersion: 145.0.7632.46, chrome: {chromedriverVersion: 145.0.7632.76 (ee36f024f43a..., userDataDir: C:\Users\motil\AppData\Loca...}, fedcm:accounts: true, goog:chromeOptions: {debuggerAddress: localhost:47980}, goog:processID: 25460, networkConnectionEnabled: false, pageLoadStrategy: normal, platformName: windows, proxy: Proxy(), se:cdp: ws://localhost:47980/devtoo..., se:cdpVersion: 145.0.7632.46, setWindowRect: true, strictFileInteractability: false, timeouts: {implicit: 0, pageLoad: 300000, script: 30000}, unhandledPromptBehavior: dismiss and notify, webauthn:extension:credBlob: true, webauthn:extension:largeBlob: true, webauthn:extension:minPinLength: true, webauthn:extension:prf: true, webauthn:virtualAuthenticators: true}
Element: [[ChromeDriver: chrome on windows (c066084e1ec1d2b7e9577e006b3b2a7d)] -> xpath: //div[@class='page-body']/div[1]]
Session ID: c066084e1ec1d2b7e9577e006b3b2a7d
at java.base/jdk.internal.reflect.DirectConstructorHandleAccessor.newInstance(DirectConstructorHandleAccessor.java:62)
at java.base/java.lang.reflect.Constructor.newInstanceWithCaller(Constructor.java:502)
at java.base/java.lang.reflect.Constructor.newInstance(Constructor.java:486)
at org.openqa.selenium.remote.ErrorCodec.decode(ErrorCodec.java:167)
at org.openqa.selenium.remote.codec.w3c.W3CHttpResponseCodec.decode(W3CHttpResponseCodec.java:138)
at org.openqa.selenium.remote.codec.w3c.W3CHttpResponseCodec.decode(W3CHttpResponseCodec.java:50)
at org.openqa.selenium.remote.HttpCommandExecutor.execute(HttpCommandExecutor.java:215)
at org.openqa.selenium.remote.service.DriverCommandExecutor.invokeExecute(DriverCommandExecutor.java:216)
at org.openqa.selenium.remote.service.DriverCommandExecutor.execute(DriverCommandExecutor.java:174)
at org.openqa.selenium.remote.RemoteWebDriver.execute(RemoteWebDriver.java:557)
at org.openqa.selenium.remote.RemoteWebElement.execute(RemoteWebElement.java:223)
at org.openqa.selenium.remote.RemoteWebElement.getText(RemoteWebElement.java:191)
at java.base/jdk.internal.reflect.DirectMethodHandleAccessor.invoke(DirectMethodHandleAccessor.java:103)
at java.base/java.lang.reflect.Method.invoke(Method.java:580)
at org.openqa.selenium.support.pagefactory.internal.LocatingElementHandler.invoke(LocatingElementHandler.java:51)
at jdk.proxy2/jdk.proxy2.$Proxy17.getText(Unknown Source)
at com.tricentis.pom.RegisterPage.getRegisterSuccessMessage(RegisterPage.java:106)
at com.tricentis.testscript.RegisterModule.register_success(RegisterModule.java:42)
at java.base/jdk.internal.reflect.DirectMethodHandleAccessor.invoke(DirectMethodHandleAccessor.java:103)
at java.base/java.lang.reflect.Method.invoke(Method.java:580)
at org.testng.internal.invokers.MethodInvocationHelper.invokeMethod(MethodInvocationHelper.java:141)
at org.testng.internal.invokers.TestInvoker.invokeMethod(TestInvoker.java:687)
at org.testng.internal.invokers.TestInvoker.invokeTestMethod(TestInvoker.java:230)
at org.testng.internal.invokers.MethodRunner.runInSequence(MethodRunner.java:63)
at org.testng.internal.invokers.TestInvoker$MethodInvocationAgent.invoke(TestInvoker.java:995)
at org.testng.internal.invokers.TestInvoker.invokeTestMethods(TestInvoker.java:203)
at org.testng.internal.invokers.TestMethodWorker.invokeTestMethods(TestMethodWorker.java:154)
at org.testng.internal.invokers.TestMethodWorker.run(TestMethodWorker.java:134)
at java.base/java.util.ArrayList.forEach(ArrayList.java:1596)
at org.testng.TestRunner.privateRun(TestRunner.java:741)
at org.testng.TestRunner.run(TestRunner.java:616)
at org.testng.SuiteRunner.runTest(SuiteRunner.java:421)
at org.testng.SuiteRunner.runSequentially(SuiteRunner.java:413)
at org.testng.SuiteRunner.privateRun(SuiteRunner.java:373)
at org.testng.SuiteRunner.run(SuiteRunner.java:312)
at org.testng.SuiteRunnerWorker.runSuite(SuiteRunnerWorker.java:52)
at org.testng.SuiteRunnerWorker.run(SuiteRunnerWorker.java:95)
at org.testng.TestNG.runSuitesSequentially(TestNG.java:1274)
at org.testng.TestNG.runSuitesLocally(TestNG.java:1208)
at org.testng.TestNG.runSuites(TestNG.java:1112)
at org.testng.TestNG.run(TestNG.java:1079)
at org.testng.remote.AbstractRemoteTestNG.run(AbstractRemoteTestNG.java:115)
at org.testng.remote.RemoteTestNG.initAndRun(RemoteTestNG.java:293)
at org.testng.remote.RemoteTestNG.main(RemoteTestNG.java:91)
]]>
            </full-stacktrace>
          </exception> <!-- org.openqa.selenium.StaleElementReferenceException -->
          <reporter-output>
          </reporter-output>
        </test-method> <!-- register_success -->
        <test-method is-config="true" signature="closeBrowser()[pri:0, instance:com.tricentis.testscript.RegisterModule@4c39bec8]" started-at="2026-02-15T17:54:53 IST" name="closeBrowser" finished-at="2026-02-15T17:54:53 IST" duration-ms="106" status="PASS">
          <reporter-output>
          </reporter-output>
        </test-method> <!-- closeBrowser -->
        <test-method is-config="true" signature="openBrowser()[pri:0, instance:com.tricentis.testscript.RegisterModule@4c39bec8]" started-at="2026-02-15T17:54:53 IST" name="openBrowser" finished-at="2026-02-15T17:54:56 IST" duration-ms="3215" status="PASS">
          <reporter-output>
          </reporter-output>
        </test-method> <!-- openBrowser -->
        <test-method signature="register_validation(java.lang.String,java.lang.String,java.lang.String,java.lang.String,java.lang.String,java.lang.String,java.lang.String)[pri:0, instance:com.tricentis.testscript.RegisterModule@4c39bec8]" started-at="2026-02-15T17:54:56 IST" name="register_validation" data-provider="testCaseData" finished-at="2026-02-15T17:54:57 IST" duration-ms="872" status="PASS">
          <params>
            <param index="0">
              <value>
                <![CDATA[Male]]>
              </value>
            </param>
            <param index="1">
              <value>
                <![CDATA[]]>
              </value>
            </param>
            <param index="2">
              <value>
                <![CDATA[Shah]]>
              </value>
            </param>
            <param index="3">
              <value>
                <![CDATA[karan@test.com]]>
              </value>
            </param>
            <param index="4">
              <value>
                <![CDATA[Test@123]]>
              </value>
            </param>
            <param index="5">
              <value>
                <![CDATA[Test@123]]>
              </value>
            </param>
            <param index="6">
              <value>
                <![CDATA[First name is required.]]>
              </value>
            </param>
          </params>
          <reporter-output>
            <line>
              <![CDATA[register_validationhas been passed]]>
            </line>
          </reporter-output>
        </test-method> <!-- register_validation -->
        <test-method is-config="true" signature="closeBrowser()[pri:0, instance:com.tricentis.testscript.RegisterModule@4c39bec8]" started-at="2026-02-15T17:54:57 IST" name="closeBrowser" finished-at="2026-02-15T17:54:57 IST" duration-ms="121" status="PASS">
          <reporter-output>
          </reporter-output>
        </test-method> <!-- closeBrowser -->
        <test-method is-config="true" signature="openBrowser()[pri:0, instance:com.tricentis.testscript.RegisterModule@4c39bec8]" started-at="2026-02-15T17:54:57 IST" name="openBrowser" finished-at="2026-02-15T17:55:01 IST" duration-ms="3538" status="PASS">
          <reporter-output>
          </reporter-output>
        </test-method> <!-- openBrowser -->
        <test-method signature="register_validation(java.lang.String,java.lang.String,java.lang.String,java.lang.String,java.lang.String,java.lang.String,java.lang.String)[pri:0, instance:com.tricentis.testscript.RegisterModule@4c39bec8]" started-at="2026-02-15T17:55:01 IST" name="register_validation" data-provider="testCaseData" finished-at="2026-02-15T17:55:02 IST" duration-ms="885" status="PASS">
          <params>
            <param index="0">
              <value>
                <![CDATA[Female]]>
              </value>
            </param>
            <param index="1">
              <value>
                <![CDATA[Riya]]>
              </value>
            </param>
            <param index="2">
              <value>
                <![CDATA[]]>
              </value>
            </param>
            <param index="3">
              <value>
                <![CDATA[riya@test.com]]>
              </value>
            </param>
            <param index="4">
              <value>
                <![CDATA[Test@123]]>
              </value>
            </param>
            <param index="5">
              <value>
                <![CDATA[Test@123]]>
              </value>
            </param>
            <param index="6">
              <value>
                <![CDATA[Last name is required.]]>
              </value>
            </param>
          </params>
          <reporter-output>
            <line>
              <![CDATA[register_validationhas been passed]]>
            </line>
          </reporter-output>
        </test-method> <!-- register_validation -->
        <test-method is-config="true" signature="closeBrowser()[pri:0, instance:com.tricentis.testscript.RegisterModule@4c39bec8]" started-at="2026-02-15T17:55:02 IST" name="closeBrowser" finished-at="2026-02-15T17:55:02 IST" duration-ms="142" status="PASS">
          <reporter-output>
          </reporter-output>
        </test-method> <!-- closeBrowser -->
        <test-method is-config="true" signature="openBrowser()[pri:0, instance:com.tricentis.testscript.RegisterModule@4c39bec8]" started-at="2026-02-15T17:55:02 IST" name="openBrowser" finished-at="2026-02-15T17:55:05 IST" duration-ms="3338" status="PASS">
          <reporter-output>
          </reporter-output>
        </test-method> <!-- openBrowser -->
        <test-method signature="register_validation(java.lang.String,java.lang.String,java.lang.String,java.lang.String,java.lang.String,java.lang.String,java.lang.String)[pri:0, instance:com.tricentis.testscript.RegisterModule@4c39bec8]" started-at="2026-02-15T17:55:05 IST" name="register_validation" data-provider="testCaseData" finished-at="2026-02-15T17:55:06 IST" duration-ms="873" status="PASS">
          <params>
            <param index="0">
              <value>
                <![CDATA[Male]]>
              </value>
            </param>
            <param index="1">
              <value>
                <![CDATA[Amit]]>
              </value>
            </param>
            <param index="2">
              <value>
                <![CDATA[Verma]]>
              </value>
            </param>
            <param index="3">
              <value>
                <![CDATA[]]>
              </value>
            </param>
            <param index="4">
              <value>
                <![CDATA[Test@123]]>
              </value>
            </param>
            <param index="5">
              <value>
                <![CDATA[Test@123]]>
              </value>
            </param>
            <param index="6">
              <value>
                <![CDATA[Email is required.]]>
              </value>
            </param>
          </params>
          <reporter-output>
            <line>
              <![CDATA[register_validationhas been passed]]>
            </line>
          </reporter-output>
        </test-method> <!-- register_validation -->
        <test-method is-config="true" signature="closeBrowser()[pri:0, instance:com.tricentis.testscript.RegisterModule@4c39bec8]" started-at="2026-02-15T17:55:06 IST" name="closeBrowser" finished-at="2026-02-15T17:55:06 IST" duration-ms="119" status="PASS">
          <reporter-output>
          </reporter-output>
        </test-method> <!-- closeBrowser -->
        <test-method is-config="true" signature="openBrowser()[pri:0, instance:com.tricentis.testscript.RegisterModule@4c39bec8]" started-at="2026-02-15T17:55:06 IST" name="openBrowser" finished-at="2026-02-15T17:55:09 IST" duration-ms="3092" status="PASS">
          <reporter-output>
          </reporter-output>
        </test-method> <!-- openBrowser -->
        <test-method signature="register_validation(java.lang.String,java.lang.String,java.lang.String,java.lang.String,java.lang.String,java.lang.String,java.lang.String)[pri:0, instance:com.tricentis.testscript.RegisterModule@4c39bec8]" started-at="2026-02-15T17:55:09 IST" name="register_validation" data-provider="testCaseData" finished-at="2026-02-15T17:55:10 IST" duration-ms="863" status="PASS">
          <params>
            <param index="0">
              <value>
                <![CDATA[Female]]>
              </value>
            </param>
            <param index="1">
              <value>
                <![CDATA[Neha]]>
              </value>
            </param>
            <param index="2">
              <value>
                <![CDATA[Roy]]>
              </value>
            </param>
            <param index="3">
              <value>
                <![CDATA[neha@test.com]]>
              </value>
            </param>
            <param index="4">
              <value>
                <![CDATA[]]>
              </value>
            </param>
            <param index="5">
              <value>
                <![CDATA[123.0]]>
              </value>
            </param>
            <param index="6">
              <value>
                <![CDATA[Password is required.]]>
              </value>
            </param>
          </params>
          <reporter-output>
            <line>
              <![CDATA[register_validationhas been passed]]>
            </line>
          </reporter-output>
        </test-method> <!-- register_validation -->
        <test-method is-config="true" signature="closeBrowser()[pri:0, instance:com.tricentis.testscript.RegisterModule@4c39bec8]" started-at="2026-02-15T17:55:10 IST" name="closeBrowser" finished-at="2026-02-15T17:55:10 IST" duration-ms="120" status="PASS">
          <reporter-output>
          </reporter-output>
        </test-method> <!-- closeBrowser -->
        <test-method is-config="true" signature="openBrowser()[pri:0, instance:com.tricentis.testscript.RegisterModule@4c39bec8]" started-at="2026-02-15T17:55:10 IST" name="openBrowser" finished-at="2026-02-15T17:55:13 IST" duration-ms="3266" status="PASS">
          <reporter-output>
          </reporter-output>
        </test-method> <!-- openBrowser -->
        <test-method signature="register_validation(java.lang.String,java.lang.String,java.lang.String,java.lang.String,java.lang.String,java.lang.String,java.lang.String)[pri:0, instance:com.tricentis.testscript.RegisterModule@4c39bec8]" started-at="2026-02-15T17:55:13 IST" name="register_validation" data-provider="testCaseData" finished-at="2026-02-15T17:55:14 IST" duration-ms="891" status="PASS">
          <params>
            <param index="0">
              <value>
                <![CDATA[Male]]>
              </value>
            </param>
            <param index="1">
              <value>
                <![CDATA[Arjun]]>
              </value>
            </param>
            <param index="2">
              <value>
                <![CDATA[Das]]>
              </value>
            </param>
            <param index="3">
              <value>
                <![CDATA[arjun@test.com]]>
              </value>
            </param>
            <param index="4">
              <value>
                <![CDATA[Test@123]]>
              </value>
            </param>
            <param index="5">
              <value>
                <![CDATA[]]>
              </value>
            </param>
            <param index="6">
              <value>
                <![CDATA[Password is required.]]>
              </value>
            </param>
          </params>
          <reporter-output>
            <line>
              <![CDATA[register_validationhas been passed]]>
            </line>
          </reporter-output>
        </test-method> <!-- register_validation -->
        <test-method is-config="true" signature="closeBrowser()[pri:0, instance:com.tricentis.testscript.RegisterModule@4c39bec8]" started-at="2026-02-15T17:55:14 IST" name="closeBrowser" finished-at="2026-02-15T17:55:14 IST" duration-ms="123" status="PASS">
          <reporter-output>
          </reporter-output>
        </test-method> <!-- closeBrowser -->
        <test-method is-config="true" signature="openBrowser()[pri:0, instance:com.tricentis.testscript.RegisterModule@4c39bec8]" started-at="2026-02-15T17:55:14 IST" name="openBrowser" finished-at="2026-02-15T17:55:18 IST" duration-ms="3567" status="PASS">
          <reporter-output>
          </reporter-output>
        </test-method> <!-- openBrowser -->
        <test-method signature="register_validation(java.lang.String,java.lang.String,java.lang.String,java.lang.String,java.lang.String,java.lang.String,java.lang.String)[pri:0, instance:com.tricentis.testscript.RegisterModule@4c39bec8]" started-at="2026-02-15T17:55:18 IST" name="register_validation" data-provider="testCaseData" finished-at="2026-02-15T17:55:19 IST" duration-ms="902" status="PASS">
          <params>
            <param index="0">
              <value>
                <![CDATA[Male]]>
              </value>
            </param>
            <param index="1">
              <value>
                <![CDATA[Arjun]]>
              </value>
            </param>
            <param index="2">
              <value>
                <![CDATA[Das]]>
              </value>
            </param>
            <param index="3">
              <value>
                <![CDATA[arjun@test.com]]>
              </value>
            </param>
            <param index="4">
              <value>
                <![CDATA[Test@124]]>
              </value>
            </param>
            <param index="5">
              <value>
                <![CDATA[Test@4234234]]>
              </value>
            </param>
            <param index="6">
              <value>
                <![CDATA[The password and confirmation password do not match.]]>
              </value>
            </param>
          </params>
          <reporter-output>
            <line>
              <![CDATA[register_validationhas been passed]]>
            </line>
          </reporter-output>
        </test-method> <!-- register_validation -->
        <test-method is-config="true" signature="closeBrowser()[pri:0, instance:com.tricentis.testscript.RegisterModule@4c39bec8]" started-at="2026-02-15T17:55:19 IST" name="closeBrowser" finished-at="2026-02-15T17:55:19 IST" duration-ms="104" status="PASS">
          <reporter-output>
          </reporter-output>
        </test-method> <!-- closeBrowser -->
      </class> <!-- com.tricentis.testscript.RegisterModule -->
    </test> <!-- Test -->
  </suite> <!-- Suite -->
</testng-results>
