<?xml version="1.0" encoding="UTF-8"?>
<!-- Generated by org.testng.reporters.JUnitReportReporter -->
<testsuite hostname="satyam" failures="0" tests="5" name="com.tricentis.testscript.LoginModule" time="53.493" errors="0" timestamp="2026-02-15T17:55:19 IST" skipped="0">
  <testcase classname="com.tricentis.testscript.LoginModule" name="loginWithInvalidCred" time="14.567">
    <system-out>
      <![CDATA[loginWithInvalidCredhas been passed]]>
    </system-out>
  </testcase> <!-- loginWithInvalidCred -->
  <testcase classname="com.tricentis.testscript.LoginModule" name="loginWithInvalidCred" time="14.068">
    <system-out>
      <![CDATA[loginWithInvalidCredhas been passed]]>
    </system-out>
  </testcase> <!-- loginWithInvalidCred -->
  <testcase classname="com.tricentis.testscript.LoginModule" name="loginSuccess" time="5.065">
    <system-out>
      <![CDATA[loginSuccesshas been passed]]>
    </system-out>
  </testcase> <!-- loginSuccess -->
  <testcase classname="com.tricentis.testscript.LoginModule" name="loginWithInvalidCred" time="14.616">
    <system-out>
      <![CDATA[loginWithInvalidCredhas been passed]]>
    </system-out>
  </testcase> <!-- loginWithInvalidCred -->
  <testcase classname="com.tricentis.testscript.LoginModule" name="loginSuccess" time="5.177">
    <system-out>
      <![CDATA[loginSuccesshas been passed]]>
    </system-out>
  </testcase> <!-- loginSuccess -->
  <system-out>
    <![CDATA[Blue and green Sneaker
Blue and green Sneaker
The product has been added to your wishlist
name and prices match with selected product: true
checkAddedProducthas been passed
name and prices match with selected product: true
Tc3 Passed
checkAddedProducthas been passed
The product has been added to your shopping cart
Tc1 Pssed
clickOnAddToCarthas been passed
Tc2 passed
verifyCartProductWithSelectedProducthas been passed
enquiryhas been passed
loginSuccesshas been passed
loginSuccesshas been passed
loginWithInvalidCredhas been passed
loginWithInvalidCredhas been passed
loginWithInvalidCredhas been passed
vrifyReviewProducthas been passed
register_validationhas been passed
register_validationhas been passed
register_validationhas been passed
register_validationhas been passed
register_validationhas been passed
register_validationhas been passed]]>
  </system-out>
</testsuite> <!-- com.tricentis.testscript.LoginModule -->
